<!-- PIL: 'CLI' Site ID: 'BUF' Recent: 'yes' Date: '' Specdate: '' --><html><head>
    <title>National Weather Service - Climate Data</title>
    <style>
    select {
        background-color: #FFFFB3;
    }
    </style>
    <script language="JavaScript">
    function swapURL() {
        // make sure a new date was chosen
        if (document.myProd.specdate.options[document.myProd.specdate.selectedIndex].value != "") {
            // all good
            // return true;
            document.myProd.submit();
        } else {
            alert("Please chhose a valid date/time first.");
            return false;
        }
    }
    </script>
</head>

        <body><table cellspacing="0" cellpadding="0" border="0">
        <tbody><tr>
            <td bgcolor="#A4A9FF">

            <table cellspacing="0" cellpadding="10" border="1" bgcolor="#A4A9FF">
            <form name="myProd" action="/climate/getclimate.php" method="get"></form>
            <input type="hidden" name="date" value="">
            <input type="hidden" name="wfo" value="buf">
            <input type="hidden" name="sid" value="BUF">
            <input type="hidden" name="pil" value="CLI">
            <input type="hidden" name="recent" value="yes">
            <tbody><tr>
                <td>
                <select name="specdate" onchange="return swapURL()">
                    <option value="" selected=""> Select Other Date</option>
                    <option value="2014-04-09 07:05:29"> Apr 9th, 2014 03:05:29 EDT</option>
<option value="2014-04-09 10:27:04"> Apr 9th, 2014 06:27:04 EDT</option>
<option value="2014-04-09 20:41:53"> Apr 9th, 2014 16:41:53 EDT</option>
<option value="2014-04-10 07:05:23"> Apr 10th, 2014 03:05:23 EDT</option>
<option value="2014-04-10 10:20:28"> Apr 10th, 2014 06:20:28 EDT</option>
<option value="2014-04-10 20:54:27"> Apr 10th, 2014 16:54:27 EDT</option>
<option value="2014-04-11 07:05:32"> Apr 11th, 2014 03:05:32 EDT</option>
<option value="2014-04-11 10:13:11"> Apr 11th, 2014 06:13:11 EDT</option>
<option value="2014-04-11 20:49:48"> Apr 11th, 2014 16:49:48 EDT</option>
<option value="2014-04-12 07:05:31"> Apr 12th, 2014 03:05:31 EDT</option>
<option value="2014-04-12 10:17:58"> Apr 12th, 2014 06:17:58 EDT</option>
<option value="2014-04-12 20:57:20"> Apr 12th, 2014 16:57:20 EDT</option>
<option value="2014-04-13 07:05:28"> Apr 13th, 2014 03:05:28 EDT</option>
<option value="2014-04-13 10:15:20"> Apr 13th, 2014 06:15:20 EDT</option>
<option value="2014-04-13 20:56:51"> Apr 13th, 2014 16:56:51 EDT</option>
<option value="2014-04-14 07:05:32"> Apr 14th, 2014 03:05:32 EDT</option>
<option value="2014-04-14 10:20:28"> Apr 14th, 2014 06:20:28 EDT</option>
<option value="2014-04-14 20:55:32"> Apr 14th, 2014 16:55:32 EDT</option>
<option value="2014-04-15 07:05:40"> Apr 15th, 2014 03:05:40 EDT</option>
<option value="2014-04-15 10:18:15"> Apr 15th, 2014 06:18:15 EDT</option>
<option value="2014-04-15 21:03:28"> Apr 15th, 2014 17:03:28 EDT</option>
<option value="2014-04-16 07:05:31"> Apr 16th, 2014 03:05:31 EDT</option>
<option value="2014-04-16 11:17:15"> Apr 16th, 2014 07:17:15 EDT</option>
<option value="2014-04-16 21:11:46"> Apr 16th, 2014 17:11:46 EDT</option>
<option value="2014-04-17 07:05:26"> Apr 17th, 2014 03:05:26 EDT</option>
<option value="2014-04-17 10:06:47"> Apr 17th, 2014 06:06:47 EDT</option>
<option value="2014-04-17 20:59:31"> Apr 17th, 2014 16:59:31 EDT</option>
<option value="2014-04-18 07:05:29"> Apr 18th, 2014 03:05:29 EDT</option>
<option value="2014-04-18 10:15:24"> Apr 18th, 2014 06:15:24 EDT</option>
<option value="2014-04-18 20:49:18"> Apr 18th, 2014 16:49:18 EDT</option>
<option value="2014-04-19 07:05:26"> Apr 19th, 2014 03:05:26 EDT</option>
<option value="2014-04-19 10:16:21"> Apr 19th, 2014 06:16:21 EDT</option>
<option value="2014-04-19 20:32:43"> Apr 19th, 2014 16:32:43 EDT</option>
<option value="2014-04-20 07:05:40"> Apr 20th, 2014 03:05:40 EDT</option>
<option value="2014-04-20 10:15:36"> Apr 20th, 2014 06:15:36 EDT</option>
<option value="2014-04-20 20:50:44"> Apr 20th, 2014 16:50:44 EDT</option>
<option value="2014-04-21 07:05:26"> Apr 21st, 2014 03:05:26 EDT</option>
<option value="2014-04-21 10:14:57"> Apr 21st, 2014 06:14:57 EDT</option>
<option value="2014-04-21 20:51:12"> Apr 21st, 2014 16:51:12 EDT</option>
<option value="2014-04-22 07:05:25"> Apr 22nd, 2014 03:05:25 EDT</option>
<option value="2014-04-22 10:01:00"> Apr 22nd, 2014 06:01:00 EDT</option>
<option value="2014-04-22 21:03:51"> Apr 22nd, 2014 17:03:51 EDT</option>
<option value="2014-04-23 07:05:34"> Apr 23rd, 2014 03:05:34 EDT</option>
<option value="2014-04-23 10:15:10"> Apr 23rd, 2014 06:15:10 EDT</option>
<option value="2014-04-23 20:38:47"> Apr 23rd, 2014 16:38:47 EDT</option>
<option value="2014-04-24 07:05:33"> Apr 24th, 2014 03:05:33 EDT</option>
<option value="2014-04-24 10:04:34"> Apr 24th, 2014 06:04:34 EDT</option>
<option value="2014-04-24 20:56:56"> Apr 24th, 2014 16:56:56 EDT</option>
<option value="2014-04-25 07:05:27"> Apr 25th, 2014 03:05:27 EDT</option>
<option value="2014-04-25 10:02:19"> Apr 25th, 2014 06:02:19 EDT</option>
<option value="2014-04-25 20:17:42"> Apr 25th, 2014 16:17:42 EDT</option>
<option value="2014-04-26 07:05:23"> Apr 26th, 2014 03:05:23 EDT</option>
<option value="2014-04-26 10:06:51"> Apr 26th, 2014 06:06:51 EDT</option>
<option value="2014-04-26 20:44:04"> Apr 26th, 2014 16:44:04 EDT</option>
<option value="2014-04-27 07:05:34"> Apr 27th, 2014 03:05:34 EDT</option>
<option value="2014-04-27 10:04:41"> Apr 27th, 2014 06:04:41 EDT</option>
<option value="2014-04-27 20:27:55"> Apr 27th, 2014 16:27:55 EDT</option>
<option value="2014-04-28 07:05:26"> Apr 28th, 2014 03:05:26 EDT</option>
<option value="2014-04-28 10:06:16"> Apr 28th, 2014 06:06:16 EDT</option>
<option value="2014-04-28 20:37:23"> Apr 28th, 2014 16:37:23 EDT</option>
<option value="2014-04-29 07:05:27"> Apr 29th, 2014 03:05:27 EDT</option>
<option value="2014-04-29 10:19:53"> Apr 29th, 2014 06:19:53 EDT</option>
<option value="2014-04-29 20:48:31"> Apr 29th, 2014 16:48:31 EDT</option>
<option value="2014-04-30 07:05:31"> Apr 30th, 2014 03:05:31 EDT</option>
<option value="2014-04-30 10:19:44"> Apr 30th, 2014 06:19:44 EDT</option>
<option value="2014-04-30 20:53:53"> Apr 30th, 2014 16:53:53 EDT</option>
<option value="2014-05-01 07:05:24"> May 1st, 2014 03:05:24 EDT</option>
<option value="2014-05-01 07:05:25"> May 1st, 2014 03:05:25 EDT</option>
<option value="2014-05-01 10:12:50"> May 1st, 2014 06:12:50 EDT</option>
<option value="2014-05-01 10:12:56"> May 1st, 2014 06:12:56 EDT</option>
<option value="2014-05-01 20:45:13"> May 1st, 2014 16:45:13 EDT</option>
<option value="2014-05-01 20:45:13"> May 1st, 2014 16:45:13 EDT</option>
<option value="2014-05-02 07:05:32"> May 2nd, 2014 03:05:32 EDT</option>
<option value="2014-05-02 07:05:33"> May 2nd, 2014 03:05:33 EDT</option>
<option value="2014-05-02 10:16:10"> May 2nd, 2014 06:16:10 EDT</option>
<option value="2014-05-02 10:16:18"> May 2nd, 2014 06:16:18 EDT</option>
<option value="2014-05-02 20:42:48"> May 2nd, 2014 16:42:48 EDT</option>
<option value="2014-05-02 20:42:48"> May 2nd, 2014 16:42:48 EDT</option>
<option value="2014-05-03 07:05:32"> May 3rd, 2014 03:05:32 EDT</option>
<option value="2014-05-03 10:15:49"> May 3rd, 2014 06:15:49 EDT</option>
<option value="2014-05-03 10:15:55"> May 3rd, 2014 06:15:55 EDT</option>
<option value="2014-05-03 20:27:51"> May 3rd, 2014 16:27:51 EDT</option>
<option value="2014-05-03 20:27:52"> May 3rd, 2014 16:27:52 EDT</option>
<option value="2014-05-04 07:05:28"> May 4th, 2014 03:05:28 EDT</option>
<option value="2014-05-04 07:05:28"> May 4th, 2014 03:05:28 EDT</option>
<option value="2014-05-04 10:21:58"> May 4th, 2014 06:21:58 EDT</option>
<option value="2014-05-04 20:52:46"> May 4th, 2014 16:52:46 EDT</option>
<option value="2014-05-05 07:05:27"> May 5th, 2014 03:05:27 EDT</option>
<option value="2014-05-05 07:05:42"> May 5th, 2014 03:05:42 EDT</option>
<option value="2014-05-05 10:19:37"> May 5th, 2014 06:19:37 EDT</option>
<option value="2014-05-05 10:19:43"> May 5th, 2014 06:19:43 EDT</option>
<option value="2014-05-05 20:43:18"> May 5th, 2014 16:43:18 EDT</option>
<option value="2014-05-05 20:43:26"> May 5th, 2014 16:43:26 EDT</option>
<option value="2014-05-06 07:05:26"> May 6th, 2014 03:05:26 EDT</option>
<option value="2014-05-06 07:05:32"> May 6th, 2014 03:05:32 EDT</option>
<option value="2014-05-06 10:09:31"> May 6th, 2014 06:09:31 EDT</option>
<option value="2014-05-06 10:09:32"> May 6th, 2014 06:09:32 EDT</option>
<option value="2014-05-06 20:50:18"> May 6th, 2014 16:50:18 EDT</option>
<option value="2014-05-06 20:50:18"> May 6th, 2014 16:50:18 EDT</option>
<option value="2014-05-07 07:05:33"> May 7th, 2014 03:05:33 EDT</option>
<option value="2014-05-07 07:05:40"> May 7th, 2014 03:05:40 EDT</option>
<option value="2014-05-07 10:14:37"> May 7th, 2014 06:14:37 EDT</option>
<option value="2014-05-07 10:14:50"> May 7th, 2014 06:14:50 EDT</option>
<option value="2014-05-07 20:46:16"> May 7th, 2014 16:46:16 EDT</option>
<option value="2014-05-07 20:46:16"> May 7th, 2014 16:46:16 EDT</option>
<option value="2014-05-08 07:05:40"> May 8th, 2014 03:05:40 EDT</option>
<option value="2014-05-08 07:05:47"> May 8th, 2014 03:05:47 EDT</option>
<option value="2014-05-08 10:08:28"> May 8th, 2014 06:08:28 EDT</option>
<option value="2014-05-08 20:31:18"> May 8th, 2014 16:31:18 EDT</option>
<option value="2014-05-08 20:31:20"> May 8th, 2014 16:31:20 EDT</option>
<option value="2014-05-09 07:05:31"> May 9th, 2014 03:05:31 EDT</option>
<option value="2014-05-09 07:05:32"> May 9th, 2014 03:05:32 EDT</option>
<option value="2014-05-09 10:09:00"> May 9th, 2014 06:09:00 EDT</option>
<option value="2014-05-09 10:09:06"> May 9th, 2014 06:09:06 EDT</option>
<option value="2014-05-09 20:55:33"> May 9th, 2014 16:55:33 EDT</option>
<option value="2014-05-09 20:55:53"> May 9th, 2014 16:55:53 EDT</option>
<option value="2014-05-10 07:05:34"> May 10th, 2014 03:05:34 EDT</option>
<option value="2014-05-10 07:05:35"> May 10th, 2014 03:05:35 EDT</option>
<option value="2014-05-10 10:20:12"> May 10th, 2014 06:20:12 EDT</option>
<option value="2014-05-10 10:20:13"> May 10th, 2014 06:20:13 EDT</option>
<option value="2014-05-10 20:44:52"> May 10th, 2014 16:44:52 EDT</option>
<option value="2014-05-10 20:44:52"> May 10th, 2014 16:44:52 EDT</option>
<option value="2014-05-11 07:05:33"> May 11th, 2014 03:05:33 EDT</option>
<option value="2014-05-11 07:05:41"> May 11th, 2014 03:05:41 EDT</option>
<option value="2014-05-11 10:25:06"> May 11th, 2014 06:25:06 EDT</option>
<option value="2014-05-11 10:25:06"> May 11th, 2014 06:25:06 EDT</option>
<option value="2014-05-11 20:31:40"> May 11th, 2014 16:31:40 EDT</option>
<option value="2014-05-11 20:31:53"> May 11th, 2014 16:31:53 EDT</option>
<option value="2014-05-12 07:05:27"> May 12th, 2014 03:05:27 EDT</option>
<option value="2014-05-12 07:05:28"> May 12th, 2014 03:05:28 EDT</option>
<option value="2014-05-12 09:59:39"> May 12th, 2014 05:59:39 EDT</option>
<option value="2014-05-12 09:59:45"> May 12th, 2014 05:59:45 EDT</option>
<option value="2014-05-12 20:26:22"> May 12th, 2014 16:26:22 EDT</option>
<option value="2014-05-12 20:26:24"> May 12th, 2014 16:26:24 EDT</option>
<option value="2014-05-13 07:05:30"> May 13th, 2014 03:05:30 EDT</option>
<option value="2014-05-13 10:09:14"> May 13th, 2014 06:09:14 EDT</option>
<option value="2014-05-13 10:09:21"> May 13th, 2014 06:09:21 EDT</option>
<option value="2014-05-13 20:39:53"> May 13th, 2014 16:39:53 EDT</option>
<option value="2014-05-13 20:39:55"> May 13th, 2014 16:39:55 EDT</option>
<option value="2014-05-14 07:05:27"> May 14th, 2014 03:05:27 EDT</option>
<option value="2014-05-14 07:05:27"> May 14th, 2014 03:05:27 EDT</option>
<option value="2014-05-14 10:18:08"> May 14th, 2014 06:18:08 EDT</option>
<option value="2014-05-14 10:18:17"> May 14th, 2014 06:18:17 EDT</option>
<option value="2014-05-14 20:37:41"> May 14th, 2014 16:37:41 EDT</option>
<option value="2014-05-14 20:37:48"> May 14th, 2014 16:37:48 EDT</option>
<option value="2014-05-15 07:05:30"> May 15th, 2014 03:05:30 EDT</option>
<option value="2014-05-15 07:05:38"> May 15th, 2014 03:05:38 EDT</option>
<option value="2014-05-15 10:26:20"> May 15th, 2014 06:26:20 EDT</option>
<option value="2014-05-15 10:26:20"> May 15th, 2014 06:26:20 EDT</option>
<option value="2014-05-15 20:41:40"> May 15th, 2014 16:41:40 EDT</option>
<option value="2014-05-15 20:41:47"> May 15th, 2014 16:41:47 EDT</option>
<option value="2014-05-16 07:05:37"> May 16th, 2014 03:05:37 EDT</option>
<option value="2014-05-16 07:05:38"> May 16th, 2014 03:05:38 EDT</option>
<option value="2014-05-16 10:23:13"> May 16th, 2014 06:23:13 EDT</option>
<option value="2014-05-16 10:23:29"> May 16th, 2014 06:23:29 EDT</option>
<option value="2014-05-16 20:42:57"> May 16th, 2014 16:42:57 EDT</option>
<option value="2014-05-17 07:05:25"> May 17th, 2014 03:05:25 EDT</option>
<option value="2014-05-17 07:05:26"> May 17th, 2014 03:05:26 EDT</option>
<option value="2014-05-17 10:22:24"> May 17th, 2014 06:22:24 EDT</option>
<option value="2014-05-17 10:22:24"> May 17th, 2014 06:22:24 EDT</option>
<option value="2014-05-17 20:35:23"> May 17th, 2014 16:35:23 EDT</option>
<option value="2014-05-17 20:35:23"> May 17th, 2014 16:35:23 EDT</option>
<option value="2014-05-18 07:05:33"> May 18th, 2014 03:05:33 EDT</option>
<option value="2014-05-18 10:01:43"> May 18th, 2014 06:01:43 EDT</option>
<option value="2014-05-18 10:01:45"> May 18th, 2014 06:01:45 EDT</option>
<option value="2014-05-18 20:45:10"> May 18th, 2014 16:45:10 EDT</option>
<option value="2014-05-18 20:45:11"> May 18th, 2014 16:45:11 EDT</option>
<option value="2014-05-19 07:05:26"> May 19th, 2014 03:05:26 EDT</option>
<option value="2014-05-19 07:05:34"> May 19th, 2014 03:05:34 EDT</option>
<option value="2014-05-19 10:01:32"> May 19th, 2014 06:01:32 EDT</option>
<option value="2014-05-19 21:04:35"> May 19th, 2014 17:04:35 EDT</option>
<option value="2014-05-19 21:04:42"> May 19th, 2014 17:04:42 EDT</option>
<option value="2014-05-20 07:05:29"> May 20th, 2014 03:05:29 EDT</option>
<option value="2014-05-20 07:05:30"> May 20th, 2014 03:05:30 EDT</option>
<option value="2014-05-20 10:14:26"> May 20th, 2014 06:14:26 EDT</option>
<option value="2014-05-20 10:14:34"> May 20th, 2014 06:14:34 EDT</option>
<option value="2014-05-20 20:34:20"> May 20th, 2014 16:34:20 EDT</option>
<option value="2014-05-20 20:34:20"> May 20th, 2014 16:34:20 EDT</option>
<option value="2014-05-21 07:05:22"> May 21st, 2014 03:05:22 EDT</option>
<option value="2014-05-21 07:05:31"> May 21st, 2014 03:05:31 EDT</option>
<option value="2014-05-21 10:18:05"> May 21st, 2014 06:18:05 EDT</option>
<option value="2014-05-21 10:18:26"> May 21st, 2014 06:18:26 EDT</option>
<option value="2014-05-21 20:37:22"> May 21st, 2014 16:37:22 EDT</option>
<option value="2014-05-21 20:37:23"> May 21st, 2014 16:37:23 EDT</option>
<option value="2014-05-22 07:05:28"> May 22nd, 2014 03:05:28 EDT</option>
<option value="2014-05-22 07:05:31"> May 22nd, 2014 03:05:31 EDT</option>
<option value="2014-05-22 10:08:25"> May 22nd, 2014 06:08:25 EDT</option>
<option value="2014-05-22 10:08:33"> May 22nd, 2014 06:08:33 EDT</option>
<option value="2014-05-22 20:39:49"> May 22nd, 2014 16:39:49 EDT</option>
<option value="2014-05-22 20:39:54"> May 22nd, 2014 16:39:54 EDT</option>
<option value="2014-05-23 07:05:39"> May 23rd, 2014 03:05:39 EDT</option>
<option value="2014-05-23 07:05:58"> May 23rd, 2014 03:05:58 EDT</option>
<option value="2014-05-23 10:31:32"> May 23rd, 2014 06:31:32 EDT</option>
<option value="2014-05-23 10:32:51"> May 23rd, 2014 06:32:51 EDT</option>
<option value="2014-05-23 10:32:57"> May 23rd, 2014 06:32:57 EDT</option>
<option value="2014-05-23 11:37:24"> May 23rd, 2014 07:37:24 EDT</option>
<option value="2014-05-23 11:37:25"> May 23rd, 2014 07:37:25 EDT</option>
<option value="2014-05-23 20:34:08"> May 23rd, 2014 16:34:08 EDT</option>
<option value="2014-05-23 20:34:09"> May 23rd, 2014 16:34:09 EDT</option>
<option value="2014-05-24 07:05:28"> May 24th, 2014 03:05:28 EDT</option>
<option value="2014-05-24 07:05:29"> May 24th, 2014 03:05:29 EDT</option>
<option value="2014-05-24 10:14:45"> May 24th, 2014 06:14:45 EDT</option>
<option value="2014-05-24 10:14:51"> May 24th, 2014 06:14:51 EDT</option>
<option value="2014-05-24 11:41:20"> May 24th, 2014 07:41:20 EDT</option>
<option value="2014-05-24 11:41:21"> May 24th, 2014 07:41:21 EDT</option>
<option value="2014-05-24 20:31:42"> May 24th, 2014 16:31:42 EDT</option>
<option value="2014-05-24 20:31:42"> May 24th, 2014 16:31:42 EDT</option>
<option value="2014-05-25 07:05:27"> May 25th, 2014 03:05:27 EDT</option>
<option value="2014-05-25 07:05:35"> May 25th, 2014 03:05:35 EDT</option>
<option value="2014-05-25 10:14:53"> May 25th, 2014 06:14:53 EDT</option>
<option value="2014-05-25 10:14:53"> May 25th, 2014 06:14:53 EDT</option>
<option value="2014-05-25 20:30:35"> May 25th, 2014 16:30:35 EDT</option>
<option value="2014-05-25 20:30:39"> May 25th, 2014 16:30:39 EDT</option>
<option value="2014-05-26 07:05:30"> May 26th, 2014 03:05:30 EDT</option>
<option value="2014-05-26 07:05:31"> May 26th, 2014 03:05:31 EDT</option>
<option value="2014-05-26 10:08:47"> May 26th, 2014 06:08:47 EDT</option>
<option value="2014-05-26 10:08:53"> May 26th, 2014 06:08:53 EDT</option>
<option value="2014-05-26 20:47:21"> May 26th, 2014 16:47:21 EDT</option>
<option value="2014-05-26 20:47:22"> May 26th, 2014 16:47:22 EDT</option>
<option value="2014-05-27 07:05:36"> May 27th, 2014 03:05:36 EDT</option>
<option value="2014-05-27 10:13:35"> May 27th, 2014 06:13:35 EDT</option>
<option value="2014-05-27 10:13:45"> May 27th, 2014 06:13:45 EDT</option>
<option value="2014-05-27 20:41:01"> May 27th, 2014 16:41:01 EDT</option>
<option value="2014-05-27 20:41:10"> May 27th, 2014 16:41:10 EDT</option>
<option value="2014-05-28 07:05:36"> May 28th, 2014 03:05:36 EDT</option>
<option value="2014-05-28 07:05:51"> May 28th, 2014 03:05:51 EDT</option>
<option value="2014-05-28 10:11:46"> May 28th, 2014 06:11:46 EDT</option>
<option value="2014-05-28 10:11:54"> May 28th, 2014 06:11:54 EDT</option>
<option value="2014-05-28 20:45:38"> May 28th, 2014 16:45:38 EDT</option>
<option value="2014-05-28 20:45:46"> May 28th, 2014 16:45:46 EDT</option>
<option value="2014-05-29 07:05:34"> May 29th, 2014 03:05:34 EDT</option>
<option value="2014-05-29 07:05:40"> May 29th, 2014 03:05:40 EDT</option>
<option value="2014-05-29 10:00:15"> May 29th, 2014 06:00:15 EDT</option>
<option value="2014-05-29 20:37:24"> May 29th, 2014 16:37:24 EDT</option>
<option value="2014-05-29 20:37:25"> May 29th, 2014 16:37:25 EDT</option>
<option value="2014-05-30 07:05:31"> May 30th, 2014 03:05:31 EDT</option>
<option value="2014-05-30 07:05:32"> May 30th, 2014 03:05:32 EDT</option>
<option value="2014-05-30 10:17:23"> May 30th, 2014 06:17:23 EDT</option>
<option value="2014-05-30 10:17:57"> May 30th, 2014 06:17:57 EDT</option>
<option value="2014-05-30 20:36:09"> May 30th, 2014 16:36:09 EDT</option>
<option value="2014-05-30 20:36:24"> May 30th, 2014 16:36:24 EDT</option>
<option value="2014-05-31 07:05:26"> May 31st, 2014 03:05:26 EDT</option>
<option value="2014-05-31 10:18:06"> May 31st, 2014 06:18:06 EDT</option>
<option value="2014-05-31 10:18:26"> May 31st, 2014 06:18:26 EDT</option>
<option value="2014-05-31 20:34:34"> May 31st, 2014 16:34:34 EDT</option>
<option value="2014-05-31 20:34:34"> May 31st, 2014 16:34:34 EDT</option>
<option value="2014-06-01 07:05:26"> Jun 1st, 2014 03:05:26 EDT</option>
<option value="2014-06-01 07:05:33"> Jun 1st, 2014 03:05:33 EDT</option>
<option value="2014-06-01 10:15:45"> Jun 1st, 2014 06:15:45 EDT</option>
<option value="2014-06-01 10:15:51"> Jun 1st, 2014 06:15:51 EDT</option>
<option value="2014-06-01 20:40:18"> Jun 1st, 2014 16:40:18 EDT</option>
<option value="2014-06-01 20:40:39"> Jun 1st, 2014 16:40:39 EDT</option>
<option value="2014-06-02 07:05:25"> Jun 2nd, 2014 03:05:25 EDT</option>
<option value="2014-06-02 07:05:40"> Jun 2nd, 2014 03:05:40 EDT</option>
<option value="2014-06-02 10:23:22"> Jun 2nd, 2014 06:23:22 EDT</option>
<option value="2014-06-02 10:23:23"> Jun 2nd, 2014 06:23:23 EDT</option>
<option value="2014-06-02 20:34:03"> Jun 2nd, 2014 16:34:03 EDT</option>
<option value="2014-06-02 20:34:12"> Jun 2nd, 2014 16:34:12 EDT</option>
<option value="2014-06-03 07:05:36"> Jun 3rd, 2014 03:05:36 EDT</option>
<option value="2014-06-03 07:05:43"> Jun 3rd, 2014 03:05:43 EDT</option>
<option value="2014-06-03 10:07:41"> Jun 3rd, 2014 06:07:41 EDT</option>
<option value="2014-06-03 10:07:42"> Jun 3rd, 2014 06:07:42 EDT</option>
<option value="2014-06-03 20:38:18"> Jun 3rd, 2014 16:38:18 EDT</option>
<option value="2014-06-03 20:38:25"> Jun 3rd, 2014 16:38:25 EDT</option>
<option value="2014-06-04 07:05:27"> Jun 4th, 2014 03:05:27 EDT</option>
<option value="2014-06-04 07:05:35"> Jun 4th, 2014 03:05:35 EDT</option>
<option value="2014-06-04 10:09:46"> Jun 4th, 2014 06:09:46 EDT</option>
<option value="2014-06-04 20:43:57"> Jun 4th, 2014 16:43:57 EDT</option>
<option value="2014-06-04 20:43:57"> Jun 4th, 2014 16:43:57 EDT</option>
<option value="2014-06-05 07:05:29"> Jun 5th, 2014 03:05:29 EDT</option>
<option value="2014-06-05 10:03:14"> Jun 5th, 2014 06:03:14 EDT</option>
<option value="2014-06-05 10:03:19"> Jun 5th, 2014 06:03:19 EDT</option>
<option value="2014-06-05 20:56:33"> Jun 5th, 2014 16:56:33 EDT</option>
<option value="2014-06-05 20:56:34"> Jun 5th, 2014 16:56:34 EDT</option>
<option value="2014-06-06 07:05:33"> Jun 6th, 2014 03:05:33 EDT</option>
<option value="2014-06-06 07:05:33"> Jun 6th, 2014 03:05:33 EDT</option>
<option value="2014-06-06 10:28:04"> Jun 6th, 2014 06:28:04 EDT</option>
<option value="2014-06-06 10:28:57"> Jun 6th, 2014 06:28:57 EDT</option>
<option value="2014-06-06 20:46:26"> Jun 6th, 2014 16:46:26 EDT</option>
<option value="2014-06-06 20:46:28"> Jun 6th, 2014 16:46:28 EDT</option>
<option value="2014-06-07 07:05:37"> Jun 7th, 2014 03:05:37 EDT</option>
<option value="2014-06-07 10:19:07"> Jun 7th, 2014 06:19:07 EDT</option>
<option value="2014-06-07 10:19:33"> Jun 7th, 2014 06:19:33 EDT</option>
<option value="2014-06-07 20:49:35"> Jun 7th, 2014 16:49:35 EDT</option>
<option value="2014-06-07 20:49:42"> Jun 7th, 2014 16:49:42 EDT</option>
<option value="2014-06-08 07:05:25"> Jun 8th, 2014 03:05:25 EDT</option>
<option value="2014-06-08 07:05:35"> Jun 8th, 2014 03:05:35 EDT</option>
<option value="2014-06-08 10:20:03"> Jun 8th, 2014 06:20:03 EDT</option>
<option value="2014-06-08 10:20:04"> Jun 8th, 2014 06:20:04 EDT</option>
                </select>
                </td>
            </tr>
            
            </tbody></table>

            </td>
                    </tr>
        </tbody></table>

        <hr>
        <!-- No date specified -->
<!-- 2014-06-08 10:20:04 -->

<font size="4"><b>
These data are preliminary and have not undergone final quality control by the National Climatic Data Center (NCDC). Therefore, these data are subject to revision. Final and certified climate data can be accessed at the NCDC -
<a href="http://www.ncdc.noaa.gov" target="_new" title="National Climatic Data Center (NCDC)">http://www.ncdc.noaa.gov</a>.
</b></font>

<h3>Climatological Report (Daily)</h3>
<pre><font size="3">
000
CDUS41 KBUF 081020
CLIBUF


CLIMATE REPORT
NATIONAL WEATHER SERVICE BUFFALO NY
619 AM EDT SUN JUN 8 2014


...................................

...THE BUFFALO NY CLIMATE SUMMARY FOR JUNE 7 2014...

CLIMATE NORMAL PERIOD 1981 TO 2010
CLIMATE RECORD PERIOD 1871 TO 2014


WEATHER ITEM   OBSERVED TIME   RECORD YEAR NORMAL DEPARTURE LAST
                VALUE   (LST)  VALUE       VALUE  FROM      YEAR
                                                  NORMAL
..................................................................
TEMPERATURE (F)
 YESTERDAY
  MAXIMUM         80    423 PM  86    2007  73      7       61
                                      1979
                                      1968
  MINIMUM         50    508 AM  40    1879  55     -5       54
  AVERAGE         65                        64      1       58

PRECIPITATION (IN)
  YESTERDAY        0.00          2.39 1980   0.12  -0.12     0.01
  MONTH TO DATE    1.09                      0.85   0.24     3.62
  SINCE JUN 1      1.09                      0.85   0.24     3.62
  SINCE JAN 1     18.62                     15.86   2.76    17.72

SNOWFALL (IN)
  YESTERDAY        0.0           0.0    MM   0.0    0.0      0.0
  MONTH TO DATE    0.0                       0.0    0.0      0.0
  SINCE JUN 1      0.0                       0.0    0.0      0.0
  SINCE JUL 1    129.9                      94.7   35.2     58.8
  SNOW DEPTH       0

DEGREE DAYS
 HEATING
  YESTERDAY        0                         3     -3        7
  MONTH TO DATE   18                        27     -9       41
  SINCE JUN 1     18                        27     -9       41
  SINCE JUL 1   7115                      6580    535     6073

 COOLING
  YESTERDAY        0                         2     -2        0
  MONTH TO DATE   14                        14      0       11
  SINCE JUN 1     14                        14      0       11
  SINCE JAN 1     37                        40     -3       82
..................................................................


WIND (MPH)
  HIGHEST WIND SPEED    13   HIGHEST WIND DIRECTION     W (290)
  HIGHEST GUST SPEED    16   HIGHEST GUST DIRECTION     W (290)
  AVERAGE WIND SPEED     5.8


SKY COVER
  POSSIBLE SUNSHINE 100 PERCENT
  AVERAGE SKY COVER 0.2


WEATHER CONDITIONS
 THE FOLLOWING WEATHER WAS RECORDED YESTERDAY.
  NO SIGNIFICANT WEATHER WAS OBSERVED.


RELATIVE HUMIDITY (PERCENT)
 HIGHEST    86           500 AM
 LOWEST     28           300 PM
 AVERAGE    57

..........................................................


THE BUFFALO NY CLIMATE NORMALS FOR TODAY
                         NORMAL    RECORD    YEAR
 MAXIMUM TEMPERATURE (F)   73        91      1968
 MINIMUM TEMPERATURE (F)   55        38      1949


SUNRISE AND SUNSET
JUNE  8 2014..........SUNRISE   536 AM EDT   SUNSET   852 PM EDT
JUNE  9 2014..........SUNRISE   536 AM EDT   SUNSET   853 PM EDT


-  INDICATES NEGATIVE NUMBERS.
R  INDICATES RECORD WAS SET OR TIED.
MM INDICATES DATA IS MISSING.
T  INDICATES TRACE AMOUNT.




<hr>


</font></pre>


<font size="4">
The U.S. Naval Observatory (USNO) computes astronomical data. Therefore, the NWS does not record, certify, or authenticate astronomical data. Computed times of sunrise, sunset, moonrise, moonset; and twilight, moon phases and other astronomical data are available from USNO's Astronomical Applications Department (http://www.usno.navy.mil). See <a href="http://weather.gov/cgi-bin/nwsexit.pl?url=http://www.usno.navy.mil/USNO/astronomical-applications/astronomical-information-center/litigation">http://www.usno.navy.mil/USNO/astronomical-applications/astronomical-information-center/litigation</a> for information on using these data for legal purposes.</font>


    <!-- Page loaded in 0.216 seconds -->




</body></html>