May 2nd, 2014
"000 CDUS41 KBUF 031015 CLIBUF CLIMATE REPORT NATIONAL WEATHER SERVICE BUFFALO NY 614 AM EDT SAT MAY 3 2014 ................................... ...THE BUFFALO NY CLIMATE SUMMARY FOR MAY 2 2014... CLIMATE NORMAL PERIOD 1981 TO 2010 CLIMATE RECORD PERIOD 1871 TO 2014 WEATHER ITEM OBSERVED TIME RECORD YEAR NORMAL DEPARTURE LAST VALUE (LST) VALUE VALUE FROM YEAR NORMAL .................................................................. TEMPERATURE (F) YESTERDAY MAXIMUM 49 1116 AM 84 1954 62 -13 79 1887 MINIMUM 42 743 AM 30 1903 43 -1 56 1882 AVERAGE 46 52 -6 68 PRECIPITATION (IN) YESTERDAY T 1.22 1929 0.10 -0.10 0.00 MONTH TO DATE T 0.20 -0.20 0.00 SINCE MAR 1 7.63 6.08 1.55 4.98 SINCE JAN 1 14.41 11.75 2.66 10.53 SNOWFALL (IN) YESTERDAY 0.0 5.1 1909 0.0 0.0 0.0 MONTH TO DATE 0.0 0.0 0.0 0.0 SINCE MAR 1 25.7 15.6 10.1 10.1 SINCE JUL 1 129.9 94.4 35.5 58.8 SNOW DEPTH 0 DEGREE DAYS HEATING YESTERDAY 19 13 6 0 MONTH TO DATE 35 26 9 0 SINCE MAR 1 1784 1563 221 1538 SINCE JUL 1 6890 6307 583 5858 COOLING YESTERDAY 0 0 0 3 MONTH TO DATE 0 0 0 7 SINCE MAR 1 0 3 -3 7 SINCE JAN 1 0 3 -3 7 .................................................................. WIND (MPH) HIGHEST WIND SPEED 28 HIGHEST WIND DIRECTION SW (240) HIGHEST GUST SPEED 38 HIGHEST GUST DIRECTION W (260) AVERAGE WIND SPEED 15.8 SKY COVER POSSIBLE SUNSHINE 0 PERCENT AVERAGE SKY COVER 0.9 WEATHER CONDITIONS THE FOLLOWING WEATHER WAS RECORDED YESTERDAY. LIGHT RAIN RELATIVE HUMIDITY (PERCENT) HIGHEST 86 1100 PM LOWEST 71 1200 AM AVERAGE 79 .......................................................... THE BUFFALO NY CLIMATE NORMALS FOR TODAY NORMAL RECORD YEAR MAXIMUM TEMPERATURE (F) 62 85 1944 MINIMUM TEMPERATURE (F) 43 29 1926 1911 SUNRISE AND SUNSET MAY 3 2014...........SUNRISE 606 AM EDT SUNSET 818 PM EDT MAY 4 2014...........SUNRISE 605 AM EDT SUNSET 819 PM EDT - INDICATES NEGATIVE NUMBERS. R INDICATES RECORD WAS SET OR TIED. MM INDICATES DATA IS MISSING. T INDICATES TRACE AMOUNT."
[
    [ 0] "TEMPERATURE (F) YESTERDAY MAXIMUM 49 1116",
    [ 1] "AM 84 1954 62 -13 79 1887",
    [ 2] "MINIMUM 42 743",
    [ 3] "AM 30 1903 43 -1 56 1882",
    [ 4] "AVERAGE 46 52 -6 68",
    [ 5] "PRECIPITATION (IN) YESTERDAY T 1.22 1929 0.10 -0.10 0.00",
    [ 6] "MONTH TO DATE T 0.20 -0.20 0.00",
    [ 7] "SINCE MAR 1 7.63 6.08 1.55 4.98",
    [ 8] "SINCE JAN 1 14.41 11.75 2.66 10.53",
    [ 9] "SNOWFALL (IN) YESTERDAY 0.0 5.1 1909 0.0 0.0 0.0",
    [10] "MONTH TO DATE 0.0 0.0 0.0 0.0",
    [11] "SINCE MAR 1 25.7 15.6 10.1 10.1",
    [12] "SINCE JUL 1 129.9 94.4 35.5 58.8",
    [13] "SNOW DEPTH 0",
    [14] "DEGREE DAYS HEATING YESTERDAY 19 13 6 0",
    [15] "MONTH TO DATE 35 26 9 0",
    [16] "SINCE MAR 1 1784 1563 221 1538",
    [17] "SINCE JUL 1 6890 6307 583 5858",
    [18] "COOLING YESTERDAY 0 0 0 3",
    [19] "MONTH TO DATE 0 0 0 7",
    [20] "SINCE MAR 1 0 3 -3 7",
    [21] "SINCE JAN 1 0 3 -3 7"
]
