October 5th, 2014
"000 CDUS41 KBUF 061026 CLIBUF CLIMATE REPORT NATIONAL WEATHER SERVICE BUFFALO NY 625 AM EDT MON OCT 6 2014 ................................... ...THE BUFFALO NY CLIMATE SUMMARY FOR OCTOBER 5 2014... CLIMATE NORMAL PERIOD 1981 TO 2010 CLIMATE RECORD PERIOD 1871 TO 2014 WEATHER ITEM OBSERVED TIME RECORD YEAR NORMAL DEPARTURE LAST VALUE (LST) VALUE VALUE FROM YEAR NORMAL .................................................................. TEMPERATURE (F) YESTERDAY MAXIMUM 49 548 PM 86 2007 63 -14 66 MINIMUM 39 301 AM 30 1984 46 -7 59 1965 AVERAGE 44 55 -11 63 PRECIPITATION (IN) YESTERDAY 1.20 1.89 1995 0.13 1.07 0.33 MONTH TO DATE 2.30 0.61 1.69 1.33 SINCE SEP 1 5.43 4.51 0.92 4.86 SINCE JAN 1 35.37 29.67 5.70 32.49 SNOWFALL (IN) YESTERDAY 0.0 T 1965 0.0 0.0 0.0 MONTH TO DATE T 0.1 -0.1 0.0 SINCE SEP 1 T 0.1 -0.1 0.0 SINCE JUL 1 T 0.1 -0.1 0.0 SNOW DEPTH 0 DEGREE DAYS HEATING YESTERDAY 21 11 10 2 MONTH TO DATE 37 50 -13 7 SINCE SEP 1 145 185 -40 159 SINCE JUL 1 167 212 -45 175 COOLING YESTERDAY 0 0 0 0 MONTH TO DATE 3 0 3 1 SINCE SEP 1 64 53 11 52 SINCE JAN 1 510 540 -30 604 .................................................................. WIND (MPH) HIGHEST WIND SPEED 22 HIGHEST WIND DIRECTION SW (230) HIGHEST GUST SPEED 29 HIGHEST GUST DIRECTION SW (230) AVERAGE WIND SPEED 9.7 SKY COVER AVERAGE SKY COVER 0.9 WEATHER CONDITIONS THE FOLLOWING WEATHER WAS RECORDED YESTERDAY. RAIN LIGHT RAIN FOG HAZE RELATIVE HUMIDITY (PERCENT) HIGHEST 92 500 AM LOWEST 65 800 PM AVERAGE 79 .......................................................... THE BUFFALO NY CLIMATE NORMALS FOR TODAY NORMAL RECORD YEAR MAXIMUM TEMPERATURE (F) 63 85 1900 MINIMUM TEMPERATURE (F) 46 28 1984 SUNRISE AND SUNSET OCTOBER 6 2014.......SUNRISE 718 AM EDT SUNSET 647 PM EDT OCTOBER 7 2014.......SUNRISE 719 AM EDT SUNSET 646 PM EDT - INDICATES NEGATIVE NUMBERS. R INDICATES RECORD WAS SET OR TIED. MM INDICATES DATA IS MISSING. T INDICATES TRACE AMOUNT."
[
    [ 0] "TEMPERATURE (F) YESTERDAY MAXIMUM 49 548",
    [ 1] "PM 86 2007 63 -14 66",
    [ 2] "MINIMUM 39 301",
    [ 3] "AM 30 1984 46 -7 59 1965",
    [ 4] "AVERAGE 44 55 -11 63",
    [ 5] "PRECIPITATION (IN) YESTERDAY 1.20 1.89 1995 0.13 1.07 0.33",
    [ 6] "MONTH TO DATE 2.30 0.61 1.69 1.33",
    [ 7] "SINCE SEP 1 5.43 4.51 0.92 4.86",
    [ 8] "SINCE JAN 1 35.37 29.67 5.70 32.49",
    [ 9] "SNOWFALL (IN) YESTERDAY 0.0",
    [10] "T 1965 0.0 0.0 0.0",
    [11] "MONTH TO DATE T 0.1 -0.1 0.0",
    [12] "SINCE SEP 1",
    [13] "T 0.1 -0.1 0.0",
    [14] "SINCE JUL 1",
    [15] "T 0.1 -0.1 0.0",
    [16] "SNOW DEPTH 0",
    [17] "DEGREE DAYS HEATING YESTERDAY 21 11 10 2",
    [18] "MONTH TO DATE 37 50 -13 7",
    [19] "SINCE SEP 1 145 185 -40 159",
    [20] "SINCE JUL 1 167 212 -45 175",
    [21] "COOLING YESTERDAY 0 0 0 0",
    [22] "MONTH TO DATE 3 0 3 1",
    [23] "SINCE SEP 1 64 53 11 52",
    [24] "SINCE JAN 1 510 540 -30 604"
]
