October 13th, 2014
"000 CDUS41 KBUF 141021 CLIBUF CLIMATE REPORT NATIONAL WEATHER SERVICE BUFFALO NY 620 AM EDT TUE OCT 14 2014 ................................... ...THE BUFFALO NY CLIMATE SUMMARY FOR OCTOBER 13 2014... CLIMATE NORMAL PERIOD 1981 TO 2010 CLIMATE RECORD PERIOD 1871 TO 2014 WEATHER ITEM OBSERVED TIME RECORD YEAR NORMAL DEPARTURE LAST VALUE (LST) VALUE VALUE FROM YEAR NORMAL .................................................................. TEMPERATURE (F) YESTERDAY MAXIMUM 73 353 PM 82 1983 60 13 68 1969 MINIMUM 48 1226 AM 30 2012 43 5 57 1993 1891 AVERAGE 61 52 9 63 PRECIPITATION (IN) YESTERDAY 0.34 1.59 1885 0.11 0.23 0.32 MONTH TO DATE 3.23 1.59 1.64 2.60 SINCE SEP 1 6.36 5.49 0.87 6.13 SINCE JAN 1 36.30 30.65 5.65 33.76 SNOWFALL (IN) YESTERDAY 0.0 14.0 2006 0.0 0.0 0.0 MONTH TO DATE T 0.2 -0.2 0.0 SINCE SEP 1 T 0.2 -0.2 0.0 SINCE JUL 1 T 0.2 -0.2 0.0 SNOW DEPTH 0 DEGREE DAYS HEATING YESTERDAY 4 13 -9 2 MONTH TO DATE 129 147 -18 48 SINCE SEP 1 237 282 -45 200 SINCE JUL 1 259 309 -50 216 COOLING YESTERDAY 0 0 0 0 MONTH TO DATE 3 0 3 8 SINCE SEP 1 64 53 11 59 SINCE JAN 1 510 540 -30 611 .................................................................. WIND (MPH) HIGHEST WIND SPEED 18 HIGHEST WIND DIRECTION S (190) HIGHEST GUST SPEED 23 HIGHEST GUST DIRECTION S (200) AVERAGE WIND SPEED 8.9 SKY COVER AVERAGE SKY COVER 0.9 WEATHER CONDITIONS THE FOLLOWING WEATHER WAS RECORDED YESTERDAY. HEAVY RAIN RAIN LIGHT RAIN FOG RELATIVE HUMIDITY (PERCENT) HIGHEST 83 400 AM LOWEST 61 300 PM AVERAGE 72 .......................................................... THE BUFFALO NY CLIMATE NORMALS FOR TODAY NORMAL RECORD YEAR MAXIMUM TEMPERATURE (F) 60 85 1954 MINIMUM TEMPERATURE (F) 43 28 1993 SUNRISE AND SUNSET OCTOBER 14 2014.......SUNRISE 727 AM EDT SUNSET 634 PM EDT OCTOBER 15 2014.......SUNRISE 728 AM EDT SUNSET 632 PM EDT - INDICATES NEGATIVE NUMBERS. R INDICATES RECORD WAS SET OR TIED. MM INDICATES DATA IS MISSING. T INDICATES TRACE AMOUNT."
[
    [ 0] "TEMPERATURE (F) YESTERDAY MAXIMUM 73 353",
    [ 1] "PM 82 1983 60 13 68 1969",
    [ 2] "MINIMUM 48 1226",
    [ 3] "AM 30 2012 43 5 57 1993 1891",
    [ 4] "AVERAGE 61 52 9 63",
    [ 5] "PRECIPITATION (IN) YESTERDAY 0.34 1.59 1885 0.11 0.23 0.32",
    [ 6] "MONTH TO DATE 3.23 1.59 1.64 2.60",
    [ 7] "SINCE SEP 1 6.36 5.49 0.87 6.13",
    [ 8] "SINCE JAN 1 36.30 30.65 5.65 33.76",
    [ 9] "SNOWFALL (IN) YESTERDAY 0.0 14.0 2006 0.0 0.0 0.0",
    [10] "MONTH TO DATE T 0.2 -0.2 0.0",
    [11] "SINCE SEP 1",
    [12] "T 0.2 -0.2 0.0",
    [13] "SINCE JUL 1",
    [14] "T 0.2 -0.2 0.0",
    [15] "SNOW DEPTH 0",
    [16] "DEGREE DAYS HEATING YESTERDAY 4 13 -9 2",
    [17] "MONTH TO DATE 129 147 -18 48",
    [18] "SINCE SEP 1 237 282 -45 200",
    [19] "SINCE JUL 1 259 309 -50 216",
    [20] "COOLING YESTERDAY 0 0 0 0",
    [21] "MONTH TO DATE 3 0 3 8",
    [22] "SINCE SEP 1 64 53 11 59",
    [23] "SINCE JAN 1 510 540 -30 611"
]
