April 25th, 2014
"000 CDUS41 KBUF 261006 CLIBUF CLIMATE REPORT NATIONAL WEATHER SERVICE BUFFALO NY 605 AM EDT SAT APR 26 2014 ................................... ...THE BUFFALO NY CLIMATE SUMMARY FOR APRIL 25 2014... CLIMATE NORMAL PERIOD 1981 TO 2010 CLIMATE RECORD PERIOD 1871 TO 2014 WEATHER ITEM OBSERVED TIME RECORD YEAR NORMAL DEPARTURE LAST VALUE (LST) VALUE VALUE FROM YEAR NORMAL .................................................................. TEMPERATURE (F) YESTERDAY MAXIMUM 65 212 PM 87 1957 59 6 53 MINIMUM 38 1110 PM 21 1919 40 -2 36 AVERAGE 52 50 2 45 PRECIPITATION (IN) YESTERDAY 0.28 1.51 1976 0.09 0.19 0.01 MONTH TO DATE 3.51 2.52 0.99 3.78 SINCE MAR 1 6.06 5.39 0.67 4.84 SINCE JAN 1 12.84 11.06 1.78 10.39 SNOWFALL (IN) YESTERDAY 0.0 0.4 1971 0.0 0.0 0.0 MONTH TO DATE 1.2 2.6 -1.4 0.3 SINCE MAR 1 25.7 15.5 10.2 10.1 SINCE JUL 1 129.9 94.3 35.6 58.8 SNOW DEPTH 0 DEGREE DAYS HEATING YESTERDAY 13 15 -2 20 MONTH TO DATE 487 503 -16 512 SINCE MAR 1 1665 1464 201 1498 SINCE JUL 1 6771 6208 563 5818 COOLING YESTERDAY 0 0 0 0 MONTH TO DATE 0 0 0 0 SINCE MAR 1 0 0 0 0 SINCE JAN 1 0 0 0 0 .................................................................. WIND (MPH) HIGHEST WIND SPEED 24 HIGHEST WIND DIRECTION SW (210) HIGHEST GUST SPEED 31 HIGHEST GUST DIRECTION S (200) AVERAGE WIND SPEED 11.7 SKY COVER POSSIBLE SUNSHINE 51 PERCENT AVERAGE SKY COVER 0.9 WEATHER CONDITIONS THE FOLLOWING WEATHER WAS RECORDED YESTERDAY. LIGHT RAIN FOG RELATIVE HUMIDITY (PERCENT) HIGHEST 100 800 PM LOWEST 25 1000 AM AVERAGE 63 .......................................................... THE BUFFALO NY CLIMATE NORMALS FOR TODAY NORMAL RECORD YEAR MAXIMUM TEMPERATURE (F) 60 84 1921 MINIMUM TEMPERATURE (F) 41 23 1919 SUNRISE AND SUNSET APRIL 26 2014.........SUNRISE 616 AM EDT SUNSET 810 PM EDT APRIL 27 2014.........SUNRISE 615 AM EDT SUNSET 811 PM EDT - INDICATES NEGATIVE NUMBERS. R INDICATES RECORD WAS SET OR TIED. MM INDICATES DATA IS MISSING. T INDICATES TRACE AMOUNT."
[
    [ 0] "TEMPERATURE (F) YESTERDAY MAXIMUM 65 212",
    [ 1] "PM 87 1957 59 6 53",
    [ 2] "MINIMUM 38 1110",
    [ 3] "PM 21 1919 40 -2 36",
    [ 4] "AVERAGE 52 50 2 45",
    [ 5] "PRECIPITATION (IN) YESTERDAY 0.28 1.51 1976 0.09 0.19 0.01",
    [ 6] "MONTH TO DATE 3.51 2.52 0.99 3.78",
    [ 7] "SINCE MAR 1 6.06 5.39 0.67 4.84",
    [ 8] "SINCE JAN 1 12.84 11.06 1.78 10.39",
    [ 9] "SNOWFALL (IN) YESTERDAY 0.0 0.4 1971 0.0 0.0 0.0",
    [10] "MONTH TO DATE 1.2 2.6 -1.4 0.3",
    [11] "SINCE MAR 1 25.7 15.5 10.2 10.1",
    [12] "SINCE JUL 1 129.9 94.3 35.6 58.8",
    [13] "SNOW DEPTH 0",
    [14] "DEGREE DAYS HEATING YESTERDAY 13 15 -2 20",
    [15] "MONTH TO DATE 487 503 -16 512",
    [16] "SINCE MAR 1 1665 1464 201 1498",
    [17] "SINCE JUL 1 6771 6208 563 5818",
    [18] "COOLING YESTERDAY 0 0 0 0",
    [19] "MONTH TO DATE 0 0 0 0",
    [20] "SINCE MAR 1 0 0 0 0",
    [21] "SINCE JAN 1 0 0 0 0"
]
