October 2nd, 2014
"000 CDUS41 KBUF 031008 CLIBUF CLIMATE REPORT NATIONAL WEATHER SERVICE BUFFALO NY 607 AM EDT FRI OCT 3 2014 ................................... ...THE BUFFALO NY CLIMATE SUMMARY FOR OCTOBER 2 2014... CLIMATE NORMAL PERIOD 1981 TO 2010 CLIMATE RECORD PERIOD 1871 TO 2014 WEATHER ITEM OBSERVED TIME RECORD YEAR NORMAL DEPARTURE LAST VALUE (LST) VALUE VALUE FROM YEAR NORMAL .................................................................. TEMPERATURE (F) YESTERDAY MAXIMUM 74 224 PM 92 1927 64 10 72 MINIMUM 56 629 AM 33 1974 47 9 56 AVERAGE 65 56 9 64 PRECIPITATION (IN) YESTERDAY 0.00 2.30 1881 0.12 -0.12 0.00 MONTH TO DATE 0.00 0.24 -0.24 0.00 SINCE SEP 1 3.13 4.14 -1.01 3.53 SINCE JAN 1 33.07 29.30 3.77 31.16 SNOWFALL (IN) YESTERDAY 0.0 T 2003 0.0 0.0 0.0 1974 MONTH TO DATE 0.0 0.0 0.0 0.0 SINCE SEP 1 0.0 0.0 0.0 0.0 SINCE JUL 1 0.0 0.0 0.0 0.0 SNOW DEPTH 0 DEGREE DAYS HEATING YESTERDAY 0 10 -10 1 MONTH TO DATE 1 19 -18 1 SINCE SEP 1 109 154 -45 153 SINCE JUL 1 131 181 -50 169 COOLING YESTERDAY 0 0 0 0 MONTH TO DATE 0 0 0 0 SINCE SEP 1 61 53 8 51 SINCE JAN 1 507 540 -33 603 .................................................................. WIND (MPH) HIGHEST WIND SPEED 16 HIGHEST WIND DIRECTION SE (150) HIGHEST GUST SPEED 20 HIGHEST GUST DIRECTION SE (130) AVERAGE WIND SPEED 7.9 SKY COVER AVERAGE SKY COVER 0.3 WEATHER CONDITIONS THE FOLLOWING WEATHER WAS RECORDED YESTERDAY. FOG RELATIVE HUMIDITY (PERCENT) HIGHEST 93 400 AM LOWEST 49 300 PM AVERAGE 71 .......................................................... THE BUFFALO NY CLIMATE NORMALS FOR TODAY NORMAL RECORD YEAR MAXIMUM TEMPERATURE (F) 64 86 1898 MINIMUM TEMPERATURE (F) 47 30 1974 SUNRISE AND SUNSET OCTOBER 3 2014.......SUNRISE 714 AM EDT SUNSET 653 PM EDT OCTOBER 4 2014.......SUNRISE 716 AM EDT SUNSET 651 PM EDT - INDICATES NEGATIVE NUMBERS. R INDICATES RECORD WAS SET OR TIED. MM INDICATES DATA IS MISSING. T INDICATES TRACE AMOUNT."
[
    [ 0] "TEMPERATURE (F) YESTERDAY MAXIMUM 74 224",
    [ 1] "PM 92 1927 64 10 72",
    [ 2] "MINIMUM 56 629",
    [ 3] "AM 33 1974 47 9 56",
    [ 4] "AVERAGE 65 56 9 64",
    [ 5] "PRECIPITATION (IN) YESTERDAY 0.00 2.30 1881 0.12 -0.12 0.00",
    [ 6] "MONTH TO DATE 0.00 0.24 -0.24 0.00",
    [ 7] "SINCE SEP 1 3.13 4.14 -1.01 3.53",
    [ 8] "SINCE JAN 1 33.07 29.30 3.77 31.16",
    [ 9] "SNOWFALL (IN) YESTERDAY 0.0",
    [10] "T 2003 0.0 0.0 0.0 1974",
    [11] "MONTH TO DATE 0.0 0.0 0.0 0.0",
    [12] "SINCE SEP 1 0.0 0.0 0.0 0.0",
    [13] "SINCE JUL 1 0.0 0.0 0.0 0.0",
    [14] "SNOW DEPTH 0",
    [15] "DEGREE DAYS HEATING YESTERDAY 0 10 -10 1",
    [16] "MONTH TO DATE 1 19 -18 1",
    [17] "SINCE SEP 1 109 154 -45 153",
    [18] "SINCE JUL 1 131 181 -50 169",
    [19] "COOLING YESTERDAY 0 0 0 0",
    [20] "MONTH TO DATE 0 0 0 0",
    [21] "SINCE SEP 1 61 53 8 51",
    [22] "SINCE JAN 1 507 540 -33 603"
]
