October 20th, 2014
"000 CDUS41 KBUF 211034 CLIBUF CLIMATE REPORT NATIONAL WEATHER SERVICE BUFFALO NY 632 AM EDT TUE OCT 21 2014 ................................... ...THE BUFFALO NY CLIMATE SUMMARY FOR OCTOBER 20 2014... CLIMATE NORMAL PERIOD 1981 TO 2010 CLIMATE RECORD PERIOD 1871 TO 2014 WEATHER ITEM OBSERVED TIME RECORD YEAR NORMAL DEPARTURE LAST VALUE (LST) VALUE VALUE FROM YEAR NORMAL .................................................................. TEMPERATURE (F) YESTERDAY MAXIMUM 57 308 PM 77 1963 57 0 52 MINIMUM 41 1220 AM 23 1972 41 0 42 AVERAGE 49 49 0 47 PRECIPITATION (IN) YESTERDAY 0.04 2.45 1873 0.10 -0.06 0.03 MONTH TO DATE 4.26 2.32 1.94 4.07 SINCE SEP 1 7.39 6.22 1.17 7.60 SINCE JAN 1 37.33 31.38 5.95 35.23 SNOWFALL (IN) YESTERDAY 0.0 0.6 1992 0.0 0.0 0.0 MONTH TO DATE T 0.4 -0.4 0.0 SINCE SEP 1 T 0.4 -0.4 0.0 SINCE JUL 1 T 0.4 -0.4 0.0 SNOW DEPTH 0 DEGREE DAYS HEATING YESTERDAY 16 16 0 18 MONTH TO DATE 194 250 -56 120 SINCE SEP 1 302 385 -83 272 SINCE JUL 1 324 412 -88 288 COOLING YESTERDAY 0 0 0 0 MONTH TO DATE 8 0 8 8 SINCE SEP 1 69 53 16 59 SINCE JAN 1 515 540 -25 611 .................................................................. WIND (MPH) HIGHEST WIND SPEED 20 HIGHEST WIND DIRECTION SW (220) HIGHEST GUST SPEED 24 HIGHEST GUST DIRECTION S (200) AVERAGE WIND SPEED 10.4 SKY COVER AVERAGE SKY COVER 0.9 WEATHER CONDITIONS THE FOLLOWING WEATHER WAS RECORDED YESTERDAY. LIGHT RAIN HAZE RELATIVE HUMIDITY (PERCENT) HIGHEST 83 600 PM LOWEST 59 1100 AM AVERAGE 71 .......................................................... THE BUFFALO NY CLIMATE NORMALS FOR TODAY NORMAL RECORD YEAR MAXIMUM TEMPERATURE (F) 57 81 1894 MINIMUM TEMPERATURE (F) 41 27 1952 SUNRISE AND SUNSET OCTOBER 21 2014.......SUNRISE 736 AM EDT SUNSET 623 PM EDT OCTOBER 22 2014.......SUNRISE 737 AM EDT SUNSET 621 PM EDT - INDICATES NEGATIVE NUMBERS. R INDICATES RECORD WAS SET OR TIED. MM INDICATES DATA IS MISSING. T INDICATES TRACE AMOUNT."
[
    [ 0] "TEMPERATURE (F) YESTERDAY MAXIMUM 57 308",
    [ 1] "PM 77 1963 57 0 52",
    [ 2] "MINIMUM 41 1220",
    [ 3] "AM 23 1972 41 0 42",
    [ 4] "AVERAGE 49 49 0 47",
    [ 5] "PRECIPITATION (IN) YESTERDAY 0.04 2.45 1873 0.10 -0.06 0.03",
    [ 6] "MONTH TO DATE 4.26 2.32 1.94 4.07",
    [ 7] "SINCE SEP 1 7.39 6.22 1.17 7.60",
    [ 8] "SINCE JAN 1 37.33 31.38 5.95 35.23",
    [ 9] "SNOWFALL (IN) YESTERDAY 0.0 0.6 1992 0.0 0.0 0.0",
    [10] "MONTH TO DATE T 0.4 -0.4 0.0",
    [11] "SINCE SEP 1",
    [12] "T 0.4 -0.4 0.0",
    [13] "SINCE JUL 1",
    [14] "T 0.4 -0.4 0.0",
    [15] "SNOW DEPTH 0",
    [16] "DEGREE DAYS HEATING YESTERDAY 16 16 0 18",
    [17] "MONTH TO DATE 194 250 -56 120",
    [18] "SINCE SEP 1 302 385 -83 272",
    [19] "SINCE JUL 1 324 412 -88 288",
    [20] "COOLING YESTERDAY 0 0 0 0",
    [21] "MONTH TO DATE 8 0 8 8",
    [22] "SINCE SEP 1 69 53 16 59",
    [23] "SINCE JAN 1 515 540 -25 611"
]
