May 1st, 2014
"000 CDUS41 KBUF 021016 CLIBUF CLIMATE REPORT NATIONAL WEATHER SERVICE BUFFALO NY 614 AM EDT FRI MAY 2 2014 ................................... ...THE BUFFALO NY CLIMATE SUMMARY FOR MAY 1 2014... CLIMATE NORMAL PERIOD 1981 TO 2010 CLIMATE RECORD PERIOD 1871 TO 2014 WEATHER ITEM OBSERVED TIME RECORD YEAR NORMAL DEPARTURE LAST VALUE (LST) VALUE VALUE FROM YEAR NORMAL .................................................................. TEMPERATURE (F) YESTERDAY MAXIMUM 53 349 PM 87 1970 62 -9 80 MINIMUM 44 745 AM 28 1978 42 2 57 1943 AVERAGE 49 52 -3 69 PRECIPITATION (IN) YESTERDAY T 0.77 1875 0.10 -0.10 0.00 MONTH TO DATE T 0.10 -0.10 0.00 SINCE MAR 1 7.63 5.98 1.65 4.98 SINCE JAN 1 14.41 11.65 2.76 10.53 SNOWFALL (IN) YESTERDAY 0.0 0.1 1978 0.0 0.0 0.0 MONTH TO DATE 0.0 0.0 0.0 0.0 SINCE MAR 1 25.7 15.6 10.1 10.1 SINCE JUL 1 129.9 94.4 35.5 58.8 SNOW DEPTH 0 DEGREE DAYS HEATING YESTERDAY 16 13 3 0 MONTH TO DATE 16 13 3 0 SINCE MAR 1 1765 1550 215 1538 SINCE JUL 1 6871 6294 577 5858 COOLING YESTERDAY 0 0 0 4 MONTH TO DATE 0 0 0 4 SINCE MAR 1 0 3 -3 4 SINCE JAN 1 0 3 -3 4 .................................................................. WIND (MPH) HIGHEST WIND SPEED 26 HIGHEST WIND DIRECTION SW (220) HIGHEST GUST SPEED 33 HIGHEST GUST DIRECTION SW (230) AVERAGE WIND SPEED 15.0 SKY COVER POSSIBLE SUNSHINE 0 PERCENT AVERAGE SKY COVER 0.8 WEATHER CONDITIONS THE FOLLOWING WEATHER WAS RECORDED YESTERDAY. LIGHT RAIN FOG RELATIVE HUMIDITY (PERCENT) HIGHEST 96 300 AM LOWEST 54 400 PM AVERAGE 75 .......................................................... THE BUFFALO NY CLIMATE NORMALS FOR TODAY NORMAL RECORD YEAR MAXIMUM TEMPERATURE (F) 62 84 1954 1887 MINIMUM TEMPERATURE (F) 43 30 1903 1882 SUNRISE AND SUNSET MAY 2 2014...........SUNRISE 608 AM EDT SUNSET 817 PM EDT MAY 3 2014...........SUNRISE 606 AM EDT SUNSET 818 PM EDT - INDICATES NEGATIVE NUMBERS. R INDICATES RECORD WAS SET OR TIED. MM INDICATES DATA IS MISSING. T INDICATES TRACE AMOUNT."
[
    [ 0] "TEMPERATURE (F) YESTERDAY MAXIMUM 53 349",
    [ 1] "PM 87 1970 62 -9 80",
    [ 2] "MINIMUM 44 745",
    [ 3] "AM 28 1978 42 2 57 1943",
    [ 4] "AVERAGE 49 52 -3 69",
    [ 5] "PRECIPITATION (IN) YESTERDAY T 0.77 1875 0.10 -0.10 0.00",
    [ 6] "MONTH TO DATE T 0.10 -0.10 0.00",
    [ 7] "SINCE MAR 1 7.63 5.98 1.65 4.98",
    [ 8] "SINCE JAN 1 14.41 11.65 2.76 10.53",
    [ 9] "SNOWFALL (IN) YESTERDAY 0.0 0.1 1978 0.0 0.0 0.0",
    [10] "MONTH TO DATE 0.0 0.0 0.0 0.0",
    [11] "SINCE MAR 1 25.7 15.6 10.1 10.1",
    [12] "SINCE JUL 1 129.9 94.4 35.5 58.8",
    [13] "SNOW DEPTH 0",
    [14] "DEGREE DAYS HEATING YESTERDAY 16 13 3 0",
    [15] "MONTH TO DATE 16 13 3 0",
    [16] "SINCE MAR 1 1765 1550 215 1538",
    [17] "SINCE JUL 1 6871 6294 577 5858",
    [18] "COOLING YESTERDAY 0 0 0 4",
    [19] "MONTH TO DATE 0 0 0 4",
    [20] "SINCE MAR 1 0 3 -3 4",
    [21] "SINCE JAN 1 0 3 -3 4"
]
