May 19th, 2014
"000 CDUS41 KBUF 201014 CLIBUF CLIMATE REPORT NATIONAL WEATHER SERVICE BUFFALO NY 613 AM EDT TUE MAY 20 2014 ................................... ...THE BUFFALO NY CLIMATE SUMMARY FOR MAY 19 2014... CLIMATE NORMAL PERIOD 1981 TO 2010 CLIMATE RECORD PERIOD 1871 TO 2014 WEATHER ITEM OBSERVED TIME RECORD YEAR NORMAL DEPARTURE LAST VALUE (LST) VALUE VALUE FROM YEAR NORMAL .................................................................. TEMPERATURE (F) YESTERDAY MAXIMUM 61 456 PM 86 1962 68 -7 83 MINIMUM 45 425 AM 34 2002 48 -3 58 AVERAGE 53 58 -5 71 PRECIPITATION (IN) YESTERDAY T 3.41 1986 0.11 -0.11 0.00 MONTH TO DATE 2.70 2.01 0.69 1.19 SINCE MAR 1 10.33 7.89 2.44 6.17 SINCE JAN 1 17.11 13.56 3.55 11.72 SNOWFALL (IN) YESTERDAY 0.0 T 2002 0.0 0.0 0.0 1976 MONTH TO DATE 0.0 0.3 -0.3 T SINCE MAR 1 25.7 15.9 9.8 10.1 SINCE JUL 1 129.9 94.7 35.2 58.8 SNOW DEPTH 0 DEGREE DAYS HEATING YESTERDAY 12 8 4 0 MONTH TO DATE 189 198 -9 102 SINCE MAR 1 1938 1735 203 1640 SINCE JUL 1 7044 6479 565 5960 COOLING YESTERDAY 0 1 -1 6 MONTH TO DATE 21 7 14 19 SINCE MAR 1 21 10 11 19 SINCE JAN 1 21 10 11 19 .................................................................. WIND (MPH) HIGHEST WIND SPEED 20 HIGHEST WIND DIRECTION SW (210) HIGHEST GUST SPEED 24 HIGHEST GUST DIRECTION SW (230) AVERAGE WIND SPEED 11.6 SKY COVER POSSIBLE SUNSHINE 59 PERCENT AVERAGE SKY COVER 0.4 WEATHER CONDITIONS THE FOLLOWING WEATHER WAS RECORDED YESTERDAY. LIGHT RAIN RELATIVE HUMIDITY (PERCENT) HIGHEST 71 200 AM LOWEST 46 500 PM AVERAGE 59 .......................................................... THE BUFFALO NY CLIMATE NORMALS FOR TODAY NORMAL RECORD YEAR MAXIMUM TEMPERATURE (F) 68 89 2012 MINIMUM TEMPERATURE (F) 49 32 1907 SUNRISE AND SUNSET MAY 20 2014...........SUNRISE 547 AM EDT SUNSET 836 PM EDT MAY 21 2014...........SUNRISE 546 AM EDT SUNSET 837 PM EDT - INDICATES NEGATIVE NUMBERS. R INDICATES RECORD WAS SET OR TIED. MM INDICATES DATA IS MISSING. T INDICATES TRACE AMOUNT."
[
    [ 0] "TEMPERATURE (F) YESTERDAY MAXIMUM 61 456",
    [ 1] "PM 86 1962 68 -7 83",
    [ 2] "MINIMUM 45 425",
    [ 3] "AM 34 2002 48 -3 58",
    [ 4] "AVERAGE 53 58 -5 71",
    [ 5] "PRECIPITATION (IN) YESTERDAY T 3.41 1986 0.11 -0.11 0.00",
    [ 6] "MONTH TO DATE 2.70 2.01 0.69 1.19",
    [ 7] "SINCE MAR 1 10.33 7.89 2.44 6.17",
    [ 8] "SINCE JAN 1 17.11 13.56 3.55 11.72",
    [ 9] "SNOWFALL (IN) YESTERDAY 0.0",
    [10] "T 2002 0.0 0.0 0.0 1976",
    [11] "MONTH TO DATE 0.0 0.3 -0.3",
    [12] "T SINCE MAR 1 25.7 15.9 9.8 10.1",
    [13] "SINCE JUL 1 129.9 94.7 35.2 58.8",
    [14] "SNOW DEPTH 0",
    [15] "DEGREE DAYS HEATING YESTERDAY 12 8 4 0",
    [16] "MONTH TO DATE 189 198 -9 102",
    [17] "SINCE MAR 1 1938 1735 203 1640",
    [18] "SINCE JUL 1 7044 6479 565 5960",
    [19] "COOLING YESTERDAY 0 1 -1 6",
    [20] "MONTH TO DATE 21 7 14 19",
    [21] "SINCE MAR 1 21 10 11 19",
    [22] "SINCE JAN 1 21 10 11 19"
]
