October 25th, 2014
"000 CDUS41 KBUF 261019 CLIBUF CLIMATE REPORT NATIONAL WEATHER SERVICE BUFFALO NY 617 AM EDT SUN OCT 26 2014 ................................... ...THE BUFFALO NY CLIMATE SUMMARY FOR OCTOBER 25 2014... CLIMATE NORMAL PERIOD 1981 TO 2010 CLIMATE RECORD PERIOD 1871 TO 2014 WEATHER ITEM OBSERVED TIME RECORD YEAR NORMAL DEPARTURE LAST VALUE (LST) VALUE VALUE FROM YEAR NORMAL .................................................................. TEMPERATURE (F) YESTERDAY MAXIMUM 62 1240 PM 79 2012 56 6 50 MINIMUM 49 1152 PM 25 1879 40 9 36 AVERAGE 56 48 8 43 PRECIPITATION (IN) YESTERDAY T 2.42 1980 0.10 -0.10 0.13 MONTH TO DATE 4.40 2.85 1.55 5.14 SINCE SEP 1 7.53 6.75 0.78 8.67 SINCE JAN 1 37.47 31.91 5.56 36.30 SNOWFALL (IN) YESTERDAY 0.0 0.5 1988 0.1 -0.1 0.0 MONTH TO DATE T 0.6 -0.6 T SINCE SEP 1 T 0.6 -0.6 T SINCE JUL 1 T 0.6 -0.6 T SNOW DEPTH 0 DEGREE DAYS HEATING YESTERDAY 9 17 -8 22 MONTH TO DATE 271 333 -62 218 SINCE SEP 1 379 468 -89 370 SINCE JUL 1 401 495 -94 386 COOLING YESTERDAY 0 0 0 0 MONTH TO DATE 8 0 8 8 SINCE SEP 1 69 53 16 59 SINCE JAN 1 515 540 -25 611 .................................................................. WIND (MPH) HIGHEST WIND SPEED 35 HIGHEST WIND DIRECTION SW (240) HIGHEST GUST SPEED 46 HIGHEST GUST DIRECTION W (250) AVERAGE WIND SPEED 14.9 SKY COVER AVERAGE SKY COVER 0.8 WEATHER CONDITIONS THE FOLLOWING WEATHER WAS RECORDED YESTERDAY. THUNDERSTORM LIGHT RAIN FOG HAZE RELATIVE HUMIDITY (PERCENT) HIGHEST 93 700 PM LOWEST 59 1000 PM AVERAGE 76 .......................................................... THE BUFFALO NY CLIMATE NORMALS FOR TODAY NORMAL RECORD YEAR MAXIMUM TEMPERATURE (F) 55 77 1991 MINIMUM TEMPERATURE (F) 40 25 1884 SUNRISE AND SUNSET OCTOBER 26 2014.......SUNRISE 742 AM EDT SUNSET 615 PM EDT OCTOBER 27 2014.......SUNRISE 743 AM EDT SUNSET 614 PM EDT - INDICATES NEGATIVE NUMBERS. R INDICATES RECORD WAS SET OR TIED. MM INDICATES DATA IS MISSING. T INDICATES TRACE AMOUNT."
[
    [ 0] "TEMPERATURE (F) YESTERDAY MAXIMUM 62 1240",
    [ 1] "PM 79 2012 56 6 50",
    [ 2] "MINIMUM 49 1152",
    [ 3] "PM 25 1879 40 9 36",
    [ 4] "AVERAGE 56 48 8 43",
    [ 5] "PRECIPITATION (IN) YESTERDAY T 2.42 1980 0.10 -0.10 0.13",
    [ 6] "MONTH TO DATE 4.40 2.85 1.55 5.14",
    [ 7] "SINCE SEP 1 7.53 6.75 0.78 8.67",
    [ 8] "SINCE JAN 1 37.47 31.91 5.56 36.30",
    [ 9] "SNOWFALL (IN) YESTERDAY 0.0 0.5 1988 0.1 -0.1 0.0",
    [10] "MONTH TO DATE T 0.6 -0.6",
    [11] "T SINCE SEP 1",
    [12] "T 0.6 -0.6",
    [13] "T SINCE JUL 1",
    [14] "T 0.6 -0.6",
    [15] "T SNOW DEPTH 0",
    [16] "DEGREE DAYS HEATING YESTERDAY 9 17 -8 22",
    [17] "MONTH TO DATE 271 333 -62 218",
    [18] "SINCE SEP 1 379 468 -89 370",
    [19] "SINCE JUL 1 401 495 -94 386",
    [20] "COOLING YESTERDAY 0 0 0 0",
    [21] "MONTH TO DATE 8 0 8 8",
    [22] "SINCE SEP 1 69 53 16 59",
    [23] "SINCE JAN 1 515 540 -25 611"
]
