October 10th, 2014
"000 CDUS41 KBUF 111015 CLIBUF CLIMATE REPORT NATIONAL WEATHER SERVICE BUFFALO NY 614 AM EDT SAT OCT 11 2014 ................................... ...THE BUFFALO NY CLIMATE SUMMARY FOR OCTOBER 10 2014... CLIMATE NORMAL PERIOD 1981 TO 2010 CLIMATE RECORD PERIOD 1871 TO 2014 WEATHER ITEM OBSERVED TIME RECORD YEAR NORMAL DEPARTURE LAST VALUE (LST) VALUE VALUE FROM YEAR NORMAL .................................................................. TEMPERATURE (F) YESTERDAY MAXIMUM 56 132 PM 85 1949 61 -5 70 MINIMUM 43 602 AM 29 1972 44 -1 44 1925 AVERAGE 50 53 -3 57 PRECIPITATION (IN) YESTERDAY 0.00 1.32 1922 0.13 -0.13 0.00 MONTH TO DATE 2.89 1.24 1.65 2.28 SINCE SEP 1 6.02 5.14 0.88 5.81 SINCE JAN 1 35.96 30.30 5.66 33.44 SNOWFALL (IN) YESTERDAY 0.0 1.6 1906 0.0 0.0 0.0 MONTH TO DATE T 0.2 -0.2 0.0 SINCE SEP 1 T 0.2 -0.2 0.0 SINCE JUL 1 T 0.2 -0.2 0.0 SNOW DEPTH 0 DEGREE DAYS HEATING YESTERDAY 15 12 3 8 MONTH TO DATE 92 108 -16 37 SINCE SEP 1 200 243 -43 189 SINCE JUL 1 222 270 -48 205 COOLING YESTERDAY 0 0 0 0 MONTH TO DATE 3 0 3 8 SINCE SEP 1 64 53 11 59 SINCE JAN 1 510 540 -30 611 .................................................................. WIND (MPH) HIGHEST WIND SPEED 14 HIGHEST WIND DIRECTION SW (230) HIGHEST GUST SPEED 17 HIGHEST GUST DIRECTION W (270) AVERAGE WIND SPEED 6.0 SKY COVER AVERAGE SKY COVER 0.8 WEATHER CONDITIONS THE FOLLOWING WEATHER WAS RECORDED YESTERDAY. NO SIGNIFICANT WEATHER WAS OBSERVED. RELATIVE HUMIDITY (PERCENT) HIGHEST 83 700 AM LOWEST 47 100 PM AVERAGE 65 .......................................................... THE BUFFALO NY CLIMATE NORMALS FOR TODAY NORMAL RECORD YEAR MAXIMUM TEMPERATURE (F) 61 82 1949 MINIMUM TEMPERATURE (F) 44 29 1964 1881 SUNRISE AND SUNSET OCTOBER 11 2014.......SUNRISE 724 AM EDT SUNSET 639 PM EDT OCTOBER 12 2014.......SUNRISE 725 AM EDT SUNSET 637 PM EDT - INDICATES NEGATIVE NUMBERS. R INDICATES RECORD WAS SET OR TIED. MM INDICATES DATA IS MISSING. T INDICATES TRACE AMOUNT."
[
    [ 0] "TEMPERATURE (F) YESTERDAY MAXIMUM 56 132",
    [ 1] "PM 85 1949 61 -5 70",
    [ 2] "MINIMUM 43 602",
    [ 3] "AM 29 1972 44 -1 44 1925",
    [ 4] "AVERAGE 50 53 -3 57",
    [ 5] "PRECIPITATION (IN) YESTERDAY 0.00 1.32 1922 0.13 -0.13 0.00",
    [ 6] "MONTH TO DATE 2.89 1.24 1.65 2.28",
    [ 7] "SINCE SEP 1 6.02 5.14 0.88 5.81",
    [ 8] "SINCE JAN 1 35.96 30.30 5.66 33.44",
    [ 9] "SNOWFALL (IN) YESTERDAY 0.0 1.6 1906 0.0 0.0 0.0",
    [10] "MONTH TO DATE T 0.2 -0.2 0.0",
    [11] "SINCE SEP 1",
    [12] "T 0.2 -0.2 0.0",
    [13] "SINCE JUL 1",
    [14] "T 0.2 -0.2 0.0",
    [15] "SNOW DEPTH 0",
    [16] "DEGREE DAYS HEATING YESTERDAY 15 12 3 8",
    [17] "MONTH TO DATE 92 108 -16 37",
    [18] "SINCE SEP 1 200 243 -43 189",
    [19] "SINCE JUL 1 222 270 -48 205",
    [20] "COOLING YESTERDAY 0 0 0 0",
    [21] "MONTH TO DATE 3 0 3 8",
    [22] "SINCE SEP 1 64 53 11 59",
    [23] "SINCE JAN 1 510 540 -30 611"
]
