September 23rd, 2014
"000 CDUS41 KBUF 241016 CLIBUF CLIMATE REPORT NATIONAL WEATHER SERVICE BUFFALO NY 614 AM EDT WED SEP 24 2014 ................................... ...THE BUFFALO NY CLIMATE SUMMARY FOR SEPTEMBER 23 2014... CLIMATE NORMAL PERIOD 1981 TO 2010 CLIMATE RECORD PERIOD 1871 TO 2014 WEATHER ITEM OBSERVED TIME RECORD YEAR NORMAL DEPARTURE LAST VALUE (LST) VALUE VALUE FROM YEAR NORMAL .................................................................. TEMPERATURE (F) YESTERDAY MAXIMUM 67 148 PM 86 1936 68 -1 60 MINIMUM 45 508 AM 32 1947 51 -6 44 AVERAGE 56 60 -4 52 PRECIPITATION (IN) YESTERDAY 0.00 1.32 2000 0.15 -0.15 0.00 MONTH TO DATE 3.13 2.92 0.21 3.53 SINCE SEP 1 3.13 2.92 0.21 3.53 SINCE JAN 1 33.07 28.08 4.99 31.16 SNOWFALL (IN) YESTERDAY 0.0 T 1950 0.0 0.0 0.0 MONTH TO DATE 0.0 0.0 0.0 0.0 SINCE SEP 1 0.0 0.0 0.0 0.0 SINCE JUL 1 0.0 0.0 0.0 0.0 SNOW DEPTH 0 DEGREE DAYS HEATING YESTERDAY 9 6 3 13 MONTH TO DATE 106 81 25 117 SINCE SEP 1 106 81 25 117 SINCE JUL 1 128 108 20 133 COOLING YESTERDAY 0 1 -1 0 MONTH TO DATE 56 48 8 49 SINCE SEP 1 56 48 8 49 SINCE JAN 1 502 535 -33 601 .................................................................. WIND (MPH) HIGHEST WIND SPEED 18 HIGHEST WIND DIRECTION SW (220) HIGHEST GUST SPEED 25 HIGHEST GUST DIRECTION SW (220) AVERAGE WIND SPEED 9.0 SKY COVER AVERAGE SKY COVER 0.2 WEATHER CONDITIONS THE FOLLOWING WEATHER WAS RECORDED YESTERDAY. NO SIGNIFICANT WEATHER WAS OBSERVED. RELATIVE HUMIDITY (PERCENT) HIGHEST 89 1100 PM LOWEST 56 1000 AM AVERAGE 73 .......................................................... THE BUFFALO NY CLIMATE NORMALS FOR TODAY NORMAL RECORD YEAR MAXIMUM TEMPERATURE (F) 68 88 2010 1970 MINIMUM TEMPERATURE (F) 50 32 1963 SUNRISE AND SUNSET SEPTEMBER 24 2014.....SUNRISE 704 AM EDT SUNSET 709 PM EDT SEPTEMBER 25 2014.....SUNRISE 705 AM EDT SUNSET 707 PM EDT - INDICATES NEGATIVE NUMBERS. R INDICATES RECORD WAS SET OR TIED. MM INDICATES DATA IS MISSING. T INDICATES TRACE AMOUNT."
[
    [ 0] "TEMPERATURE (F) YESTERDAY MAXIMUM 67 148",
    [ 1] "PM 86 1936 68 -1 60",
    [ 2] "MINIMUM 45 508",
    [ 3] "AM 32 1947 51 -6 44",
    [ 4] "AVERAGE 56 60 -4 52",
    [ 5] "PRECIPITATION (IN) YESTERDAY 0.00 1.32 2000 0.15 -0.15 0.00",
    [ 6] "MONTH TO DATE 3.13 2.92 0.21 3.53",
    [ 7] "SINCE SEP 1 3.13 2.92 0.21 3.53",
    [ 8] "SINCE JAN 1 33.07 28.08 4.99 31.16",
    [ 9] "SNOWFALL (IN) YESTERDAY 0.0",
    [10] "T 1950 0.0 0.0 0.0",
    [11] "MONTH TO DATE 0.0 0.0 0.0 0.0",
    [12] "SINCE SEP 1 0.0 0.0 0.0 0.0",
    [13] "SINCE JUL 1 0.0 0.0 0.0 0.0",
    [14] "SNOW DEPTH 0",
    [15] "DEGREE DAYS HEATING YESTERDAY 9 6 3 13",
    [16] "MONTH TO DATE 106 81 25 117",
    [17] "SINCE SEP 1 106 81 25 117",
    [18] "SINCE JUL 1 128 108 20 133",
    [19] "COOLING YESTERDAY 0 1 -1 0",
    [20] "MONTH TO DATE 56 48 8 49",
    [21] "SINCE SEP 1 56 48 8 49",
    [22] "SINCE JAN 1 502 535 -33 601"
]
