May 7th, 2014
"000 CDUS41 KBUF 081008 CLIBUF CLIMATE REPORT NATIONAL WEATHER SERVICE BUFFALO NY 606 AM EDT THU MAY 8 2014 ................................... ...THE BUFFALO NY CLIMATE SUMMARY FOR MAY 7 2014... CLIMATE NORMAL PERIOD 1981 TO 2010 CLIMATE RECORD PERIOD 1871 TO 2014 WEATHER ITEM OBSERVED TIME RECORD YEAR NORMAL DEPARTURE LAST VALUE (LST) VALUE VALUE FROM YEAR NORMAL .................................................................. TEMPERATURE (F) YESTERDAY MAXIMUM 68 433 PM 83 1982 64 4 79 MINIMUM 44 443 AM 29 1970 44 0 54 AVERAGE 56 54 2 67 PRECIPITATION (IN) YESTERDAY 0.00 1.29 1932 0.11 -0.11 0.00 MONTH TO DATE 0.15 0.72 -0.57 0.00 SINCE MAR 1 7.78 6.60 1.18 4.98 SINCE JAN 1 14.56 12.27 2.29 10.53 SNOWFALL (IN) YESTERDAY 0.0 7.9 1989 0.0 0.0 0.0 MONTH TO DATE 0.0 0.1 -0.1 0.0 SINCE MAR 1 25.7 15.7 10.0 10.1 SINCE JUL 1 129.9 94.5 35.4 58.8 SNOW DEPTH 0 DEGREE DAYS HEATING YESTERDAY 9 11 -2 0 MONTH TO DATE 111 86 25 0 SINCE MAR 1 1860 1623 237 1538 SINCE JUL 1 6966 6367 599 5858 COOLING YESTERDAY 0 0 0 2 MONTH TO DATE 0 0 0 13 SINCE MAR 1 0 3 -3 13 SINCE JAN 1 0 3 -3 13 .................................................................. WIND (MPH) HIGHEST WIND SPEED 15 HIGHEST WIND DIRECTION NE (50) HIGHEST GUST SPEED 21 HIGHEST GUST DIRECTION E (110) AVERAGE WIND SPEED 9.8 SKY COVER POSSIBLE SUNSHINE 66 PERCENT AVERAGE SKY COVER 0.7 WEATHER CONDITIONS THE FOLLOWING WEATHER WAS RECORDED YESTERDAY. NO SIGNIFICANT WEATHER WAS OBSERVED. RELATIVE HUMIDITY (PERCENT) HIGHEST 65 300 AM LOWEST 32 100 PM AVERAGE 49 .......................................................... THE BUFFALO NY CLIMATE NORMALS FOR TODAY NORMAL RECORD YEAR MAXIMUM TEMPERATURE (F) 64 85 1979 MINIMUM TEMPERATURE (F) 45 29 1956 SUNRISE AND SUNSET MAY 8 2014...........SUNRISE 600 AM EDT SUNSET 824 PM EDT MAY 9 2014...........SUNRISE 559 AM EDT SUNSET 825 PM EDT - INDICATES NEGATIVE NUMBERS. R INDICATES RECORD WAS SET OR TIED. MM INDICATES DATA IS MISSING. T INDICATES TRACE AMOUNT."
[
    [ 0] "TEMPERATURE (F) YESTERDAY MAXIMUM 68 433",
    [ 1] "PM 83 1982 64 4 79",
    [ 2] "MINIMUM 44 443",
    [ 3] "AM 29 1970 44 0 54",
    [ 4] "AVERAGE 56 54 2 67",
    [ 5] "PRECIPITATION (IN) YESTERDAY 0.00 1.29 1932 0.11 -0.11 0.00",
    [ 6] "MONTH TO DATE 0.15 0.72 -0.57 0.00",
    [ 7] "SINCE MAR 1 7.78 6.60 1.18 4.98",
    [ 8] "SINCE JAN 1 14.56 12.27 2.29 10.53",
    [ 9] "SNOWFALL (IN) YESTERDAY 0.0 7.9 1989 0.0 0.0 0.0",
    [10] "MONTH TO DATE 0.0 0.1 -0.1 0.0",
    [11] "SINCE MAR 1 25.7 15.7 10.0 10.1",
    [12] "SINCE JUL 1 129.9 94.5 35.4 58.8",
    [13] "SNOW DEPTH 0",
    [14] "DEGREE DAYS HEATING YESTERDAY 9 11 -2 0",
    [15] "MONTH TO DATE 111 86 25 0",
    [16] "SINCE MAR 1 1860 1623 237 1538",
    [17] "SINCE JUL 1 6966 6367 599 5858",
    [18] "COOLING YESTERDAY 0 0 0 2",
    [19] "MONTH TO DATE 0 0 0 13",
    [20] "SINCE MAR 1 0 3 -3 13",
    [21] "SINCE JAN 1 0 3 -3 13"
]
