May 17th, 2014
"000 CDUS41 KBUF 181001 CLIBUF CLIMATE REPORT NATIONAL WEATHER SERVICE BUFFALO NY 600 AM EDT SUN MAY 18 2014 ................................... ...THE BUFFALO NY CLIMATE SUMMARY FOR MAY 17 2014... CLIMATE NORMAL PERIOD 1981 TO 2010 CLIMATE RECORD PERIOD 1871 TO 2014 WEATHER ITEM OBSERVED TIME RECORD YEAR NORMAL DEPARTURE LAST VALUE (LST) VALUE VALUE FROM YEAR NORMAL .................................................................. TEMPERATURE (F) YESTERDAY MAXIMUM 56 400 PM 87 1949 67 -11 66 MINIMUM 41 504 AM 32 1983 48 -7 44 1956 AVERAGE 49 57 -8 55 PRECIPITATION (IN) YESTERDAY T 1.54 1953 0.11 -0.11 0.00 MONTH TO DATE 2.69 1.78 0.91 1.19 SINCE MAR 1 10.32 7.66 2.66 6.17 SINCE JAN 1 17.10 13.33 3.77 11.72 SNOWFALL (IN) YESTERDAY 0.0 T 1923 0.1 -0.1 0.0 MONTH TO DATE 0.0 0.3 -0.3 T SINCE MAR 1 25.7 15.9 9.8 10.1 SINCE JUL 1 129.9 94.7 35.2 58.8 SNOW DEPTH 0 DEGREE DAYS HEATING YESTERDAY 16 8 8 10 MONTH TO DATE 163 182 -19 100 SINCE MAR 1 1912 1719 193 1638 SINCE JUL 1 7018 6463 555 5958 COOLING YESTERDAY 0 1 -1 0 MONTH TO DATE 21 5 16 13 SINCE MAR 1 21 8 13 13 SINCE JAN 1 21 8 13 13 .................................................................. WIND (MPH) HIGHEST WIND SPEED 18 HIGHEST WIND DIRECTION SW (240) HIGHEST GUST SPEED 23 HIGHEST GUST DIRECTION W (250) AVERAGE WIND SPEED 8.2 SKY COVER POSSIBLE SUNSHINE 76 PERCENT AVERAGE SKY COVER 0.7 WEATHER CONDITIONS THE FOLLOWING WEATHER WAS RECORDED YESTERDAY. LIGHT RAIN RELATIVE HUMIDITY (PERCENT) HIGHEST 89 200 AM LOWEST 46 100 PM AVERAGE 68 .......................................................... THE BUFFALO NY CLIMATE NORMALS FOR TODAY NORMAL RECORD YEAR MAXIMUM TEMPERATURE (F) 67 89 1889 MINIMUM TEMPERATURE (F) 48 33 1981 SUNRISE AND SUNSET MAY 18 2014...........SUNRISE 549 AM EDT SUNSET 834 PM EDT MAY 19 2014...........SUNRISE 548 AM EDT SUNSET 835 PM EDT - INDICATES NEGATIVE NUMBERS. R INDICATES RECORD WAS SET OR TIED. MM INDICATES DATA IS MISSING. T INDICATES TRACE AMOUNT."
[
    [ 0] "TEMPERATURE (F) YESTERDAY MAXIMUM 56 400",
    [ 1] "PM 87 1949 67 -11 66",
    [ 2] "MINIMUM 41 504",
    [ 3] "AM 32 1983 48 -7 44 1956",
    [ 4] "AVERAGE 49 57 -8 55",
    [ 5] "PRECIPITATION (IN) YESTERDAY T 1.54 1953 0.11 -0.11 0.00",
    [ 6] "MONTH TO DATE 2.69 1.78 0.91 1.19",
    [ 7] "SINCE MAR 1 10.32 7.66 2.66 6.17",
    [ 8] "SINCE JAN 1 17.10 13.33 3.77 11.72",
    [ 9] "SNOWFALL (IN) YESTERDAY 0.0",
    [10] "T 1923 0.1 -0.1 0.0",
    [11] "MONTH TO DATE 0.0 0.3 -0.3",
    [12] "T SINCE MAR 1 25.7 15.9 9.8 10.1",
    [13] "SINCE JUL 1 129.9 94.7 35.2 58.8",
    [14] "SNOW DEPTH 0",
    [15] "DEGREE DAYS HEATING YESTERDAY 16 8 8 10",
    [16] "MONTH TO DATE 163 182 -19 100",
    [17] "SINCE MAR 1 1912 1719 193 1638",
    [18] "SINCE JUL 1 7018 6463 555 5958",
    [19] "COOLING YESTERDAY 0 1 -1 0",
    [20] "MONTH TO DATE 21 5 16 13",
    [21] "SINCE MAR 1 21 8 13 13",
    [22] "SINCE JAN 1 21 8 13 13"
]
