April 29th, 2014
"000 CDUS41 KBUF 301019 CLIBUF CLIMATE REPORT NATIONAL WEATHER SERVICE BUFFALO NY 617 AM EDT WED APR 30 2014 ................................... ...THE BUFFALO NY CLIMATE SUMMARY FOR APRIL 29 2014... CLIMATE NORMAL PERIOD 1981 TO 2010 CLIMATE RECORD PERIOD 1871 TO 2014 WEATHER ITEM OBSERVED TIME RECORD YEAR NORMAL DEPARTURE LAST VALUE (LST) VALUE VALUE FROM YEAR NORMAL .................................................................. TEMPERATURE (F) YESTERDAY MAXIMUM 58 525 PM 81 1990 61 -3 64 1962 MINIMUM 48 119 AM 28 2012 42 6 51 AVERAGE 53 51 2 58 PRECIPITATION (IN) YESTERDAY 0.94 1.22 1921 0.10 0.84 0.12 MONTH TO DATE 4.60 2.91 1.69 3.92 SINCE MAR 1 7.15 5.78 1.37 4.98 SINCE JAN 1 13.93 11.45 2.48 10.53 SNOWFALL (IN) YESTERDAY 0.0 1.9 1909 0.0 0.0 0.0 MONTH TO DATE 1.2 2.7 -1.5 0.3 SINCE MAR 1 25.7 15.6 10.1 10.1 SINCE JUL 1 129.9 94.4 35.5 58.8 SNOW DEPTH 0 DEGREE DAYS HEATING YESTERDAY 12 14 -2 7 MONTH TO DATE 558 561 -3 552 SINCE MAR 1 1736 1522 214 1538 SINCE JUL 1 6842 6266 576 5858 COOLING YESTERDAY 0 0 0 0 MONTH TO DATE 0 0 0 0 SINCE MAR 1 0 0 0 0 SINCE JAN 1 0 0 0 0 .................................................................. WIND (MPH) HIGHEST WIND SPEED 30 HIGHEST WIND DIRECTION S (170) HIGHEST GUST SPEED 38 HIGHEST GUST DIRECTION S (180) AVERAGE WIND SPEED 16.7 SKY COVER POSSIBLE SUNSHINE 20 PERCENT AVERAGE SKY COVER 0.8 WEATHER CONDITIONS THE FOLLOWING WEATHER WAS RECORDED YESTERDAY. HEAVY RAIN RAIN LIGHT RAIN RELATIVE HUMIDITY (PERCENT) HIGHEST 86 1100 AM LOWEST 55 600 AM AVERAGE 71 .......................................................... THE BUFFALO NY CLIMATE NORMALS FOR TODAY NORMAL RECORD YEAR MAXIMUM TEMPERATURE (F) 61 84 1899 MINIMUM TEMPERATURE (F) 42 28 1978 1931 1876 SUNRISE AND SUNSET APRIL 30 2014.........SUNRISE 610 AM EDT SUNSET 815 PM EDT MAY 1 2014...........SUNRISE 609 AM EDT SUNSET 816 PM EDT - INDICATES NEGATIVE NUMBERS. R INDICATES RECORD WAS SET OR TIED. MM INDICATES DATA IS MISSING. T INDICATES TRACE AMOUNT."
[
    [ 0] "TEMPERATURE (F) YESTERDAY MAXIMUM 58 525",
    [ 1] "PM 81 1990 61 -3 64 1962",
    [ 2] "MINIMUM 48 119",
    [ 3] "AM 28 2012 42 6 51",
    [ 4] "AVERAGE 53 51 2 58",
    [ 5] "PRECIPITATION (IN) YESTERDAY 0.94 1.22 1921 0.10 0.84 0.12",
    [ 6] "MONTH TO DATE 4.60 2.91 1.69 3.92",
    [ 7] "SINCE MAR 1 7.15 5.78 1.37 4.98",
    [ 8] "SINCE JAN 1 13.93 11.45 2.48 10.53",
    [ 9] "SNOWFALL (IN) YESTERDAY 0.0 1.9 1909 0.0 0.0 0.0",
    [10] "MONTH TO DATE 1.2 2.7 -1.5 0.3",
    [11] "SINCE MAR 1 25.7 15.6 10.1 10.1",
    [12] "SINCE JUL 1 129.9 94.4 35.5 58.8",
    [13] "SNOW DEPTH 0",
    [14] "DEGREE DAYS HEATING YESTERDAY 12 14 -2 7",
    [15] "MONTH TO DATE 558 561 -3 552",
    [16] "SINCE MAR 1 1736 1522 214 1538",
    [17] "SINCE JUL 1 6842 6266 576 5858",
    [18] "COOLING YESTERDAY 0 0 0 0",
    [19] "MONTH TO DATE 0 0 0 0",
    [20] "SINCE MAR 1 0 0 0 0",
    [21] "SINCE JAN 1 0 0 0 0"
]
