May 4th, 2014
"000 CDUS41 KBUF 051019 CLIBUF CLIMATE REPORT NATIONAL WEATHER SERVICE BUFFALO NY 618 AM EDT MON MAY 5 2014 ................................... ...THE BUFFALO NY CLIMATE SUMMARY FOR MAY 4 2014... CLIMATE NORMAL PERIOD 1981 TO 2010 CLIMATE RECORD PERIOD 1871 TO 2014 WEATHER ITEM OBSERVED TIME RECORD YEAR NORMAL DEPARTURE LAST VALUE (LST) VALUE VALUE FROM YEAR NORMAL .................................................................. TEMPERATURE (F) YESTERDAY MAXIMUM 53 559 PM 85 1960 63 -10 76 MINIMUM 39 555 AM 25 1926 43 -4 53 AVERAGE 46 53 -7 65 PRECIPITATION (IN) YESTERDAY 0.00 1.05 1890 0.11 -0.11 0.00 MONTH TO DATE 0.15 0.41 -0.26 0.00 SINCE MAR 1 7.78 6.29 1.49 4.98 SINCE JAN 1 14.56 11.96 2.60 10.53 SNOWFALL (IN) YESTERDAY 0.0 0.2 1907 0.0 0.0 0.0 MONTH TO DATE 0.0 0.1 -0.1 0.0 SINCE MAR 1 25.7 15.7 10.0 10.1 SINCE JUL 1 129.9 94.5 35.4 58.8 SNOW DEPTH 0 DEGREE DAYS HEATING YESTERDAY 19 12 7 0 MONTH TO DATE 70 51 19 0 SINCE MAR 1 1819 1588 231 1538 SINCE JUL 1 6925 6332 593 5858 COOLING YESTERDAY 0 0 0 0 MONTH TO DATE 0 0 0 11 SINCE MAR 1 0 3 -3 11 SINCE JAN 1 0 3 -3 11 .................................................................. WIND (MPH) HIGHEST WIND SPEED 24 HIGHEST WIND DIRECTION W (250) HIGHEST GUST SPEED 31 HIGHEST GUST DIRECTION SW (240) AVERAGE WIND SPEED 14.2 SKY COVER POSSIBLE SUNSHINE 64 PERCENT AVERAGE SKY COVER 0.5 WEATHER CONDITIONS THE FOLLOWING WEATHER WAS RECORDED YESTERDAY. NO SIGNIFICANT WEATHER WAS OBSERVED. RELATIVE HUMIDITY (PERCENT) HIGHEST 85 300 AM LOWEST 45 600 PM AVERAGE 65 .......................................................... THE BUFFALO NY CLIMATE NORMALS FOR TODAY NORMAL RECORD YEAR MAXIMUM TEMPERATURE (F) 63 90 1950 MINIMUM TEMPERATURE (F) 44 28 1891 SUNRISE AND SUNSET MAY 5 2014...........SUNRISE 604 AM EDT SUNSET 820 PM EDT MAY 6 2014...........SUNRISE 602 AM EDT SUNSET 821 PM EDT - INDICATES NEGATIVE NUMBERS. R INDICATES RECORD WAS SET OR TIED. MM INDICATES DATA IS MISSING. T INDICATES TRACE AMOUNT."
[
    [ 0] "TEMPERATURE (F) YESTERDAY MAXIMUM 53 559",
    [ 1] "PM 85 1960 63 -10 76",
    [ 2] "MINIMUM 39 555",
    [ 3] "AM 25 1926 43 -4 53",
    [ 4] "AVERAGE 46 53 -7 65",
    [ 5] "PRECIPITATION (IN) YESTERDAY 0.00 1.05 1890 0.11 -0.11 0.00",
    [ 6] "MONTH TO DATE 0.15 0.41 -0.26 0.00",
    [ 7] "SINCE MAR 1 7.78 6.29 1.49 4.98",
    [ 8] "SINCE JAN 1 14.56 11.96 2.60 10.53",
    [ 9] "SNOWFALL (IN) YESTERDAY 0.0 0.2 1907 0.0 0.0 0.0",
    [10] "MONTH TO DATE 0.0 0.1 -0.1 0.0",
    [11] "SINCE MAR 1 25.7 15.7 10.0 10.1",
    [12] "SINCE JUL 1 129.9 94.5 35.4 58.8",
    [13] "SNOW DEPTH 0",
    [14] "DEGREE DAYS HEATING YESTERDAY 19 12 7 0",
    [15] "MONTH TO DATE 70 51 19 0",
    [16] "SINCE MAR 1 1819 1588 231 1538",
    [17] "SINCE JUL 1 6925 6332 593 5858",
    [18] "COOLING YESTERDAY 0 0 0 0",
    [19] "MONTH TO DATE 0 0 0 11",
    [20] "SINCE MAR 1 0 3 -3 11",
    [21] "SINCE JAN 1 0 3 -3 11"
]
