October 17th, 2014
"000 CDUS41 KBUF 181019 CLIBUF CLIMATE REPORT NATIONAL WEATHER SERVICE BUFFALO NY 617 AM EDT SAT OCT 18 2014 ................................... ...THE BUFFALO NY CLIMATE SUMMARY FOR OCTOBER 17 2014... CLIMATE NORMAL PERIOD 1981 TO 2010 CLIMATE RECORD PERIOD 1871 TO 2014 WEATHER ITEM OBSERVED TIME RECORD YEAR NORMAL DEPARTURE LAST VALUE (LST) VALUE VALUE FROM YEAR NORMAL .................................................................. TEMPERATURE (F) YESTERDAY MAXIMUM 63 306 PM 84 1947 59 4 60 MINIMUM 55 808 AM 27 1978 42 13 51 AVERAGE 59 50 9 56 PRECIPITATION (IN) YESTERDAY 0.74 1.50 1911 0.10 0.64 0.51 MONTH TO DATE 4.09 2.01 2.08 3.69 SINCE SEP 1 7.22 5.91 1.31 7.22 SINCE JAN 1 37.16 31.07 6.09 34.85 SNOWFALL (IN) YESTERDAY 0.0 T 1976 0.0 0.0 0.0 MONTH TO DATE T 0.3 -0.3 0.0 SINCE SEP 1 T 0.3 -0.3 0.0 SINCE JUL 1 T 0.3 -0.3 0.0 SNOW DEPTH 0 DEGREE DAYS HEATING YESTERDAY 6 15 -9 9 MONTH TO DATE 141 204 -63 77 SINCE SEP 1 249 339 -90 229 SINCE JUL 1 271 366 -95 245 COOLING YESTERDAY 0 0 0 0 MONTH TO DATE 8 0 8 8 SINCE SEP 1 69 53 16 59 SINCE JAN 1 515 540 -25 611 .................................................................. WIND (MPH) HIGHEST WIND SPEED 29 HIGHEST WIND DIRECTION W (250) HIGHEST GUST SPEED 35 HIGHEST GUST DIRECTION SW (230) AVERAGE WIND SPEED 13.0 SKY COVER AVERAGE SKY COVER 0.9 WEATHER CONDITIONS THE FOLLOWING WEATHER WAS RECORDED YESTERDAY. HEAVY RAIN RAIN LIGHT RAIN FOG RELATIVE HUMIDITY (PERCENT) HIGHEST 93 800 AM LOWEST 60 400 PM AVERAGE 77 .......................................................... THE BUFFALO NY CLIMATE NORMALS FOR TODAY NORMAL RECORD YEAR MAXIMUM TEMPERATURE (F) 58 82 1947 MINIMUM TEMPERATURE (F) 42 27 1972 SUNRISE AND SUNSET OCTOBER 18 2014.......SUNRISE 732 AM EDT SUNSET 628 PM EDT OCTOBER 19 2014.......SUNRISE 733 AM EDT SUNSET 626 PM EDT - INDICATES NEGATIVE NUMBERS. R INDICATES RECORD WAS SET OR TIED. MM INDICATES DATA IS MISSING. T INDICATES TRACE AMOUNT."
[
    [ 0] "TEMPERATURE (F) YESTERDAY MAXIMUM 63 306",
    [ 1] "PM 84 1947 59 4 60",
    [ 2] "MINIMUM 55 808",
    [ 3] "AM 27 1978 42 13 51",
    [ 4] "AVERAGE 59 50 9 56",
    [ 5] "PRECIPITATION (IN) YESTERDAY 0.74 1.50 1911 0.10 0.64 0.51",
    [ 6] "MONTH TO DATE 4.09 2.01 2.08 3.69",
    [ 7] "SINCE SEP 1 7.22 5.91 1.31 7.22",
    [ 8] "SINCE JAN 1 37.16 31.07 6.09 34.85",
    [ 9] "SNOWFALL (IN) YESTERDAY 0.0",
    [10] "T 1976 0.0 0.0 0.0",
    [11] "MONTH TO DATE T 0.3 -0.3 0.0",
    [12] "SINCE SEP 1",
    [13] "T 0.3 -0.3 0.0",
    [14] "SINCE JUL 1",
    [15] "T 0.3 -0.3 0.0",
    [16] "SNOW DEPTH 0",
    [17] "DEGREE DAYS HEATING YESTERDAY 6 15 -9 9",
    [18] "MONTH TO DATE 141 204 -63 77",
    [19] "SINCE SEP 1 249 339 -90 229",
    [20] "SINCE JUL 1 271 366 -95 245",
    [21] "COOLING YESTERDAY 0 0 0 0",
    [22] "MONTH TO DATE 8 0 8 8",
    [23] "SINCE SEP 1 69 53 16 59",
    [24] "SINCE JAN 1 515 540 -25 611"
]
