April 22nd, 2014
"000 CDUS41 KBUF 231015 CLIBUF CLIMATE REPORT NATIONAL WEATHER SERVICE BUFFALO NY 614 AM EDT WED APR 23 2014 ................................... ...THE BUFFALO NY CLIMATE SUMMARY FOR APRIL 22 2014... CLIMATE NORMAL PERIOD 1981 TO 2010 CLIMATE RECORD PERIOD 1871 TO 2014 WEATHER ITEM OBSERVED TIME RECORD YEAR NORMAL DEPARTURE LAST VALUE (LST) VALUE VALUE FROM YEAR NORMAL .................................................................. TEMPERATURE (F) YESTERDAY MAXIMUM 64 204 AM 77 2008 58 6 62 1985 MINIMUM 38 1147 PM 24 1930 39 -1 34 AVERAGE 51 49 2 48 PRECIPITATION (IN) YESTERDAY 0.41 1.14 1991 0.09 0.32 0.00 MONTH TO DATE 3.19 2.24 0.95 3.36 SINCE MAR 1 5.74 5.11 0.63 4.42 SINCE JAN 1 12.52 10.78 1.74 9.97 SNOWFALL (IN) YESTERDAY 0.0 0.2 1986 0.0 0.0 0.0 MONTH TO DATE 1.2 2.5 -1.3 0.3 SINCE MAR 1 25.7 15.4 10.3 10.1 SINCE JUL 1 129.9 94.2 35.7 58.8 SNOW DEPTH 0 DEGREE DAYS HEATING YESTERDAY 14 17 -3 17 MONTH TO DATE 429 456 -27 468 SINCE MAR 1 1607 1417 190 1454 SINCE JUL 1 6713 6161 552 5774 COOLING YESTERDAY 0 0 0 0 MONTH TO DATE 0 0 0 0 SINCE MAR 1 0 0 0 0 SINCE JAN 1 0 0 0 0 .................................................................. WIND (MPH) HIGHEST WIND SPEED 25 HIGHEST WIND DIRECTION SW (240) HIGHEST GUST SPEED 33 HIGHEST GUST DIRECTION SW (240) AVERAGE WIND SPEED 12.7 SKY COVER POSSIBLE SUNSHINE 5 PERCENT AVERAGE SKY COVER 1.0 WEATHER CONDITIONS THE FOLLOWING WEATHER WAS RECORDED YESTERDAY. HEAVY RAIN RAIN LIGHT RAIN FOG FOG W/VISIBILITY <= 1/4 MILE RELATIVE HUMIDITY (PERCENT) HIGHEST 100 1000 AM LOWEST 39 100 AM AVERAGE 70 .......................................................... THE BUFFALO NY CLIMATE NORMALS FOR TODAY NORMAL RECORD YEAR MAXIMUM TEMPERATURE (F) 58 88 1985 MINIMUM TEMPERATURE (F) 40 23 1930 SUNRISE AND SUNSET APRIL 23 2014.........SUNRISE 621 AM EDT SUNSET 807 PM EDT APRIL 24 2014.........SUNRISE 619 AM EDT SUNSET 808 PM EDT - INDICATES NEGATIVE NUMBERS. R INDICATES RECORD WAS SET OR TIED. MM INDICATES DATA IS MISSING. T INDICATES TRACE AMOUNT."
[
    [ 0] "TEMPERATURE (F) YESTERDAY MAXIMUM 64 204",
    [ 1] "AM 77 2008 58 6 62 1985",
    [ 2] "MINIMUM 38 1147",
    [ 3] "PM 24 1930 39 -1 34",
    [ 4] "AVERAGE 51 49 2 48",
    [ 5] "PRECIPITATION (IN) YESTERDAY 0.41 1.14 1991 0.09 0.32 0.00",
    [ 6] "MONTH TO DATE 3.19 2.24 0.95 3.36",
    [ 7] "SINCE MAR 1 5.74 5.11 0.63 4.42",
    [ 8] "SINCE JAN 1 12.52 10.78 1.74 9.97",
    [ 9] "SNOWFALL (IN) YESTERDAY 0.0 0.2 1986 0.0 0.0 0.0",
    [10] "MONTH TO DATE 1.2 2.5 -1.3 0.3",
    [11] "SINCE MAR 1 25.7 15.4 10.3 10.1",
    [12] "SINCE JUL 1 129.9 94.2 35.7 58.8",
    [13] "SNOW DEPTH 0",
    [14] "DEGREE DAYS HEATING YESTERDAY 14 17 -3 17",
    [15] "MONTH TO DATE 429 456 -27 468",
    [16] "SINCE MAR 1 1607 1417 190 1454",
    [17] "SINCE JUL 1 6713 6161 552 5774",
    [18] "COOLING YESTERDAY 0 0 0 0",
    [19] "MONTH TO DATE 0 0 0 0",
    [20] "SINCE MAR 1 0 0 0 0",
    [21] "SINCE JAN 1 0 0 0 0"
]
