May 15th, 2014
"000 CDUS41 KBUF 161023 CLIBUF CLIMATE REPORT NATIONAL WEATHER SERVICE BUFFALO NY 620 AM EDT FRI MAY 16 2014 ................................... ...THE BUFFALO NY CLIMATE SUMMARY FOR MAY 15 2014... CLIMATE NORMAL PERIOD 1981 TO 2010 CLIMATE RECORD PERIOD 1871 TO 2014 WEATHER ITEM OBSERVED TIME RECORD YEAR NORMAL DEPARTURE LAST VALUE (LST) VALUE VALUE FROM YEAR NORMAL .................................................................. TEMPERATURE (F) YESTERDAY MAXIMUM 78 204 PM 87 1961 66 12 76 MINIMUM 50 1159 PM 34 1920 47 3 51 AVERAGE 64 57 7 64 PRECIPITATION (IN) YESTERDAY 0.42 1.33 2011 0.11 0.31 T MONTH TO DATE 2.26 1.56 0.70 1.19 SINCE MAR 1 9.89 7.44 2.45 6.17 SINCE JAN 1 16.67 13.11 3.56 11.72 SNOWFALL (IN) YESTERDAY 0.0 T 1959 0.0 0.0 0.0 MONTH TO DATE 0.0 0.2 -0.2 T SINCE MAR 1 25.7 15.8 9.9 10.1 SINCE JUL 1 129.9 94.6 35.3 58.8 SNOW DEPTH 0 DEGREE DAYS HEATING YESTERDAY 1 9 -8 1 MONTH TO DATE 129 165 -36 86 SINCE MAR 1 1878 1702 176 1624 SINCE JUL 1 6984 6446 538 5944 COOLING YESTERDAY 0 1 -1 0 MONTH TO DATE 21 3 18 13 SINCE MAR 1 21 6 15 13 SINCE JAN 1 21 6 15 13 .................................................................. WIND (MPH) HIGHEST WIND SPEED 32 HIGHEST WIND DIRECTION S (190) HIGHEST GUST SPEED 42 HIGHEST GUST DIRECTION S (200) AVERAGE WIND SPEED 15.2 SKY COVER POSSIBLE SUNSHINE 19 PERCENT AVERAGE SKY COVER 0.9 WEATHER CONDITIONS THE FOLLOWING WEATHER WAS RECORDED YESTERDAY. HEAVY RAIN RAIN LIGHT RAIN FOG RELATIVE HUMIDITY (PERCENT) HIGHEST 100 600 PM LOWEST 48 200 PM AVERAGE 74 .......................................................... THE BUFFALO NY CLIMATE NORMALS FOR TODAY NORMAL RECORD YEAR MAXIMUM TEMPERATURE (F) 67 89 1991 MINIMUM TEMPERATURE (F) 47 32 1936 SUNRISE AND SUNSET MAY 16 2014...........SUNRISE 551 AM EDT SUNSET 832 PM EDT MAY 17 2014...........SUNRISE 550 AM EDT SUNSET 833 PM EDT - INDICATES NEGATIVE NUMBERS. R INDICATES RECORD WAS SET OR TIED. MM INDICATES DATA IS MISSING. T INDICATES TRACE AMOUNT."
[
    [ 0] "TEMPERATURE (F) YESTERDAY MAXIMUM 78 204",
    [ 1] "PM 87 1961 66 12 76",
    [ 2] "MINIMUM 50 1159",
    [ 3] "PM 34 1920 47 3 51",
    [ 4] "AVERAGE 64 57 7 64",
    [ 5] "PRECIPITATION (IN) YESTERDAY 0.42 1.33 2011 0.11 0.31",
    [ 6] "T MONTH TO DATE 2.26 1.56 0.70 1.19",
    [ 7] "SINCE MAR 1 9.89 7.44 2.45 6.17",
    [ 8] "SINCE JAN 1 16.67 13.11 3.56 11.72",
    [ 9] "SNOWFALL (IN) YESTERDAY 0.0",
    [10] "T 1959 0.0 0.0 0.0",
    [11] "MONTH TO DATE 0.0 0.2 -0.2",
    [12] "T SINCE MAR 1 25.7 15.8 9.9 10.1",
    [13] "SINCE JUL 1 129.9 94.6 35.3 58.8",
    [14] "SNOW DEPTH 0",
    [15] "DEGREE DAYS HEATING YESTERDAY 1 9 -8 1",
    [16] "MONTH TO DATE 129 165 -36 86",
    [17] "SINCE MAR 1 1878 1702 176 1624",
    [18] "SINCE JUL 1 6984 6446 538 5944",
    [19] "COOLING YESTERDAY 0 1 -1 0",
    [20] "MONTH TO DATE 21 3 18 13",
    [21] "SINCE MAR 1 21 6 15 13",
    [22] "SINCE JAN 1 21 6 15 13"
]
