July 25th, 2014
"000 CDUS41 KBUF 261016 CLIBUF CLIMATE REPORT NATIONAL WEATHER SERVICE BUFFALO NY 611 AM EDT SAT JUL 26 2014 ................................... ...THE BUFFALO NY CLIMATE SUMMARY FOR JULY 25 2014... CLIMATE NORMAL PERIOD 1981 TO 2010 CLIMATE RECORD PERIOD 1871 TO 2014 WEATHER ITEM OBSERVED TIME RECORD YEAR NORMAL DEPARTURE LAST VALUE (LST) VALUE VALUE FROM YEAR NORMAL .................................................................. TEMPERATURE (F) YESTERDAY MAXIMUM 74 230 PM 93 1917 80 -6 74 MINIMUM 53 550 AM 48 1953 63 -10 52 AVERAGE 64 71 -7 63 PRECIPITATION (IN) YESTERDAY 0.00 1.56 1979 0.11 -0.11 0.00 MONTH TO DATE 3.83 2.54 1.29 2.68 SINCE JUN 1 7.63 6.20 1.43 9.84 SINCE JAN 1 25.16 21.21 3.95 23.94 SNOWFALL (IN) YESTERDAY 0.0 T 2009 0.0 0.0 0.0 MONTH TO DATE 0.0 0.0 0.0 0.0 SINCE JUN 1 0.0 0.0 0.0 0.0 SINCE JUL 1 0.0 0.0 0.0 0.0 SNOW DEPTH 0 DEGREE DAYS HEATING YESTERDAY 1 0 1 2 MONTH TO DATE 4 2 2 5 SINCE JUN 1 32 66 -34 69 SINCE JUL 1 4 2 2 5 COOLING YESTERDAY 0 7 -7 0 MONTH TO DATE 117 164 -47 234 SINCE JUN 1 265 267 -2 328 SINCE JAN 1 288 293 -5 399 .................................................................. WIND (MPH) HIGHEST WIND SPEED 20 HIGHEST WIND DIRECTION SW (240) HIGHEST GUST SPEED 25 HIGHEST GUST DIRECTION SW (240) AVERAGE WIND SPEED 9.5 SKY COVER POSSIBLE SUNSHINE 91 PERCENT AVERAGE SKY COVER 0.4 WEATHER CONDITIONS THE FOLLOWING WEATHER WAS RECORDED YESTERDAY. NO SIGNIFICANT WEATHER WAS OBSERVED. RELATIVE HUMIDITY (PERCENT) HIGHEST 83 200 AM LOWEST 44 400 PM AVERAGE 64 .......................................................... THE BUFFALO NY CLIMATE NORMALS FOR TODAY NORMAL RECORD YEAR MAXIMUM TEMPERATURE (F) 80 92 1960 MINIMUM TEMPERATURE (F) 63 48 1876 SUNRISE AND SUNSET JULY 26 2014..........SUNRISE 600 AM EDT SUNSET 842 PM EDT JULY 27 2014..........SUNRISE 601 AM EDT SUNSET 841 PM EDT - INDICATES NEGATIVE NUMBERS. R INDICATES RECORD WAS SET OR TIED. MM INDICATES DATA IS MISSING. T INDICATES TRACE AMOUNT. THE NATIONAL WEATHER SERVICE IN BUFFALO IS PROPOSING DISCONTINUANCE OF THE SUNSHINE MINUTES FOR BUFFALO NY ON SEPTEMBER 1ST 2014. ANY COMMENTS OR CONCERNS ABOUT DISCONTINUING THE SUNSHINE MEASUREMENTS FOR BUFFALO SHOULD BE DIRECTED TO DAN KELLY AT: DAN.KELLY@NOAA.GOV OR 716-565-0204."
[
    [ 0] "TEMPERATURE (F) YESTERDAY MAXIMUM 74 230",
    [ 1] "PM 93 1917 80 -6 74",
    [ 2] "MINIMUM 53 550",
    [ 3] "AM 48 1953 63 -10 52",
    [ 4] "AVERAGE 64 71 -7 63",
    [ 5] "PRECIPITATION (IN) YESTERDAY 0.00 1.56 1979 0.11 -0.11 0.00",
    [ 6] "MONTH TO DATE 3.83 2.54 1.29 2.68",
    [ 7] "SINCE JUN 1 7.63 6.20 1.43 9.84",
    [ 8] "SINCE JAN 1 25.16 21.21 3.95 23.94",
    [ 9] "SNOWFALL (IN) YESTERDAY 0.0",
    [10] "T 2009 0.0 0.0 0.0",
    [11] "MONTH TO DATE 0.0 0.0 0.0 0.0",
    [12] "SINCE JUN 1 0.0 0.0 0.0 0.0",
    [13] "SINCE JUL 1 0.0 0.0 0.0 0.0",
    [14] "SNOW DEPTH 0",
    [15] "DEGREE DAYS HEATING YESTERDAY 1 0 1 2",
    [16] "MONTH TO DATE 4 2 2 5",
    [17] "SINCE JUN 1 32 66 -34 69",
    [18] "SINCE JUL 1 4 2 2 5",
    [19] "COOLING YESTERDAY 0 7 -7 0",
    [20] "MONTH TO DATE 117 164 -47 234",
    [21] "SINCE JUN 1 265 267 -2 328",
    [22] "SINCE JAN 1 288 293 -5 399"
]
