May 11th, 2014
"000 CDUS41 KBUF 120959 CLIBUF CLIMATE REPORT NATIONAL WEATHER SERVICE BUFFALO NY 558 AM EDT MON MAY 12 2014 ................................... ...THE BUFFALO NY CLIMATE SUMMARY FOR MAY 11 2014... CLIMATE NORMAL PERIOD 1981 TO 2010 CLIMATE RECORD PERIOD 1871 TO 2014 WEATHER ITEM OBSERVED TIME RECORD YEAR NORMAL DEPARTURE LAST VALUE (LST) VALUE VALUE FROM YEAR NORMAL .................................................................. TEMPERATURE (F) YESTERDAY MAXIMUM 70 242 PM 89 1979 65 5 61 MINIMUM 43 512 AM 29 1907 46 -3 46 AVERAGE 57 55 2 54 PRECIPITATION (IN) YESTERDAY 0.00 1.20 1989 0.10 -0.10 0.14 MONTH TO DATE 0.46 1.13 -0.67 1.14 SINCE MAR 1 8.09 7.01 1.08 6.12 SINCE JAN 1 14.87 12.68 2.19 11.67 SNOWFALL (IN) YESTERDAY 0.0 T 1963 0.0 0.0 0.0 MONTH TO DATE 0.0 0.2 -0.2 0.0 SINCE MAR 1 25.7 15.8 9.9 10.1 SINCE JUL 1 129.9 94.6 35.3 58.8 SNOW DEPTH 0 DEGREE DAYS HEATING YESTERDAY 8 10 -2 11 MONTH TO DATE 128 128 0 20 SINCE MAR 1 1877 1665 212 1558 SINCE JUL 1 6983 6409 574 5878 COOLING YESTERDAY 0 0 0 0 MONTH TO DATE 6 0 6 13 SINCE MAR 1 6 3 3 13 SINCE JAN 1 6 3 3 13 .................................................................. WIND (MPH) HIGHEST WIND SPEED 18 HIGHEST WIND DIRECTION SW (220) HIGHEST GUST SPEED 24 HIGHEST GUST DIRECTION SW (220) AVERAGE WIND SPEED 7.7 SKY COVER POSSIBLE SUNSHINE MM AVERAGE SKY COVER 0.3 WEATHER CONDITIONS THE FOLLOWING WEATHER WAS RECORDED YESTERDAY. NO SIGNIFICANT WEATHER WAS OBSERVED. RELATIVE HUMIDITY (PERCENT) HIGHEST 83 500 AM LOWEST 27 100 PM AVERAGE 55 .......................................................... THE BUFFALO NY CLIMATE NORMALS FOR TODAY NORMAL RECORD YEAR MAXIMUM TEMPERATURE (F) 65 86 1992 1953 MINIMUM TEMPERATURE (F) 46 31 1907 SUNRISE AND SUNSET MAY 12 2014...........SUNRISE 555 AM EDT SUNSET 828 PM EDT MAY 13 2014...........SUNRISE 554 AM EDT SUNSET 829 PM EDT - INDICATES NEGATIVE NUMBERS. R INDICATES RECORD WAS SET OR TIED. MM INDICATES DATA IS MISSING. T INDICATES TRACE AMOUNT."
[
    [ 0] "TEMPERATURE (F) YESTERDAY MAXIMUM 70 242",
    [ 1] "PM 89 1979 65 5 61",
    [ 2] "MINIMUM 43 512",
    [ 3] "AM 29 1907 46 -3 46",
    [ 4] "AVERAGE 57 55 2 54",
    [ 5] "PRECIPITATION (IN) YESTERDAY 0.00 1.20 1989 0.10 -0.10 0.14",
    [ 6] "MONTH TO DATE 0.46 1.13 -0.67 1.14",
    [ 7] "SINCE MAR 1 8.09 7.01 1.08 6.12",
    [ 8] "SINCE JAN 1 14.87 12.68 2.19 11.67",
    [ 9] "SNOWFALL (IN) YESTERDAY 0.0",
    [10] "T 1963 0.0 0.0 0.0",
    [11] "MONTH TO DATE 0.0 0.2 -0.2 0.0",
    [12] "SINCE MAR 1 25.7 15.8 9.9 10.1",
    [13] "SINCE JUL 1 129.9 94.6 35.3 58.8",
    [14] "SNOW DEPTH 0",
    [15] "DEGREE DAYS HEATING YESTERDAY 8 10 -2 11",
    [16] "MONTH TO DATE 128 128 0 20",
    [17] "SINCE MAR 1 1877 1665 212 1558",
    [18] "SINCE JUL 1 6983 6409 574 5878",
    [19] "COOLING YESTERDAY 0 0 0 0",
    [20] "MONTH TO DATE 6 0 6 13",
    [21] "SINCE MAR 1 6 3 3 13",
    [22] "SINCE JAN 1 6 3 3 13"
]
