May 13th, 2014
"000 CDUS41 KBUF 141018 CLIBUF CLIMATE REPORT NATIONAL WEATHER SERVICE BUFFALO NY 616 AM EDT WED MAY 14 2014 ................................... ...THE BUFFALO NY CLIMATE SUMMARY FOR MAY 13 2014... CLIMATE NORMAL PERIOD 1981 TO 2010 CLIMATE RECORD PERIOD 1871 TO 2014 WEATHER ITEM OBSERVED TIME RECORD YEAR NORMAL DEPARTURE LAST VALUE (LST) VALUE VALUE FROM YEAR NORMAL .................................................................. TEMPERATURE (F) YESTERDAY MAXIMUM 85R 521 PM 85 2011 66 19 46 2011 2004 MINIMUM 63 924 PM 30 1895 46 17 34 AVERAGE 74 56 18 40 PRECIPITATION (IN) YESTERDAY 0.61 1.94 1990 0.11 0.50 T MONTH TO DATE 1.07 1.35 -0.28 1.19 SINCE MAR 1 8.70 7.23 1.47 6.17 SINCE JAN 1 15.48 12.90 2.58 11.72 SNOWFALL (IN) YESTERDAY 0.0 T 2013 0.0 0.0 T 1984 MONTH TO DATE 0.0 0.2 -0.2 T SINCE MAR 1 25.7 15.8 9.9 10.1 SINCE JUL 1 129.9 94.6 35.3 58.8 SNOW DEPTH 0 DEGREE DAYS HEATING YESTERDAY 0 9 -9 25 MONTH TO DATE 128 147 -19 66 SINCE MAR 1 1877 1684 193 1604 SINCE JUL 1 6983 6428 555 5924 COOLING YESTERDAY 9 1 8 0 MONTH TO DATE 15 1 14 13 SINCE MAR 1 15 4 11 13 SINCE JAN 1 15 4 11 13 .................................................................. WIND (MPH) HIGHEST WIND SPEED 29 HIGHEST WIND DIRECTION NW (300) HIGHEST GUST SPEED 36 HIGHEST GUST DIRECTION NW (310) AVERAGE WIND SPEED 8.9 SKY COVER POSSIBLE SUNSHINE 63 PERCENT AVERAGE SKY COVER 0.7 WEATHER CONDITIONS THE FOLLOWING WEATHER WAS RECORDED YESTERDAY. THUNDERSTORM HEAVY RAIN RAIN LIGHT RAIN FOG RELATIVE HUMIDITY (PERCENT) HIGHEST 93 700 AM LOWEST 51 300 PM AVERAGE 72 .......................................................... THE BUFFALO NY CLIMATE NORMALS FOR TODAY NORMAL RECORD YEAR MAXIMUM TEMPERATURE (F) 66 88 1974 MINIMUM TEMPERATURE (F) 47 33 1878 SUNRISE AND SUNSET MAY 14 2014...........SUNRISE 553 AM EDT SUNSET 830 PM EDT MAY 15 2014...........SUNRISE 552 AM EDT SUNSET 831 PM EDT - INDICATES NEGATIVE NUMBERS. R INDICATES RECORD WAS SET OR TIED. MM INDICATES DATA IS MISSING. T INDICATES TRACE AMOUNT."
[
    [ 0] "TEMPERATURE (F) YESTERDAY MAXIMUM 85",
    [ 1] "R 521",
    [ 2] "PM 85 2011 66 19 46 2011 2004",
    [ 3] "MINIMUM 63 924",
    [ 4] "PM 30 1895 46 17 34",
    [ 5] "AVERAGE 74 56 18 40",
    [ 6] "PRECIPITATION (IN) YESTERDAY 0.61 1.94 1990 0.11 0.50",
    [ 7] "T MONTH TO DATE 1.07 1.35 -0.28 1.19",
    [ 8] "SINCE MAR 1 8.70 7.23 1.47 6.17",
    [ 9] "SINCE JAN 1 15.48 12.90 2.58 11.72",
    [10] "SNOWFALL (IN) YESTERDAY 0.0",
    [11] "T 2013 0.0 0.0",
    [12] "T 1984",
    [13] "MONTH TO DATE 0.0 0.2 -0.2",
    [14] "T SINCE MAR 1 25.7 15.8 9.9 10.1",
    [15] "SINCE JUL 1 129.9 94.6 35.3 58.8",
    [16] "SNOW DEPTH 0",
    [17] "DEGREE DAYS HEATING YESTERDAY 0 9 -9 25",
    [18] "MONTH TO DATE 128 147 -19 66",
    [19] "SINCE MAR 1 1877 1684 193 1604",
    [20] "SINCE JUL 1 6983 6428 555 5924",
    [21] "COOLING YESTERDAY 9 1 8 0",
    [22] "MONTH TO DATE 15 1 14 13",
    [23] "SINCE MAR 1 15 4 11 13",
    [24] "SINCE JAN 1 15 4 11 13"
]
