May 27th, 2014
"000 CDUS41 KBUF 281011 CLIBUF CLIMATE REPORT NATIONAL WEATHER SERVICE BUFFALO NY 610 AM EDT WED MAY 28 2014 ................................... ...THE BUFFALO NY CLIMATE SUMMARY FOR MAY 27 2014... CLIMATE NORMAL PERIOD 1981 TO 2010 CLIMATE RECORD PERIOD 1871 TO 2014 WEATHER ITEM OBSERVED TIME RECORD YEAR NORMAL DEPARTURE LAST VALUE (LST) VALUE VALUE FROM YEAR NORMAL .................................................................. TEMPERATURE (F) YESTERDAY MAXIMUM 75 1237 PM 89 1978 70 5 71 MINIMUM 59 1159 PM 36 1969 51 8 40 1930 AVERAGE 67 60 7 56 PRECIPITATION (IN) YESTERDAY 0.20 1.60 1882 0.12 0.08 0.00 MONTH TO DATE 3.12 2.98 0.14 1.61 SINCE MAR 1 10.75 8.86 1.89 6.59 SINCE JAN 1 17.53 14.53 3.00 12.14 SNOWFALL (IN) YESTERDAY 0.0 T 1907 0.0 0.0 0.0 MONTH TO DATE 0.0 0.3 -0.3 T SINCE MAR 1 25.7 15.9 9.8 10.1 SINCE JUL 1 129.9 94.7 35.2 58.8 SNOW DEPTH 0 DEGREE DAYS HEATING YESTERDAY 0 6 -6 9 MONTH TO DATE 230 252 -22 168 SINCE MAR 1 1979 1789 190 1706 SINCE JUL 1 7085 6533 552 6026 COOLING YESTERDAY 2 1 1 0 MONTH TO DATE 23 15 8 48 SINCE MAR 1 23 18 5 48 SINCE JAN 1 23 18 5 48 .................................................................. WIND (MPH) HIGHEST WIND SPEED 23 HIGHEST WIND DIRECTION SW (240) HIGHEST GUST SPEED 30 HIGHEST GUST DIRECTION SW (230) AVERAGE WIND SPEED 11.8 SKY COVER POSSIBLE SUNSHINE 56 PERCENT AVERAGE SKY COVER 0.7 WEATHER CONDITIONS THE FOLLOWING WEATHER WAS RECORDED YESTERDAY. THUNDERSTORM HEAVY RAIN RAIN LIGHT RAIN FOG RELATIVE HUMIDITY (PERCENT) HIGHEST 93 800 PM LOWEST 55 1200 AM AVERAGE 74 .......................................................... THE BUFFALO NY CLIMATE NORMALS FOR TODAY NORMAL RECORD YEAR MAXIMUM TEMPERATURE (F) 70 86 2012 1987 1955 MINIMUM TEMPERATURE (F) 52 35 1907 SUNRISE AND SUNSET MAY 28 2014...........SUNRISE 541 AM EDT SUNSET 844 PM EDT MAY 29 2014...........SUNRISE 540 AM EDT SUNSET 845 PM EDT - INDICATES NEGATIVE NUMBERS. R INDICATES RECORD WAS SET OR TIED. MM INDICATES DATA IS MISSING. T INDICATES TRACE AMOUNT."
[
    [ 0] "TEMPERATURE (F) YESTERDAY MAXIMUM 75 1237",
    [ 1] "PM 89 1978 70 5 71",
    [ 2] "MINIMUM 59 1159",
    [ 3] "PM 36 1969 51 8 40 1930",
    [ 4] "AVERAGE 67 60 7 56",
    [ 5] "PRECIPITATION (IN) YESTERDAY 0.20 1.60 1882 0.12 0.08 0.00",
    [ 6] "MONTH TO DATE 3.12 2.98 0.14 1.61",
    [ 7] "SINCE MAR 1 10.75 8.86 1.89 6.59",
    [ 8] "SINCE JAN 1 17.53 14.53 3.00 12.14",
    [ 9] "SNOWFALL (IN) YESTERDAY 0.0",
    [10] "T 1907 0.0 0.0 0.0",
    [11] "MONTH TO DATE 0.0 0.3 -0.3",
    [12] "T SINCE MAR 1 25.7 15.9 9.8 10.1",
    [13] "SINCE JUL 1 129.9 94.7 35.2 58.8",
    [14] "SNOW DEPTH 0",
    [15] "DEGREE DAYS HEATING YESTERDAY 0 6 -6 9",
    [16] "MONTH TO DATE 230 252 -22 168",
    [17] "SINCE MAR 1 1979 1789 190 1706",
    [18] "SINCE JUL 1 7085 6533 552 6026",
    [19] "COOLING YESTERDAY 2 1 1 0",
    [20] "MONTH TO DATE 23 15 8 48",
    [21] "SINCE MAR 1 23 18 5 48",
    [22] "SINCE JAN 1 23 18 5 48"
]
