October 15th, 2014
"000 CDUS41 KBUF 161015 CLIBUF CLIMATE REPORT NATIONAL WEATHER SERVICE BUFFALO NY 614 AM EDT THU OCT 16 2014 ................................... ...THE BUFFALO NY CLIMATE SUMMARY FOR OCTOBER 15 2014... CLIMATE NORMAL PERIOD 1981 TO 2010 CLIMATE RECORD PERIOD 1871 TO 2014 WEATHER ITEM OBSERVED TIME RECORD YEAR NORMAL DEPARTURE LAST VALUE (LST) VALUE VALUE FROM YEAR NORMAL .................................................................. TEMPERATURE (F) YESTERDAY MAXIMUM 74 138 AM 80 1962 59 15 69 1947 MINIMUM 56 1133 PM 25 1876 43 13 46 AVERAGE 65 51 14 58 PRECIPITATION (IN) YESTERDAY 0.07 1.43 1954 0.11 -0.04 0.00 MONTH TO DATE 3.30 1.81 1.49 2.65 SINCE SEP 1 6.43 5.71 0.72 6.18 SINCE JAN 1 36.37 30.87 5.50 33.81 SNOWFALL (IN) YESTERDAY 0.0 0.6 1972 0.1 -0.1 0.0 MONTH TO DATE T 0.3 -0.3 0.0 SINCE SEP 1 T 0.3 -0.3 0.0 SINCE JUL 1 T 0.3 -0.3 0.0 SNOW DEPTH 0 DEGREE DAYS HEATING YESTERDAY 0 14 -14 7 MONTH TO DATE 129 175 -46 64 SINCE SEP 1 237 310 -73 216 SINCE JUL 1 259 337 -78 232 COOLING YESTERDAY 0 0 0 0 MONTH TO DATE 8 0 8 8 SINCE SEP 1 69 53 16 59 SINCE JAN 1 515 540 -25 611 .................................................................. WIND (MPH) HIGHEST WIND SPEED 25 HIGHEST WIND DIRECTION S (190) HIGHEST GUST SPEED 35 HIGHEST GUST DIRECTION S (160) AVERAGE WIND SPEED 8.7 SKY COVER AVERAGE SKY COVER 0.9 WEATHER CONDITIONS THE FOLLOWING WEATHER WAS RECORDED YESTERDAY. LIGHT RAIN FOG FOG W/VISIBILITY <= 1/4 MILE RELATIVE HUMIDITY (PERCENT) HIGHEST 93 400 AM LOWEST 64 1200 AM AVERAGE 79 .......................................................... THE BUFFALO NY CLIMATE NORMALS FOR TODAY NORMAL RECORD YEAR MAXIMUM TEMPERATURE (F) 59 85 1947 MINIMUM TEMPERATURE (F) 43 31 1994 1978 1883 SUNRISE AND SUNSET OCTOBER 16 2014.......SUNRISE 730 AM EDT SUNSET 631 PM EDT OCTOBER 17 2014.......SUNRISE 731 AM EDT SUNSET 629 PM EDT - INDICATES NEGATIVE NUMBERS. R INDICATES RECORD WAS SET OR TIED. MM INDICATES DATA IS MISSING. T INDICATES TRACE AMOUNT."
[
    [ 0] "TEMPERATURE (F) YESTERDAY MAXIMUM 74 138",
    [ 1] "AM 80 1962 59 15 69 1947",
    [ 2] "MINIMUM 56 1133",
    [ 3] "PM 25 1876 43 13 46",
    [ 4] "AVERAGE 65 51 14 58",
    [ 5] "PRECIPITATION (IN) YESTERDAY 0.07 1.43 1954 0.11 -0.04 0.00",
    [ 6] "MONTH TO DATE 3.30 1.81 1.49 2.65",
    [ 7] "SINCE SEP 1 6.43 5.71 0.72 6.18",
    [ 8] "SINCE JAN 1 36.37 30.87 5.50 33.81",
    [ 9] "SNOWFALL (IN) YESTERDAY 0.0 0.6 1972 0.1 -0.1 0.0",
    [10] "MONTH TO DATE T 0.3 -0.3 0.0",
    [11] "SINCE SEP 1",
    [12] "T 0.3 -0.3 0.0",
    [13] "SINCE JUL 1",
    [14] "T 0.3 -0.3 0.0",
    [15] "SNOW DEPTH 0",
    [16] "DEGREE DAYS HEATING YESTERDAY 0 14 -14 7",
    [17] "MONTH TO DATE 129 175 -46 64",
    [18] "SINCE SEP 1 237 310 -73 216",
    [19] "SINCE JUL 1 259 337 -78 232",
    [20] "COOLING YESTERDAY 0 0 0 0",
    [21] "MONTH TO DATE 8 0 8 8",
    [22] "SINCE SEP 1 69 53 16 59",
    [23] "SINCE JAN 1 515 540 -25 611"
]
