October 16th, 2014
"000 CDUS41 KBUF 171007 CLIBUF CLIMATE REPORT NATIONAL WEATHER SERVICE BUFFALO NY 606 AM EDT FRI OCT 17 2014 ................................... ...THE BUFFALO NY CLIMATE SUMMARY FOR OCTOBER 16 2014... CLIMATE NORMAL PERIOD 1981 TO 2010 CLIMATE RECORD PERIOD 1871 TO 2014 WEATHER ITEM OBSERVED TIME RECORD YEAR NORMAL DEPARTURE LAST VALUE (LST) VALUE VALUE FROM YEAR NORMAL .................................................................. TEMPERATURE (F) YESTERDAY MAXIMUM 63 305 PM 85 1947 59 4 69 MINIMUM 54 539 AM 31 1994 43 11 53 1978 1883 AVERAGE 59 51 8 61 PRECIPITATION (IN) YESTERDAY 0.05 1.33 2004 0.10 -0.05 0.53 MONTH TO DATE 3.35 1.91 1.44 3.18 SINCE SEP 1 6.48 5.81 0.67 6.71 SINCE JAN 1 36.42 30.97 5.45 34.34 SNOWFALL (IN) YESTERDAY 0.0 T 2009 0.0 0.0 0.0 2004 1929 MONTH TO DATE T 0.3 -0.3 0.0 SINCE SEP 1 T 0.3 -0.3 0.0 SINCE JUL 1 T 0.3 -0.3 0.0 SNOW DEPTH 0 DEGREE DAYS HEATING YESTERDAY 6 14 -8 4 MONTH TO DATE 135 189 -54 68 SINCE SEP 1 243 324 -81 220 SINCE JUL 1 265 351 -86 236 COOLING YESTERDAY 0 0 0 0 MONTH TO DATE 8 0 8 8 SINCE SEP 1 69 53 16 59 SINCE JAN 1 515 540 -25 611 .................................................................. WIND (MPH) HIGHEST WIND SPEED 20 HIGHEST WIND DIRECTION SW (230) HIGHEST GUST SPEED 27 HIGHEST GUST DIRECTION SW (220) AVERAGE WIND SPEED 9.0 SKY COVER AVERAGE SKY COVER 0.9 WEATHER CONDITIONS THE FOLLOWING WEATHER WAS RECORDED YESTERDAY. THUNDERSTORM LIGHT RAIN FOG FOG W/VISIBILITY <= 1/4 MILE RELATIVE HUMIDITY (PERCENT) HIGHEST 100 400 AM LOWEST 72 1200 PM AVERAGE 86 .......................................................... THE BUFFALO NY CLIMATE NORMALS FOR TODAY NORMAL RECORD YEAR MAXIMUM TEMPERATURE (F) 59 84 1947 MINIMUM TEMPERATURE (F) 42 27 1978 SUNRISE AND SUNSET OCTOBER 17 2014.......SUNRISE 731 AM EDT SUNSET 629 PM EDT OCTOBER 18 2014.......SUNRISE 732 AM EDT SUNSET 628 PM EDT - INDICATES NEGATIVE NUMBERS. R INDICATES RECORD WAS SET OR TIED. MM INDICATES DATA IS MISSING. T INDICATES TRACE AMOUNT."
[
    [ 0] "TEMPERATURE (F) YESTERDAY MAXIMUM 63 305",
    [ 1] "PM 85 1947 59 4 69",
    [ 2] "MINIMUM 54 539",
    [ 3] "AM 31 1994 43 11 53 1978 1883",
    [ 4] "AVERAGE 59 51 8 61",
    [ 5] "PRECIPITATION (IN) YESTERDAY 0.05 1.33 2004 0.10 -0.05 0.53",
    [ 6] "MONTH TO DATE 3.35 1.91 1.44 3.18",
    [ 7] "SINCE SEP 1 6.48 5.81 0.67 6.71",
    [ 8] "SINCE JAN 1 36.42 30.97 5.45 34.34",
    [ 9] "SNOWFALL (IN) YESTERDAY 0.0",
    [10] "T 2009 0.0 0.0 0.0 2004 1929",
    [11] "MONTH TO DATE T 0.3 -0.3 0.0",
    [12] "SINCE SEP 1",
    [13] "T 0.3 -0.3 0.0",
    [14] "SINCE JUL 1",
    [15] "T 0.3 -0.3 0.0",
    [16] "SNOW DEPTH 0",
    [17] "DEGREE DAYS HEATING YESTERDAY 6 14 -8 4",
    [18] "MONTH TO DATE 135 189 -54 68",
    [19] "SINCE SEP 1 243 324 -81 220",
    [20] "SINCE JUL 1 265 351 -86 236",
    [21] "COOLING YESTERDAY 0 0 0 0",
    [22] "MONTH TO DATE 8 0 8 8",
    [23] "SINCE SEP 1 69 53 16 59",
    [24] "SINCE JAN 1 515 540 -25 611"
]
