October 18th, 2014
"000 CDUS41 KBUF 191014 CLIBUF CLIMATE REPORT NATIONAL WEATHER SERVICE BUFFALO NY 613 AM EDT SUN OCT 19 2014 ................................... ...THE BUFFALO NY CLIMATE SUMMARY FOR OCTOBER 18 2014... CLIMATE NORMAL PERIOD 1981 TO 2010 CLIMATE RECORD PERIOD 1871 TO 2014 WEATHER ITEM OBSERVED TIME RECORD YEAR NORMAL DEPARTURE LAST VALUE (LST) VALUE VALUE FROM YEAR NORMAL .................................................................. TEMPERATURE (F) YESTERDAY MAXIMUM 58 1223 AM 82 1947 58 0 59 MINIMUM 42 1159 PM 27 1972 42 0 47 AVERAGE 50 50 0 53 PRECIPITATION (IN) YESTERDAY 0.13 1.56 1937 0.11 0.02 T MONTH TO DATE 4.22 2.12 2.10 3.69 SINCE SEP 1 7.35 6.02 1.33 7.22 SINCE JAN 1 37.29 31.18 6.11 34.85 SNOWFALL (IN) YESTERDAY 0.0 2.3 1972 0.0 0.0 0.0 MONTH TO DATE T 0.3 -0.3 0.0 SINCE SEP 1 T 0.3 -0.3 0.0 SINCE JUL 1 T 0.3 -0.3 0.0 SNOW DEPTH 0 DEGREE DAYS HEATING YESTERDAY 15 15 0 12 MONTH TO DATE 156 219 -63 89 SINCE SEP 1 264 354 -90 241 SINCE JUL 1 286 381 -95 257 COOLING YESTERDAY 0 0 0 0 MONTH TO DATE 8 0 8 8 SINCE SEP 1 69 53 16 59 SINCE JAN 1 515 540 -25 611 .................................................................. WIND (MPH) HIGHEST WIND SPEED 23 HIGHEST WIND DIRECTION NW (320) HIGHEST GUST SPEED 32 HIGHEST GUST DIRECTION NW (320) AVERAGE WIND SPEED 12.7 SKY COVER AVERAGE SKY COVER 1.0 WEATHER CONDITIONS THE FOLLOWING WEATHER WAS RECORDED YESTERDAY. LIGHT RAIN FOG RELATIVE HUMIDITY (PERCENT) HIGHEST 93 700 AM LOWEST 67 1200 AM AVERAGE 80 .......................................................... THE BUFFALO NY CLIMATE NORMALS FOR TODAY NORMAL RECORD YEAR MAXIMUM TEMPERATURE (F) 58 77 1961 MINIMUM TEMPERATURE (F) 42 25 1972 SUNRISE AND SUNSET OCTOBER 19 2014.......SUNRISE 733 AM EDT SUNSET 626 PM EDT OCTOBER 20 2014.......SUNRISE 734 AM EDT SUNSET 624 PM EDT - INDICATES NEGATIVE NUMBERS. R INDICATES RECORD WAS SET OR TIED. MM INDICATES DATA IS MISSING. T INDICATES TRACE AMOUNT."
[
    [ 0] "TEMPERATURE (F) YESTERDAY MAXIMUM 58 1223",
    [ 1] "AM 82 1947 58 0 59",
    [ 2] "MINIMUM 42 1159",
    [ 3] "PM 27 1972 42 0 47",
    [ 4] "AVERAGE 50 50 0 53",
    [ 5] "PRECIPITATION (IN) YESTERDAY 0.13 1.56 1937 0.11 0.02",
    [ 6] "T MONTH TO DATE 4.22 2.12 2.10 3.69",
    [ 7] "SINCE SEP 1 7.35 6.02 1.33 7.22",
    [ 8] "SINCE JAN 1 37.29 31.18 6.11 34.85",
    [ 9] "SNOWFALL (IN) YESTERDAY 0.0 2.3 1972 0.0 0.0 0.0",
    [10] "MONTH TO DATE T 0.3 -0.3 0.0",
    [11] "SINCE SEP 1",
    [12] "T 0.3 -0.3 0.0",
    [13] "SINCE JUL 1",
    [14] "T 0.3 -0.3 0.0",
    [15] "SNOW DEPTH 0",
    [16] "DEGREE DAYS HEATING YESTERDAY 15 15 0 12",
    [17] "MONTH TO DATE 156 219 -63 89",
    [18] "SINCE SEP 1 264 354 -90 241",
    [19] "SINCE JUL 1 286 381 -95 257",
    [20] "COOLING YESTERDAY 0 0 0 0",
    [21] "MONTH TO DATE 8 0 8 8",
    [22] "SINCE SEP 1 69 53 16 59",
    [23] "SINCE JAN 1 515 540 -25 611"
]
