October 11th, 2014
"000 CDUS41 KBUF 121009 CLIBUF CLIMATE REPORT NATIONAL WEATHER SERVICE BUFFALO NY 607 AM EDT SUN OCT 12 2014 ................................... ...THE BUFFALO NY CLIMATE SUMMARY FOR OCTOBER 11 2014... CLIMATE NORMAL PERIOD 1981 TO 2010 CLIMATE RECORD PERIOD 1871 TO 2014 WEATHER ITEM OBSERVED TIME RECORD YEAR NORMAL DEPARTURE LAST VALUE (LST) VALUE VALUE FROM YEAR NORMAL .................................................................. TEMPERATURE (F) YESTERDAY MAXIMUM 56 210 PM 82 1949 61 -5 72 MINIMUM 41 1159 PM 29 1964 44 -3 46 1881 AVERAGE 49 52 -3 59 PRECIPITATION (IN) YESTERDAY 0.00 2.03 1877 0.12 -0.12 0.00 MONTH TO DATE 2.89 1.36 1.53 2.28 SINCE SEP 1 6.02 5.26 0.76 5.81 SINCE JAN 1 35.96 30.42 5.54 33.44 SNOWFALL (IN) YESTERDAY 0.0 1.0 1906 0.0 0.0 0.0 MONTH TO DATE T 0.2 -0.2 0.0 SINCE SEP 1 T 0.2 -0.2 0.0 SINCE JUL 1 T 0.2 -0.2 0.0 SNOW DEPTH 0 DEGREE DAYS HEATING YESTERDAY 16 13 3 6 MONTH TO DATE 108 121 -13 43 SINCE SEP 1 216 256 -40 195 SINCE JUL 1 238 283 -45 211 COOLING YESTERDAY 0 0 0 0 MONTH TO DATE 3 0 3 8 SINCE SEP 1 64 53 11 59 SINCE JAN 1 510 540 -30 611 .................................................................. WIND (MPH) HIGHEST WIND SPEED 14 HIGHEST WIND DIRECTION NW (330) HIGHEST GUST SPEED 18 HIGHEST GUST DIRECTION NW (320) AVERAGE WIND SPEED 4.7 SKY COVER AVERAGE SKY COVER 0.7 WEATHER CONDITIONS THE FOLLOWING WEATHER WAS RECORDED YESTERDAY. NO SIGNIFICANT WEATHER WAS OBSERVED. RELATIVE HUMIDITY (PERCENT) HIGHEST 83 400 AM LOWEST 43 300 PM AVERAGE 63 .......................................................... THE BUFFALO NY CLIMATE NORMALS FOR TODAY NORMAL RECORD YEAR MAXIMUM TEMPERATURE (F) 60 81 1893 MINIMUM TEMPERATURE (F) 44 30 1876 SUNRISE AND SUNSET OCTOBER 12 2014.......SUNRISE 725 AM EDT SUNSET 637 PM EDT OCTOBER 13 2014.......SUNRISE 726 AM EDT SUNSET 636 PM EDT - INDICATES NEGATIVE NUMBERS. R INDICATES RECORD WAS SET OR TIED. MM INDICATES DATA IS MISSING. T INDICATES TRACE AMOUNT."
[
    [ 0] "TEMPERATURE (F) YESTERDAY MAXIMUM 56 210",
    [ 1] "PM 82 1949 61 -5 72",
    [ 2] "MINIMUM 41 1159",
    [ 3] "PM 29 1964 44 -3 46 1881",
    [ 4] "AVERAGE 49 52 -3 59",
    [ 5] "PRECIPITATION (IN) YESTERDAY 0.00 2.03 1877 0.12 -0.12 0.00",
    [ 6] "MONTH TO DATE 2.89 1.36 1.53 2.28",
    [ 7] "SINCE SEP 1 6.02 5.26 0.76 5.81",
    [ 8] "SINCE JAN 1 35.96 30.42 5.54 33.44",
    [ 9] "SNOWFALL (IN) YESTERDAY 0.0 1.0 1906 0.0 0.0 0.0",
    [10] "MONTH TO DATE T 0.2 -0.2 0.0",
    [11] "SINCE SEP 1",
    [12] "T 0.2 -0.2 0.0",
    [13] "SINCE JUL 1",
    [14] "T 0.2 -0.2 0.0",
    [15] "SNOW DEPTH 0",
    [16] "DEGREE DAYS HEATING YESTERDAY 16 13 3 6",
    [17] "MONTH TO DATE 108 121 -13 43",
    [18] "SINCE SEP 1 216 256 -40 195",
    [19] "SINCE JUL 1 238 283 -45 211",
    [20] "COOLING YESTERDAY 0 0 0 0",
    [21] "MONTH TO DATE 3 0 3 8",
    [22] "SINCE SEP 1 64 53 11 59",
    [23] "SINCE JAN 1 510 540 -30 611"
]
