October 7th, 2014
"000 CDUS41 KBUF 080957 CLIBUF CLIMATE REPORT NATIONAL WEATHER SERVICE BUFFALO NY 556 AM EDT WED OCT 8 2014 ................................... ...THE BUFFALO NY CLIMATE SUMMARY FOR OCTOBER 7 2014... CLIMATE NORMAL PERIOD 1981 TO 2010 CLIMATE RECORD PERIOD 1871 TO 2014 WEATHER ITEM OBSERVED TIME RECORD YEAR NORMAL DEPARTURE LAST VALUE (LST) VALUE VALUE FROM YEAR NORMAL .................................................................. TEMPERATURE (F) YESTERDAY MAXIMUM 65 337 PM 82 1955 62 3 75 1913 1900 MINIMUM 54 638 AM 28 1964 46 8 49 AVERAGE 60 54 6 62 PRECIPITATION (IN) YESTERDAY 0.12 1.45 1907 0.12 0.00 0.83 MONTH TO DATE 2.81 0.86 1.95 2.28 SINCE SEP 1 5.94 4.76 1.18 5.81 SINCE JAN 1 35.88 29.92 5.96 33.44 SNOWFALL (IN) YESTERDAY 0.0 T 2001 0.0 0.0 0.0 1979 MONTH TO DATE T 0.1 -0.1 0.0 SINCE SEP 1 T 0.1 -0.1 0.0 SINCE JUL 1 T 0.1 -0.1 0.0 SNOW DEPTH 0 DEGREE DAYS HEATING YESTERDAY 5 11 -6 3 MONTH TO DATE 51 72 -21 10 SINCE SEP 1 159 207 -48 162 SINCE JUL 1 181 234 -53 178 COOLING YESTERDAY 0 0 0 0 MONTH TO DATE 3 0 3 8 SINCE SEP 1 64 53 11 59 SINCE JAN 1 510 540 -30 611 .................................................................. WIND (MPH) HIGHEST WIND SPEED 26 HIGHEST WIND DIRECTION S (180) HIGHEST GUST SPEED 34 HIGHEST GUST DIRECTION S (180) AVERAGE WIND SPEED 12.7 SKY COVER AVERAGE SKY COVER 0.7 WEATHER CONDITIONS THE FOLLOWING WEATHER WAS RECORDED YESTERDAY. RAIN LIGHT RAIN FOG RELATIVE HUMIDITY (PERCENT) HIGHEST 93 900 PM LOWEST 52 100 PM AVERAGE 73 .......................................................... THE BUFFALO NY CLIMATE NORMALS FOR TODAY NORMAL RECORD YEAR MAXIMUM TEMPERATURE (F) 62 82 1949 MINIMUM TEMPERATURE (F) 45 31 2001 SUNRISE AND SUNSET OCTOBER 8 2014.......SUNRISE 720 AM EDT SUNSET 644 PM EDT OCTOBER 9 2014.......SUNRISE 721 AM EDT SUNSET 642 PM EDT - INDICATES NEGATIVE NUMBERS. R INDICATES RECORD WAS SET OR TIED. MM INDICATES DATA IS MISSING. T INDICATES TRACE AMOUNT."
[
    [ 0] "TEMPERATURE (F) YESTERDAY MAXIMUM 65 337",
    [ 1] "PM 82 1955 62 3 75 1913 1900",
    [ 2] "MINIMUM 54 638",
    [ 3] "AM 28 1964 46 8 49",
    [ 4] "AVERAGE 60 54 6 62",
    [ 5] "PRECIPITATION (IN) YESTERDAY 0.12 1.45 1907 0.12 0.00 0.83",
    [ 6] "MONTH TO DATE 2.81 0.86 1.95 2.28",
    [ 7] "SINCE SEP 1 5.94 4.76 1.18 5.81",
    [ 8] "SINCE JAN 1 35.88 29.92 5.96 33.44",
    [ 9] "SNOWFALL (IN) YESTERDAY 0.0",
    [10] "T 2001 0.0 0.0 0.0 1979",
    [11] "MONTH TO DATE T 0.1 -0.1 0.0",
    [12] "SINCE SEP 1",
    [13] "T 0.1 -0.1 0.0",
    [14] "SINCE JUL 1",
    [15] "T 0.1 -0.1 0.0",
    [16] "SNOW DEPTH 0",
    [17] "DEGREE DAYS HEATING YESTERDAY 5 11 -6 3",
    [18] "MONTH TO DATE 51 72 -21 10",
    [19] "SINCE SEP 1 159 207 -48 162",
    [20] "SINCE JUL 1 181 234 -53 178",
    [21] "COOLING YESTERDAY 0 0 0 0",
    [22] "MONTH TO DATE 3 0 3 8",
    [23] "SINCE SEP 1 64 53 11 59",
    [24] "SINCE JAN 1 510 540 -30 611"
]
