April 23rd, 2014
"000 CDUS41 KBUF 241004 CLIBUF CLIMATE REPORT NATIONAL WEATHER SERVICE BUFFALO NY 603 AM EDT THU APR 24 2014 ................................... ...THE BUFFALO NY CLIMATE SUMMARY FOR APRIL 23 2014... CLIMATE NORMAL PERIOD 1981 TO 2010 CLIMATE RECORD PERIOD 1871 TO 2014 WEATHER ITEM OBSERVED TIME RECORD YEAR NORMAL DEPARTURE LAST VALUE (LST) VALUE VALUE FROM YEAR NORMAL .................................................................. TEMPERATURE (F) YESTERDAY MAXIMUM 47 524 PM 88 1985 58 -11 68 MINIMUM 36 1108 AM 23 1930 40 -4 41 AVERAGE 42 49 -7 55 PRECIPITATION (IN) YESTERDAY 0.04 1.34 1996 0.10 -0.06 0.00 MONTH TO DATE 3.23 2.34 0.89 3.36 SINCE MAR 1 5.78 5.21 0.57 4.42 SINCE JAN 1 12.56 10.88 1.68 9.97 SNOWFALL (IN) YESTERDAY T 0.9 2012 0.0 0.0 0.0 MONTH TO DATE 1.2 2.5 -1.3 0.3 SINCE MAR 1 25.7 15.4 10.3 10.1 SINCE JUL 1 129.9 94.2 35.7 58.8 SNOW DEPTH 0 DEGREE DAYS HEATING YESTERDAY 23 16 7 10 MONTH TO DATE 452 472 -20 478 SINCE MAR 1 1630 1433 197 1464 SINCE JUL 1 6736 6177 559 5784 COOLING YESTERDAY 0 0 0 0 MONTH TO DATE 0 0 0 0 SINCE MAR 1 0 0 0 0 SINCE JAN 1 0 0 0 0 .................................................................. WIND (MPH) HIGHEST WIND SPEED 21 HIGHEST WIND DIRECTION NW (320) HIGHEST GUST SPEED 24 HIGHEST GUST DIRECTION NW (320) AVERAGE WIND SPEED 12.0 SKY COVER POSSIBLE SUNSHINE 26 PERCENT AVERAGE SKY COVER 0.6 WEATHER CONDITIONS THE FOLLOWING WEATHER WAS RECORDED YESTERDAY. LIGHT RAIN SNOW FOG RELATIVE HUMIDITY (PERCENT) HIGHEST 92 800 AM LOWEST 37 900 PM AVERAGE 65 .......................................................... THE BUFFALO NY CLIMATE NORMALS FOR TODAY NORMAL RECORD YEAR MAXIMUM TEMPERATURE (F) 59 87 1957 MINIMUM TEMPERATURE (F) 40 23 1919 SUNRISE AND SUNSET APRIL 24 2014.........SUNRISE 619 AM EDT SUNSET 808 PM EDT APRIL 25 2014.........SUNRISE 618 AM EDT SUNSET 809 PM EDT - INDICATES NEGATIVE NUMBERS. R INDICATES RECORD WAS SET OR TIED. MM INDICATES DATA IS MISSING. T INDICATES TRACE AMOUNT."
[
    [ 0] "TEMPERATURE (F) YESTERDAY MAXIMUM 47 524",
    [ 1] "PM 88 1985 58 -11 68",
    [ 2] "MINIMUM 36 1108",
    [ 3] "AM 23 1930 40 -4 41",
    [ 4] "AVERAGE 42 49 -7 55",
    [ 5] "PRECIPITATION (IN) YESTERDAY 0.04 1.34 1996 0.10 -0.06 0.00",
    [ 6] "MONTH TO DATE 3.23 2.34 0.89 3.36",
    [ 7] "SINCE MAR 1 5.78 5.21 0.57 4.42",
    [ 8] "SINCE JAN 1 12.56 10.88 1.68 9.97",
    [ 9] "SNOWFALL (IN) YESTERDAY T 0.9 2012 0.0 0.0 0.0",
    [10] "MONTH TO DATE 1.2 2.5 -1.3 0.3",
    [11] "SINCE MAR 1 25.7 15.4 10.3 10.1",
    [12] "SINCE JUL 1 129.9 94.2 35.7 58.8",
    [13] "SNOW DEPTH 0",
    [14] "DEGREE DAYS HEATING YESTERDAY 23 16 7 10",
    [15] "MONTH TO DATE 452 472 -20 478",
    [16] "SINCE MAR 1 1630 1433 197 1464",
    [17] "SINCE JUL 1 6736 6177 559 5784",
    [18] "COOLING YESTERDAY 0 0 0 0",
    [19] "MONTH TO DATE 0 0 0 0",
    [20] "SINCE MAR 1 0 0 0 0",
    [21] "SINCE JAN 1 0 0 0 0"
]
