April 19th, 2014
"000 CDUS41 KBUF 201015 CLIBUF CLIMATE REPORT NATIONAL WEATHER SERVICE BUFFALO NY 613 AM EDT SUN APR 20 2014 ................................... ...THE BUFFALO NY CLIMATE SUMMARY FOR APRIL 19 2014... CLIMATE NORMAL PERIOD 1981 TO 2010 CLIMATE RECORD PERIOD 1871 TO 2014 WEATHER ITEM OBSERVED TIME RECORD YEAR NORMAL DEPARTURE LAST VALUE (LST) VALUE VALUE FROM YEAR NORMAL .................................................................. TEMPERATURE (F) YESTERDAY MAXIMUM 52 448 PM 87 2008 57 -5 72 MINIMUM 33 553 AM 21 1904 38 -5 40 1897 1875 AVERAGE 43 47 -4 56 PRECIPITATION (IN) YESTERDAY 0.00 1.25 1877 0.09 -0.09 0.02 MONTH TO DATE 2.78 1.97 0.81 3.36 SINCE MAR 1 5.33 4.84 0.49 4.42 SINCE JAN 1 12.11 10.51 1.60 9.97 SNOWFALL (IN) YESTERDAY 0.0 4.2 1901 0.1 -0.1 0.0 MONTH TO DATE 1.2 2.4 -1.2 0.3 SINCE MAR 1 25.7 15.3 10.4 10.1 SINCE JUL 1 129.9 94.1 35.8 58.8 SNOW DEPTH 0 DEGREE DAYS HEATING YESTERDAY 22 18 4 9 MONTH TO DATE 398 405 -7 395 SINCE MAR 1 1576 1366 210 1381 SINCE JUL 1 6682 6110 572 5701 COOLING YESTERDAY 0 0 0 0 MONTH TO DATE 0 0 0 0 SINCE MAR 1 0 0 0 0 SINCE JAN 1 0 0 0 0 .................................................................. WIND (MPH) HIGHEST WIND SPEED 16 HIGHEST WIND DIRECTION NE (50) HIGHEST GUST SPEED 23 HIGHEST GUST DIRECTION N (20) AVERAGE WIND SPEED 8.6 SKY COVER POSSIBLE SUNSHINE 100 PERCENT AVERAGE SKY COVER 0.2 WEATHER CONDITIONS THE FOLLOWING WEATHER WAS RECORDED YESTERDAY. NO SIGNIFICANT WEATHER WAS OBSERVED. RELATIVE HUMIDITY (PERCENT) HIGHEST 82 500 AM LOWEST 38 400 PM AVERAGE 60 .......................................................... THE BUFFALO NY CLIMATE NORMALS FOR TODAY NORMAL RECORD YEAR MAXIMUM TEMPERATURE (F) 57 84 1987 MINIMUM TEMPERATURE (F) 39 20 1926 1904 SUNRISE AND SUNSET APRIL 20 2014.........SUNRISE 625 AM EDT SUNSET 803 PM EDT APRIL 21 2014.........SUNRISE 624 AM EDT SUNSET 804 PM EDT - INDICATES NEGATIVE NUMBERS. R INDICATES RECORD WAS SET OR TIED. MM INDICATES DATA IS MISSING. T INDICATES TRACE AMOUNT."
[
    [ 0] "TEMPERATURE (F) YESTERDAY MAXIMUM 52 448",
    [ 1] "PM 87 2008 57 -5 72",
    [ 2] "MINIMUM 33 553",
    [ 3] "AM 21 1904 38 -5 40 1897 1875",
    [ 4] "AVERAGE 43 47 -4 56",
    [ 5] "PRECIPITATION (IN) YESTERDAY 0.00 1.25 1877 0.09 -0.09 0.02",
    [ 6] "MONTH TO DATE 2.78 1.97 0.81 3.36",
    [ 7] "SINCE MAR 1 5.33 4.84 0.49 4.42",
    [ 8] "SINCE JAN 1 12.11 10.51 1.60 9.97",
    [ 9] "SNOWFALL (IN) YESTERDAY 0.0 4.2 1901 0.1 -0.1 0.0",
    [10] "MONTH TO DATE 1.2 2.4 -1.2 0.3",
    [11] "SINCE MAR 1 25.7 15.3 10.4 10.1",
    [12] "SINCE JUL 1 129.9 94.1 35.8 58.8",
    [13] "SNOW DEPTH 0",
    [14] "DEGREE DAYS HEATING YESTERDAY 22 18 4 9",
    [15] "MONTH TO DATE 398 405 -7 395",
    [16] "SINCE MAR 1 1576 1366 210 1381",
    [17] "SINCE JUL 1 6682 6110 572 5701",
    [18] "COOLING YESTERDAY 0 0 0 0",
    [19] "MONTH TO DATE 0 0 0 0",
    [20] "SINCE MAR 1 0 0 0 0",
    [21] "SINCE JAN 1 0 0 0 0"
]
