May 9th, 2014
"000 CDUS41 KBUF 101020 CLIBUF CLIMATE REPORT NATIONAL WEATHER SERVICE BUFFALO NY 617 AM EDT SAT MAY 10 2014 ................................... ...THE BUFFALO NY CLIMATE SUMMARY FOR MAY 9 2014... CLIMATE NORMAL PERIOD 1981 TO 2010 CLIMATE RECORD PERIOD 1871 TO 2014 WEATHER ITEM OBSERVED TIME RECORD YEAR NORMAL DEPARTURE LAST VALUE (LST) VALUE VALUE FROM YEAR NORMAL .................................................................. TEMPERATURE (F) YESTERDAY MAXIMUM 82R 322 PM 82 2014 64 18 64 2007 MINIMUM 59 312 AM 29 1947 45 14 53 AVERAGE 71 55 16 59 PRECIPITATION (IN) YESTERDAY 0.07 1.14 1927 0.10 -0.03 0.27 MONTH TO DATE 0.44 0.92 -0.48 0.44 SINCE MAR 1 8.07 6.80 1.27 5.42 SINCE JAN 1 14.85 12.47 2.38 10.97 SNOWFALL (IN) YESTERDAY 0.0 0.5 1923 0.1 -0.1 0.0 MONTH TO DATE 0.0 0.2 -0.2 0.0 SINCE MAR 1 25.7 15.8 9.9 10.1 SINCE JUL 1 129.9 94.6 35.3 58.8 SNOW DEPTH 0 DEGREE DAYS HEATING YESTERDAY 0 11 -11 6 MONTH TO DATE 111 108 3 7 SINCE MAR 1 1860 1645 215 1545 SINCE JUL 1 6966 6389 577 5865 COOLING YESTERDAY 6 0 6 0 MONTH TO DATE 6 0 6 13 SINCE MAR 1 6 3 3 13 SINCE JAN 1 6 3 3 13 .................................................................. WIND (MPH) HIGHEST WIND SPEED 33 HIGHEST WIND DIRECTION W (260) HIGHEST GUST SPEED 44 HIGHEST GUST DIRECTION W (260) AVERAGE WIND SPEED 10.3 SKY COVER POSSIBLE SUNSHINE 60 PERCENT AVERAGE SKY COVER 0.8 WEATHER CONDITIONS THE FOLLOWING WEATHER WAS RECORDED YESTERDAY. LIGHT RAIN FOG RELATIVE HUMIDITY (PERCENT) HIGHEST 90 1100 PM LOWEST 36 300 PM AVERAGE 63 .......................................................... THE BUFFALO NY CLIMATE NORMALS FOR TODAY NORMAL RECORD YEAR MAXIMUM TEMPERATURE (F) 65 86 1993 MINIMUM TEMPERATURE (F) 45 26 1947 1923 SUNRISE AND SUNSET MAY 10 2014...........SUNRISE 557 AM EDT SUNSET 826 PM EDT MAY 11 2014...........SUNRISE 556 AM EDT SUNSET 827 PM EDT - INDICATES NEGATIVE NUMBERS. R INDICATES RECORD WAS SET OR TIED. MM INDICATES DATA IS MISSING. T INDICATES TRACE AMOUNT."
[
    [ 0] "TEMPERATURE (F) YESTERDAY MAXIMUM 82",
    [ 1] "R 322",
    [ 2] "PM 82 2014 64 18 64 2007",
    [ 3] "MINIMUM 59 312",
    [ 4] "AM 29 1947 45 14 53",
    [ 5] "AVERAGE 71 55 16 59",
    [ 6] "PRECIPITATION (IN) YESTERDAY 0.07 1.14 1927 0.10 -0.03 0.27",
    [ 7] "MONTH TO DATE 0.44 0.92 -0.48 0.44",
    [ 8] "SINCE MAR 1 8.07 6.80 1.27 5.42",
    [ 9] "SINCE JAN 1 14.85 12.47 2.38 10.97",
    [10] "SNOWFALL (IN) YESTERDAY 0.0 0.5 1923 0.1 -0.1 0.0",
    [11] "MONTH TO DATE 0.0 0.2 -0.2 0.0",
    [12] "SINCE MAR 1 25.7 15.8 9.9 10.1",
    [13] "SINCE JUL 1 129.9 94.6 35.3 58.8",
    [14] "SNOW DEPTH 0",
    [15] "DEGREE DAYS HEATING YESTERDAY 0 11 -11 6",
    [16] "MONTH TO DATE 111 108 3 7",
    [17] "SINCE MAR 1 1860 1645 215 1545",
    [18] "SINCE JUL 1 6966 6389 577 5865",
    [19] "COOLING YESTERDAY 6 0 6 0",
    [20] "MONTH TO DATE 6 0 6 13",
    [21] "SINCE MAR 1 6 3 3 13",
    [22] "SINCE JAN 1 6 3 3 13"
]
