September 20th, 2014
"000 CDUS41 KBUF 211012 CLIBUF CLIMATE REPORT NATIONAL WEATHER SERVICE BUFFALO NY 611 AM EDT SUN SEP 21 2014 ................................... ...THE BUFFALO NY CLIMATE SUMMARY FOR SEPTEMBER 20 2014... CLIMATE NORMAL PERIOD 1981 TO 2010 CLIMATE RECORD PERIOD 1871 TO 2014 WEATHER ITEM OBSERVED TIME RECORD YEAR NORMAL DEPARTURE LAST VALUE (LST) VALUE VALUE FROM YEAR NORMAL .................................................................. TEMPERATURE (F) YESTERDAY MAXIMUM 77 445 PM 88 1946 70 7 83 MINIMUM 61 136 AM 36 1993 52 9 57 AVERAGE 69 61 8 70 PRECIPITATION (IN) YESTERDAY 0.00 2.36 1875 0.14 -0.14 0.00 MONTH TO DATE 3.02 2.47 0.55 0.74 SINCE SEP 1 3.02 2.47 0.55 0.74 SINCE JAN 1 32.96 27.63 5.33 28.37 SNOWFALL (IN) YESTERDAY 0.0 T 1956 0.0 0.0 0.0 MONTH TO DATE 0.0 0.0 0.0 0.0 SINCE SEP 1 0.0 0.0 0.0 0.0 SINCE JUL 1 0.0 0.0 0.0 0.0 SNOW DEPTH 0 DEGREE DAYS HEATING YESTERDAY 0 5 -5 0 MONTH TO DATE 83 63 20 92 SINCE SEP 1 83 63 20 92 SINCE JUL 1 105 90 15 108 COOLING YESTERDAY 4 1 3 5 MONTH TO DATE 56 45 11 49 SINCE SEP 1 56 45 11 49 SINCE JAN 1 502 532 -30 601 .................................................................. WIND (MPH) HIGHEST WIND SPEED 28 HIGHEST WIND DIRECTION SW (230) HIGHEST GUST SPEED 36 HIGHEST GUST DIRECTION S (180) AVERAGE WIND SPEED 17.3 SKY COVER AVERAGE SKY COVER 0.7 WEATHER CONDITIONS THE FOLLOWING WEATHER WAS RECORDED YESTERDAY. NO SIGNIFICANT WEATHER WAS OBSERVED. RELATIVE HUMIDITY (PERCENT) HIGHEST 72 1200 AM LOWEST 50 300 PM AVERAGE 61 .......................................................... THE BUFFALO NY CLIMATE NORMALS FOR TODAY NORMAL RECORD YEAR MAXIMUM TEMPERATURE (F) 69 86 1934 MINIMUM TEMPERATURE (F) 52 33 1973 SUNRISE AND SUNSET SEPTEMBER 21 2014.....SUNRISE 701 AM EDT SUNSET 714 PM EDT SEPTEMBER 22 2014.....SUNRISE 702 AM EDT SUNSET 712 PM EDT - INDICATES NEGATIVE NUMBERS. R INDICATES RECORD WAS SET OR TIED. MM INDICATES DATA IS MISSING. T INDICATES TRACE AMOUNT."
[
    [ 0] "TEMPERATURE (F) YESTERDAY MAXIMUM 77 445",
    [ 1] "PM 88 1946 70 7 83",
    [ 2] "MINIMUM 61 136",
    [ 3] "AM 36 1993 52 9 57",
    [ 4] "AVERAGE 69 61 8 70",
    [ 5] "PRECIPITATION (IN) YESTERDAY 0.00 2.36 1875 0.14 -0.14 0.00",
    [ 6] "MONTH TO DATE 3.02 2.47 0.55 0.74",
    [ 7] "SINCE SEP 1 3.02 2.47 0.55 0.74",
    [ 8] "SINCE JAN 1 32.96 27.63 5.33 28.37",
    [ 9] "SNOWFALL (IN) YESTERDAY 0.0",
    [10] "T 1956 0.0 0.0 0.0",
    [11] "MONTH TO DATE 0.0 0.0 0.0 0.0",
    [12] "SINCE SEP 1 0.0 0.0 0.0 0.0",
    [13] "SINCE JUL 1 0.0 0.0 0.0 0.0",
    [14] "SNOW DEPTH 0",
    [15] "DEGREE DAYS HEATING YESTERDAY 0 5 -5 0",
    [16] "MONTH TO DATE 83 63 20 92",
    [17] "SINCE SEP 1 83 63 20 92",
    [18] "SINCE JUL 1 105 90 15 108",
    [19] "COOLING YESTERDAY 4 1 3 5",
    [20] "MONTH TO DATE 56 45 11 49",
    [21] "SINCE SEP 1 56 45 11 49",
    [22] "SINCE JAN 1 502 532 -30 601"
]
