May 18th, 2014
"000 CDUS41 KBUF 191001 CLIBUF CLIMATE REPORT NATIONAL WEATHER SERVICE BUFFALO NY 559 AM EDT MON MAY 19 2014 ................................... ...THE BUFFALO NY CLIMATE SUMMARY FOR MAY 18 2014... CLIMATE NORMAL PERIOD 1981 TO 2010 CLIMATE RECORD PERIOD 1871 TO 2014 WEATHER ITEM OBSERVED TIME RECORD YEAR NORMAL DEPARTURE LAST VALUE (LST) VALUE VALUE FROM YEAR NORMAL .................................................................. TEMPERATURE (F) YESTERDAY MAXIMUM 59 257 PM 89 1889 67 -8 74 MINIMUM 42 538 AM 33 1981 48 -6 51 AVERAGE 51 58 -7 63 PRECIPITATION (IN) YESTERDAY 0.01 1.14 2011 0.12 -0.11 T MONTH TO DATE 2.70 1.90 0.80 1.19 SINCE MAR 1 10.33 7.78 2.55 6.17 SINCE JAN 1 17.11 13.45 3.66 11.72 SNOWFALL (IN) YESTERDAY 0.0 T 1950 0.0 0.0 0.0 MONTH TO DATE 0.0 0.3 -0.3 T SINCE MAR 1 25.7 15.9 9.8 10.1 SINCE JUL 1 129.9 94.7 35.2 58.8 SNOW DEPTH 0 DEGREE DAYS HEATING YESTERDAY 14 8 6 2 MONTH TO DATE 177 190 -13 102 SINCE MAR 1 1926 1727 199 1640 SINCE JUL 1 7032 6471 561 5960 COOLING YESTERDAY 0 1 -1 0 MONTH TO DATE 21 6 15 13 SINCE MAR 1 21 9 12 13 SINCE JAN 1 21 9 12 13 .................................................................. WIND (MPH) HIGHEST WIND SPEED 18 HIGHEST WIND DIRECTION SW (240) HIGHEST GUST SPEED 24 HIGHEST GUST DIRECTION SW (240) AVERAGE WIND SPEED 9.7 SKY COVER POSSIBLE SUNSHINE 80 PERCENT AVERAGE SKY COVER 0.3 WEATHER CONDITIONS THE FOLLOWING WEATHER WAS RECORDED YESTERDAY. LIGHT RAIN RELATIVE HUMIDITY (PERCENT) HIGHEST 96 600 AM LOWEST 33 300 PM AVERAGE 65 .......................................................... THE BUFFALO NY CLIMATE NORMALS FOR TODAY NORMAL RECORD YEAR MAXIMUM TEMPERATURE (F) 68 86 1962 MINIMUM TEMPERATURE (F) 48 34 2002 SUNRISE AND SUNSET MAY 19 2014...........SUNRISE 548 AM EDT SUNSET 835 PM EDT MAY 20 2014...........SUNRISE 547 AM EDT SUNSET 836 PM EDT - INDICATES NEGATIVE NUMBERS. R INDICATES RECORD WAS SET OR TIED. MM INDICATES DATA IS MISSING. T INDICATES TRACE AMOUNT."
[
    [ 0] "TEMPERATURE (F) YESTERDAY MAXIMUM 59 257",
    [ 1] "PM 89 1889 67 -8 74",
    [ 2] "MINIMUM 42 538",
    [ 3] "AM 33 1981 48 -6 51",
    [ 4] "AVERAGE 51 58 -7 63",
    [ 5] "PRECIPITATION (IN) YESTERDAY 0.01 1.14 2011 0.12 -0.11",
    [ 6] "T MONTH TO DATE 2.70 1.90 0.80 1.19",
    [ 7] "SINCE MAR 1 10.33 7.78 2.55 6.17",
    [ 8] "SINCE JAN 1 17.11 13.45 3.66 11.72",
    [ 9] "SNOWFALL (IN) YESTERDAY 0.0",
    [10] "T 1950 0.0 0.0 0.0",
    [11] "MONTH TO DATE 0.0 0.3 -0.3",
    [12] "T SINCE MAR 1 25.7 15.9 9.8 10.1",
    [13] "SINCE JUL 1 129.9 94.7 35.2 58.8",
    [14] "SNOW DEPTH 0",
    [15] "DEGREE DAYS HEATING YESTERDAY 14 8 6 2",
    [16] "MONTH TO DATE 177 190 -13 102",
    [17] "SINCE MAR 1 1926 1727 199 1640",
    [18] "SINCE JUL 1 7032 6471 561 5960",
    [19] "COOLING YESTERDAY 0 1 -1 0",
    [20] "MONTH TO DATE 21 6 15 13",
    [21] "SINCE MAR 1 21 9 12 13",
    [22] "SINCE JAN 1 21 9 12 13"
]
