May 16th, 2014
"000 CDUS41 KBUF 171022 CLIBUF CLIMATE REPORT NATIONAL WEATHER SERVICE BUFFALO NY 621 AM EDT SAT MAY 17 2014 ................................... ...THE BUFFALO NY CLIMATE SUMMARY FOR MAY 16 2014... CLIMATE NORMAL PERIOD 1981 TO 2010 CLIMATE RECORD PERIOD 1871 TO 2014 WEATHER ITEM OBSERVED TIME RECORD YEAR NORMAL DEPARTURE LAST VALUE (LST) VALUE VALUE FROM YEAR NORMAL .................................................................. TEMPERATURE (F) YESTERDAY MAXIMUM 50 1035 AM 89 1991 67 -17 73 MINIMUM 44 1159 PM 32 1936 47 -3 49 AVERAGE 47 57 -10 61 PRECIPITATION (IN) YESTERDAY 0.43 1.36 1893 0.11 0.32 0.00 MONTH TO DATE 2.69 1.67 1.02 1.19 SINCE MAR 1 10.32 7.55 2.77 6.17 SINCE JAN 1 17.10 13.22 3.88 11.72 SNOWFALL (IN) YESTERDAY 0.0 T 1959 0.0 0.0 0.0 MONTH TO DATE 0.0 0.2 -0.2 T SINCE MAR 1 25.7 15.8 9.9 10.1 SINCE JUL 1 129.9 94.6 35.3 58.8 SNOW DEPTH 0 DEGREE DAYS HEATING YESTERDAY 18 9 9 4 MONTH TO DATE 147 174 -27 90 SINCE MAR 1 1896 1711 185 1628 SINCE JUL 1 7002 6455 547 5948 COOLING YESTERDAY 0 1 -1 0 MONTH TO DATE 21 4 17 13 SINCE MAR 1 21 7 14 13 SINCE JAN 1 21 7 14 13 .................................................................. WIND (MPH) HIGHEST WIND SPEED 23 HIGHEST WIND DIRECTION SW (240) HIGHEST GUST SPEED 29 HIGHEST GUST DIRECTION SW (230) AVERAGE WIND SPEED 12.2 SKY COVER POSSIBLE SUNSHINE 2 PERCENT AVERAGE SKY COVER 0.9 WEATHER CONDITIONS THE FOLLOWING WEATHER WAS RECORDED YESTERDAY. RAIN LIGHT RAIN FOG RELATIVE HUMIDITY (PERCENT) HIGHEST 93 100 AM LOWEST 65 300 PM AVERAGE 79 .......................................................... THE BUFFALO NY CLIMATE NORMALS FOR TODAY NORMAL RECORD YEAR MAXIMUM TEMPERATURE (F) 67 87 1949 MINIMUM TEMPERATURE (F) 48 32 1983 1956 SUNRISE AND SUNSET MAY 17 2014...........SUNRISE 550 AM EDT SUNSET 833 PM EDT MAY 18 2014...........SUNRISE 549 AM EDT SUNSET 834 PM EDT - INDICATES NEGATIVE NUMBERS. R INDICATES RECORD WAS SET OR TIED. MM INDICATES DATA IS MISSING. T INDICATES TRACE AMOUNT."
[
    [ 0] "TEMPERATURE (F) YESTERDAY MAXIMUM 50 1035",
    [ 1] "AM 89 1991 67 -17 73",
    [ 2] "MINIMUM 44 1159",
    [ 3] "PM 32 1936 47 -3 49",
    [ 4] "AVERAGE 47 57 -10 61",
    [ 5] "PRECIPITATION (IN) YESTERDAY 0.43 1.36 1893 0.11 0.32 0.00",
    [ 6] "MONTH TO DATE 2.69 1.67 1.02 1.19",
    [ 7] "SINCE MAR 1 10.32 7.55 2.77 6.17",
    [ 8] "SINCE JAN 1 17.10 13.22 3.88 11.72",
    [ 9] "SNOWFALL (IN) YESTERDAY 0.0",
    [10] "T 1959 0.0 0.0 0.0",
    [11] "MONTH TO DATE 0.0 0.2 -0.2",
    [12] "T SINCE MAR 1 25.7 15.8 9.9 10.1",
    [13] "SINCE JUL 1 129.9 94.6 35.3 58.8",
    [14] "SNOW DEPTH 0",
    [15] "DEGREE DAYS HEATING YESTERDAY 18 9 9 4",
    [16] "MONTH TO DATE 147 174 -27 90",
    [17] "SINCE MAR 1 1896 1711 185 1628",
    [18] "SINCE JUL 1 7002 6455 547 5948",
    [19] "COOLING YESTERDAY 0 1 -1 0",
    [20] "MONTH TO DATE 21 4 17 13",
    [21] "SINCE MAR 1 21 7 14 13",
    [22] "SINCE JAN 1 21 7 14 13"
]
