October 8th, 2014
"000 CDUS41 KBUF 091003 CLIBUF CLIMATE REPORT NATIONAL WEATHER SERVICE BUFFALO NY 601 AM EDT THU OCT 9 2014 ................................... ...THE BUFFALO NY CLIMATE SUMMARY FOR OCTOBER 8 2014... CLIMATE NORMAL PERIOD 1981 TO 2010 CLIMATE RECORD PERIOD 1871 TO 2014 WEATHER ITEM OBSERVED TIME RECORD YEAR NORMAL DEPARTURE LAST VALUE (LST) VALUE VALUE FROM YEAR NORMAL .................................................................. TEMPERATURE (F) YESTERDAY MAXIMUM 59 1224 PM 82 1949 62 -3 64 MINIMUM 48 1159 PM 31 2001 45 3 44 AVERAGE 54 54 0 54 PRECIPITATION (IN) YESTERDAY 0.08 1.46 1965 0.13 -0.05 T MONTH TO DATE 2.89 0.99 1.90 2.28 SINCE SEP 1 6.02 4.89 1.13 5.81 SINCE JAN 1 35.96 30.05 5.91 33.44 SNOWFALL (IN) YESTERDAY 0.0 T 2000 0.0 0.0 0.0 1978 MONTH TO DATE T 0.1 -0.1 0.0 SINCE SEP 1 T 0.1 -0.1 0.0 SINCE JUL 1 T 0.1 -0.1 0.0 SNOW DEPTH 0 DEGREE DAYS HEATING YESTERDAY 11 12 -1 11 MONTH TO DATE 62 84 -22 21 SINCE SEP 1 170 219 -49 173 SINCE JUL 1 192 246 -54 189 COOLING YESTERDAY 0 0 0 0 MONTH TO DATE 3 0 3 8 SINCE SEP 1 64 53 11 59 SINCE JAN 1 510 540 -30 611 .................................................................. WIND (MPH) HIGHEST WIND SPEED 35 HIGHEST WIND DIRECTION W (250) HIGHEST GUST SPEED 49 HIGHEST GUST DIRECTION W (280) AVERAGE WIND SPEED 15.5 SKY COVER AVERAGE SKY COVER 0.6 WEATHER CONDITIONS THE FOLLOWING WEATHER WAS RECORDED YESTERDAY. THUNDERSTORM LIGHT RAIN FOG RELATIVE HUMIDITY (PERCENT) HIGHEST 93 1200 AM LOWEST 38 300 PM AVERAGE 66 .......................................................... THE BUFFALO NY CLIMATE NORMALS FOR TODAY NORMAL RECORD YEAR MAXIMUM TEMPERATURE (F) 62 81 1909 MINIMUM TEMPERATURE (F) 45 31 1925 SUNRISE AND SUNSET OCTOBER 9 2014.......SUNRISE 721 AM EDT SUNSET 642 PM EDT OCTOBER 10 2014.......SUNRISE 722 AM EDT SUNSET 641 PM EDT - INDICATES NEGATIVE NUMBERS. R INDICATES RECORD WAS SET OR TIED. MM INDICATES DATA IS MISSING. T INDICATES TRACE AMOUNT."
[
    [ 0] "TEMPERATURE (F) YESTERDAY MAXIMUM 59 1224",
    [ 1] "PM 82 1949 62 -3 64",
    [ 2] "MINIMUM 48 1159",
    [ 3] "PM 31 2001 45 3 44",
    [ 4] "AVERAGE 54 54 0 54",
    [ 5] "PRECIPITATION (IN) YESTERDAY 0.08 1.46 1965 0.13 -0.05",
    [ 6] "T MONTH TO DATE 2.89 0.99 1.90 2.28",
    [ 7] "SINCE SEP 1 6.02 4.89 1.13 5.81",
    [ 8] "SINCE JAN 1 35.96 30.05 5.91 33.44",
    [ 9] "SNOWFALL (IN) YESTERDAY 0.0",
    [10] "T 2000 0.0 0.0 0.0 1978",
    [11] "MONTH TO DATE T 0.1 -0.1 0.0",
    [12] "SINCE SEP 1",
    [13] "T 0.1 -0.1 0.0",
    [14] "SINCE JUL 1",
    [15] "T 0.1 -0.1 0.0",
    [16] "SNOW DEPTH 0",
    [17] "DEGREE DAYS HEATING YESTERDAY 11 12 -1 11",
    [18] "MONTH TO DATE 62 84 -22 21",
    [19] "SINCE SEP 1 170 219 -49 173",
    [20] "SINCE JUL 1 192 246 -54 189",
    [21] "COOLING YESTERDAY 0 0 0 0",
    [22] "MONTH TO DATE 3 0 3 8",
    [23] "SINCE SEP 1 64 53 11 59",
    [24] "SINCE JAN 1 510 540 -30 611"
]
