October 19th, 2014
"000 CDUS41 KBUF 201015 CLIBUF CLIMATE REPORT NATIONAL WEATHER SERVICE BUFFALO NY 614 AM EDT MON OCT 20 2014 ................................... ...THE BUFFALO NY CLIMATE SUMMARY FOR OCTOBER 19 2014... CLIMATE NORMAL PERIOD 1981 TO 2010 CLIMATE RECORD PERIOD 1871 TO 2014 WEATHER ITEM OBSERVED TIME RECORD YEAR NORMAL DEPARTURE LAST VALUE (LST) VALUE VALUE FROM YEAR NORMAL .................................................................. TEMPERATURE (F) YESTERDAY MAXIMUM 47 354 PM 77 1961 58 -11 59 MINIMUM 38 828 AM 25 1972 42 -4 44 AVERAGE 43 50 -7 52 PRECIPITATION (IN) YESTERDAY T 1.41 1996 0.10 -0.10 0.35 MONTH TO DATE 4.22 2.22 2.00 4.04 SINCE SEP 1 7.35 6.12 1.23 7.57 SINCE JAN 1 37.29 31.28 6.01 35.20 SNOWFALL (IN) YESTERDAY 0.0 1.4 1930 0.1 -0.1 0.0 MONTH TO DATE T 0.4 -0.4 0.0 SINCE SEP 1 T 0.4 -0.4 0.0 SINCE JUL 1 T 0.4 -0.4 0.0 SNOW DEPTH 0 DEGREE DAYS HEATING YESTERDAY 22 15 7 13 MONTH TO DATE 178 234 -56 102 SINCE SEP 1 286 369 -83 254 SINCE JUL 1 308 396 -88 270 COOLING YESTERDAY 0 0 0 0 MONTH TO DATE 8 0 8 8 SINCE SEP 1 69 53 16 59 SINCE JAN 1 515 540 -25 611 .................................................................. WIND (MPH) HIGHEST WIND SPEED 21 HIGHEST WIND DIRECTION N (350) HIGHEST GUST SPEED 25 HIGHEST GUST DIRECTION N (340) AVERAGE WIND SPEED 9.9 SKY COVER AVERAGE SKY COVER 0.8 WEATHER CONDITIONS THE FOLLOWING WEATHER WAS RECORDED YESTERDAY. LIGHT RAIN RELATIVE HUMIDITY (PERCENT) HIGHEST 79 1100 PM LOWEST 53 100 PM AVERAGE 66 .......................................................... THE BUFFALO NY CLIMATE NORMALS FOR TODAY NORMAL RECORD YEAR MAXIMUM TEMPERATURE (F) 57 77 1963 MINIMUM TEMPERATURE (F) 41 23 1972 SUNRISE AND SUNSET OCTOBER 20 2014.......SUNRISE 734 AM EDT SUNSET 624 PM EDT OCTOBER 21 2014.......SUNRISE 736 AM EDT SUNSET 623 PM EDT - INDICATES NEGATIVE NUMBERS. R INDICATES RECORD WAS SET OR TIED. MM INDICATES DATA IS MISSING. T INDICATES TRACE AMOUNT."
[
    [ 0] "TEMPERATURE (F) YESTERDAY MAXIMUM 47 354",
    [ 1] "PM 77 1961 58 -11 59",
    [ 2] "MINIMUM 38 828",
    [ 3] "AM 25 1972 42 -4 44",
    [ 4] "AVERAGE 43 50 -7 52",
    [ 5] "PRECIPITATION (IN) YESTERDAY T 1.41 1996 0.10 -0.10 0.35",
    [ 6] "MONTH TO DATE 4.22 2.22 2.00 4.04",
    [ 7] "SINCE SEP 1 7.35 6.12 1.23 7.57",
    [ 8] "SINCE JAN 1 37.29 31.28 6.01 35.20",
    [ 9] "SNOWFALL (IN) YESTERDAY 0.0 1.4 1930 0.1 -0.1 0.0",
    [10] "MONTH TO DATE T 0.4 -0.4 0.0",
    [11] "SINCE SEP 1",
    [12] "T 0.4 -0.4 0.0",
    [13] "SINCE JUL 1",
    [14] "T 0.4 -0.4 0.0",
    [15] "SNOW DEPTH 0",
    [16] "DEGREE DAYS HEATING YESTERDAY 22 15 7 13",
    [17] "MONTH TO DATE 178 234 -56 102",
    [18] "SINCE SEP 1 286 369 -83 254",
    [19] "SINCE JUL 1 308 396 -88 270",
    [20] "COOLING YESTERDAY 0 0 0 0",
    [21] "MONTH TO DATE 8 0 8 8",
    [22] "SINCE SEP 1 69 53 16 59",
    [23] "SINCE JAN 1 515 540 -25 611"
]
