October 1st, 2014
"000 CDUS41 KBUF 020959 CLIBUF CLIMATE REPORT NATIONAL WEATHER SERVICE BUFFALO NY 558 AM EDT THU OCT 2 2014 ................................... ...THE BUFFALO NY CLIMATE SUMMARY FOR OCTOBER 1 2014... CLIMATE NORMAL PERIOD 1981 TO 2010 CLIMATE RECORD PERIOD 1871 TO 2014 WEATHER ITEM OBSERVED TIME RECORD YEAR NORMAL DEPARTURE LAST VALUE (LST) VALUE VALUE FROM YEAR NORMAL .................................................................. TEMPERATURE (F) YESTERDAY MAXIMUM 70 418 PM 83 1898 65 5 71 MINIMUM 58 614 AM 34 1993 48 10 59 1947 AVERAGE 64 56 8 65 PRECIPITATION (IN) YESTERDAY 0.00 3.00 1945 0.12 -0.12 0.00 MONTH TO DATE 0.00 0.12 -0.12 0.00 SINCE SEP 1 3.13 4.02 -0.89 3.53 SINCE JAN 1 33.07 29.18 3.89 31.16 SNOWFALL (IN) YESTERDAY 0.0 T 1974 0.0 0.0 0.0 MONTH TO DATE 0.0 0.0 0.0 0.0 SINCE SEP 1 0.0 0.0 0.0 0.0 SINCE JUL 1 0.0 0.0 0.0 0.0 SNOW DEPTH 0 DEGREE DAYS HEATING YESTERDAY 1 9 -8 0 MONTH TO DATE 1 9 -8 0 SINCE SEP 1 109 144 -35 152 SINCE JUL 1 131 171 -40 168 COOLING YESTERDAY 0 0 0 0 MONTH TO DATE 0 0 0 0 SINCE SEP 1 61 53 8 51 SINCE JAN 1 507 540 -33 603 .................................................................. WIND (MPH) HIGHEST WIND SPEED 14 HIGHEST WIND DIRECTION E (100) HIGHEST GUST SPEED 18 HIGHEST GUST DIRECTION NE (40) AVERAGE WIND SPEED 8.2 SKY COVER AVERAGE SKY COVER 0.9 WEATHER CONDITIONS THE FOLLOWING WEATHER WAS RECORDED YESTERDAY. FOG HAZE RELATIVE HUMIDITY (PERCENT) HIGHEST 93 500 AM LOWEST 66 400 PM AVERAGE 80 .......................................................... THE BUFFALO NY CLIMATE NORMALS FOR TODAY NORMAL RECORD YEAR MAXIMUM TEMPERATURE (F) 64 92 1927 MINIMUM TEMPERATURE (F) 47 33 1974 SUNRISE AND SUNSET OCTOBER 2 2014.......SUNRISE 713 AM EDT SUNSET 654 PM EDT OCTOBER 3 2014.......SUNRISE 714 AM EDT SUNSET 653 PM EDT - INDICATES NEGATIVE NUMBERS. R INDICATES RECORD WAS SET OR TIED. MM INDICATES DATA IS MISSING. T INDICATES TRACE AMOUNT."
[
    [ 0] "TEMPERATURE (F) YESTERDAY MAXIMUM 70 418",
    [ 1] "PM 83 1898 65 5 71",
    [ 2] "MINIMUM 58 614",
    [ 3] "AM 34 1993 48 10 59 1947",
    [ 4] "AVERAGE 64 56 8 65",
    [ 5] "PRECIPITATION (IN) YESTERDAY 0.00 3.00 1945 0.12 -0.12 0.00",
    [ 6] "MONTH TO DATE 0.00 0.12 -0.12 0.00",
    [ 7] "SINCE SEP 1 3.13 4.02 -0.89 3.53",
    [ 8] "SINCE JAN 1 33.07 29.18 3.89 31.16",
    [ 9] "SNOWFALL (IN) YESTERDAY 0.0",
    [10] "T 1974 0.0 0.0 0.0",
    [11] "MONTH TO DATE 0.0 0.0 0.0 0.0",
    [12] "SINCE SEP 1 0.0 0.0 0.0 0.0",
    [13] "SINCE JUL 1 0.0 0.0 0.0 0.0",
    [14] "SNOW DEPTH 0",
    [15] "DEGREE DAYS HEATING YESTERDAY 1 9 -8 0",
    [16] "MONTH TO DATE 1 9 -8 0",
    [17] "SINCE SEP 1 109 144 -35 152",
    [18] "SINCE JUL 1 131 171 -40 168",
    [19] "COOLING YESTERDAY 0 0 0 0",
    [20] "MONTH TO DATE 0 0 0 0",
    [21] "SINCE SEP 1 61 53 8 51",
    [22] "SINCE JAN 1 507 540 -33 603"
]
