June 10th, 2014
"000 CDUS41 KBUF 111021 CLIBUF CLIMATE REPORT NATIONAL WEATHER SERVICE BUFFALO NY 619 AM EDT WED JUN 11 2014 ................................... ...THE BUFFALO NY CLIMATE SUMMARY FOR JUNE 10 2014... CLIMATE NORMAL PERIOD 1981 TO 2010 CLIMATE RECORD PERIOD 1871 TO 2014 WEATHER ITEM OBSERVED TIME RECORD YEAR NORMAL DEPARTURE LAST VALUE (LST) VALUE VALUE FROM YEAR NORMAL .................................................................. TEMPERATURE (F) YESTERDAY MAXIMUM 77 156 PM 91 1895 74 3 74 MINIMUM 60 425 AM 40 1972 56 4 64 1946 AVERAGE 69 65 4 69 PRECIPITATION (IN) YESTERDAY 0.00 1.83 2005 0.13 -0.13 0.16 MONTH TO DATE 1.66 1.24 0.42 3.82 SINCE JUN 1 1.66 1.24 0.42 3.82 SINCE JAN 1 19.19 16.25 2.94 17.92 SNOWFALL (IN) YESTERDAY 0.0 T 1980 0.0 0.0 0.0 MONTH TO DATE 0.0 0.0 0.0 0.0 SINCE JUN 1 0.0 0.0 0.0 0.0 SINCE JUL 1 129.9 94.7 35.2 58.8 SNOW DEPTH 0 DEGREE DAYS HEATING YESTERDAY 0 3 -3 0 MONTH TO DATE 18 36 -18 48 SINCE JUN 1 18 36 -18 48 SINCE JUL 1 7115 6589 526 6080 COOLING YESTERDAY 4 2 2 4 MONTH TO DATE 22 20 2 15 SINCE JUN 1 22 20 2 15 SINCE JAN 1 45 46 -1 86 .................................................................. WIND (MPH) HIGHEST WIND SPEED 14 HIGHEST WIND DIRECTION NE (60) HIGHEST GUST SPEED 19 HIGHEST GUST DIRECTION N (20) AVERAGE WIND SPEED 7.1 SKY COVER POSSIBLE SUNSHINE 50 PERCENT AVERAGE SKY COVER 0.8 WEATHER CONDITIONS THE FOLLOWING WEATHER WAS RECORDED YESTERDAY. NO SIGNIFICANT WEATHER WAS OBSERVED. RELATIVE HUMIDITY (PERCENT) HIGHEST 97 400 AM LOWEST 60 100 PM AVERAGE 79 .......................................................... THE BUFFALO NY CLIMATE NORMALS FOR TODAY NORMAL RECORD YEAR MAXIMUM TEMPERATURE (F) 74 92 1959 MINIMUM TEMPERATURE (F) 56 36 1972 SUNRISE AND SUNSET JUNE 11 2014..........SUNRISE 536 AM EDT SUNSET 854 PM EDT JUNE 12 2014..........SUNRISE 536 AM EDT SUNSET 854 PM EDT - INDICATES NEGATIVE NUMBERS. R INDICATES RECORD WAS SET OR TIED. MM INDICATES DATA IS MISSING. T INDICATES TRACE AMOUNT."
[
    [ 0] "TEMPERATURE (F) YESTERDAY MAXIMUM 77 156",
    [ 1] "PM 91 1895 74 3 74",
    [ 2] "MINIMUM 60 425",
    [ 3] "AM 40 1972 56 4 64 1946",
    [ 4] "AVERAGE 69 65 4 69",
    [ 5] "PRECIPITATION (IN) YESTERDAY 0.00 1.83 2005 0.13 -0.13 0.16",
    [ 6] "MONTH TO DATE 1.66 1.24 0.42 3.82",
    [ 7] "SINCE JUN 1 1.66 1.24 0.42 3.82",
    [ 8] "SINCE JAN 1 19.19 16.25 2.94 17.92",
    [ 9] "SNOWFALL (IN) YESTERDAY 0.0",
    [10] "T 1980 0.0 0.0 0.0",
    [11] "MONTH TO DATE 0.0 0.0 0.0 0.0",
    [12] "SINCE JUN 1 0.0 0.0 0.0 0.0",
    [13] "SINCE JUL 1 129.9 94.7 35.2 58.8",
    [14] "SNOW DEPTH 0",
    [15] "DEGREE DAYS HEATING YESTERDAY 0 3 -3 0",
    [16] "MONTH TO DATE 18 36 -18 48",
    [17] "SINCE JUN 1 18 36 -18 48",
    [18] "SINCE JUL 1 7115 6589 526 6080",
    [19] "COOLING YESTERDAY 4 2 2 4",
    [20] "MONTH TO DATE 22 20 2 15",
    [21] "SINCE JUN 1 22 20 2 15",
    [22] "SINCE JAN 1 45 46 -1 86"
]
