October 28th, 2014
"000 CDUS41 KBUF 291007 CLIBUF CLIMATE REPORT NATIONAL WEATHER SERVICE BUFFALO NY 605 AM EDT WED OCT 29 2014 ................................... ...THE BUFFALO NY CLIMATE SUMMARY FOR OCTOBER 28 2014... CLIMATE NORMAL PERIOD 1981 TO 2010 CLIMATE RECORD PERIOD 1871 TO 2014 WEATHER ITEM OBSERVED TIME RECORD YEAR NORMAL DEPARTURE LAST VALUE (LST) VALUE VALUE FROM YEAR NORMAL .................................................................. TEMPERATURE (F) YESTERDAY MAXIMUM 74R 142 PM 74 1946 55 19 49 1946 MINIMUM 57 1159 PM 26 1925 39 18 32 AVERAGE 66 47 19 41 PRECIPITATION (IN) YESTERDAY 0.11 0.74 1973 0.11 0.00 0.00 MONTH TO DATE 4.51 3.19 1.32 5.77 SINCE SEP 1 7.64 7.09 0.55 9.30 SINCE JAN 1 37.58 32.25 5.33 36.93 SNOWFALL (IN) YESTERDAY 0.0 1.2 1965 0.0 0.0 0.0 MONTH TO DATE T 0.7 -0.7 T SINCE SEP 1 T 0.7 -0.7 T SINCE JUL 1 T 0.7 -0.7 T SNOW DEPTH 0 DEGREE DAYS HEATING YESTERDAY 0 18 -18 24 MONTH TO DATE 304 386 -82 288 SINCE SEP 1 412 521 -109 440 SINCE JUL 1 434 548 -114 456 COOLING YESTERDAY 1 0 1 0 MONTH TO DATE 9 0 9 8 SINCE SEP 1 70 53 17 59 SINCE JAN 1 516 540 -24 611 .................................................................. WIND (MPH) HIGHEST WIND SPEED 26 HIGHEST WIND DIRECTION SW (220) HIGHEST GUST SPEED 35 HIGHEST GUST DIRECTION SW (220) AVERAGE WIND SPEED 14.6 SKY COVER AVERAGE SKY COVER 0.8 WEATHER CONDITIONS THE FOLLOWING WEATHER WAS RECORDED YESTERDAY. LIGHT RAIN FOG RELATIVE HUMIDITY (PERCENT) HIGHEST 93 800 PM LOWEST 48 1200 AM AVERAGE 71 .......................................................... THE BUFFALO NY CLIMATE NORMALS FOR TODAY NORMAL RECORD YEAR MAXIMUM TEMPERATURE (F) 54 74 1971 MINIMUM TEMPERATURE (F) 39 20 1965 SUNRISE AND SUNSET OCTOBER 29 2014.......SUNRISE 745 AM EDT SUNSET 611 PM EDT OCTOBER 30 2014.......SUNRISE 747 AM EDT SUNSET 610 PM EDT - INDICATES NEGATIVE NUMBERS. R INDICATES RECORD WAS SET OR TIED. MM INDICATES DATA IS MISSING. T INDICATES TRACE AMOUNT."
[
    [ 0] "TEMPERATURE (F) YESTERDAY MAXIMUM 74",
    [ 1] "R 142",
    [ 2] "PM 74 1946 55 19 49 1946",
    [ 3] "MINIMUM 57 1159",
    [ 4] "PM 26 1925 39 18 32",
    [ 5] "AVERAGE 66 47 19 41",
    [ 6] "PRECIPITATION (IN) YESTERDAY 0.11 0.74 1973 0.11 0.00 0.00",
    [ 7] "MONTH TO DATE 4.51 3.19 1.32 5.77",
    [ 8] "SINCE SEP 1 7.64 7.09 0.55 9.30",
    [ 9] "SINCE JAN 1 37.58 32.25 5.33 36.93",
    [10] "SNOWFALL (IN) YESTERDAY 0.0 1.2 1965 0.0 0.0 0.0",
    [11] "MONTH TO DATE T 0.7 -0.7",
    [12] "T SINCE SEP 1",
    [13] "T 0.7 -0.7",
    [14] "T SINCE JUL 1",
    [15] "T 0.7 -0.7",
    [16] "T SNOW DEPTH 0",
    [17] "DEGREE DAYS HEATING YESTERDAY 0 18 -18 24",
    [18] "MONTH TO DATE 304 386 -82 288",
    [19] "SINCE SEP 1 412 521 -109 440",
    [20] "SINCE JUL 1 434 548 -114 456",
    [21] "COOLING YESTERDAY 1 0 1 0",
    [22] "MONTH TO DATE 9 0 9 8",
    [23] "SINCE SEP 1 70 53 17 59",
    [24] "SINCE JAN 1 516 540 -24 611"
]
