April 27th, 2014
"000 CDUS41 KBUF 281006 CLIBUF CLIMATE REPORT NATIONAL WEATHER SERVICE BUFFALO NY 605 AM EDT MON APR 28 2014 ................................... ...THE BUFFALO NY CLIMATE SUMMARY FOR APRIL 27 2014... CLIMATE NORMAL PERIOD 1981 TO 2010 CLIMATE RECORD PERIOD 1871 TO 2014 WEATHER ITEM OBSERVED TIME RECORD YEAR NORMAL DEPARTURE LAST VALUE (LST) VALUE VALUE FROM YEAR NORMAL .................................................................. TEMPERATURE (F) YESTERDAY MAXIMUM 54 433 PM 84 1984 60 -6 70 MINIMUM 38 617 AM 25 1993 41 -3 39 AVERAGE 46 50 -4 55 PRECIPITATION (IN) YESTERDAY 0.00 1.06 1913 0.09 -0.09 0.00 MONTH TO DATE 3.66 2.71 0.95 3.78 SINCE MAR 1 6.21 5.58 0.63 4.84 SINCE JAN 1 12.99 11.25 1.74 10.39 SNOWFALL (IN) YESTERDAY 0.0 0.2 1931 0.0 0.0 0.0 MONTH TO DATE 1.2 2.6 -1.4 0.3 SINCE MAR 1 25.7 15.5 10.2 10.1 SINCE JUL 1 129.9 94.3 35.6 58.8 SNOW DEPTH 0 DEGREE DAYS HEATING YESTERDAY 19 15 4 10 MONTH TO DATE 529 533 -4 542 SINCE MAR 1 1707 1494 213 1528 SINCE JUL 1 6813 6238 575 5848 COOLING YESTERDAY 0 0 0 0 MONTH TO DATE 0 0 0 0 SINCE MAR 1 0 0 0 0 SINCE JAN 1 0 0 0 0 .................................................................. WIND (MPH) HIGHEST WIND SPEED 15 HIGHEST WIND DIRECTION NE (30) HIGHEST GUST SPEED 21 HIGHEST GUST DIRECTION NE (40) AVERAGE WIND SPEED 8.0 SKY COVER POSSIBLE SUNSHINE 60 PERCENT AVERAGE SKY COVER 0.6 WEATHER CONDITIONS THE FOLLOWING WEATHER WAS RECORDED YESTERDAY. NO SIGNIFICANT WEATHER WAS OBSERVED. RELATIVE HUMIDITY (PERCENT) HIGHEST 82 600 AM LOWEST 38 500 PM AVERAGE 60 .......................................................... THE BUFFALO NY CLIMATE NORMALS FOR TODAY NORMAL RECORD YEAR MAXIMUM TEMPERATURE (F) 60 94 1990 MINIMUM TEMPERATURE (F) 41 24 1947 SUNRISE AND SUNSET APRIL 28 2014.........SUNRISE 613 AM EDT SUNSET 812 PM EDT APRIL 29 2014.........SUNRISE 612 AM EDT SUNSET 813 PM EDT - INDICATES NEGATIVE NUMBERS. R INDICATES RECORD WAS SET OR TIED. MM INDICATES DATA IS MISSING. T INDICATES TRACE AMOUNT."
[
    [ 0] "TEMPERATURE (F) YESTERDAY MAXIMUM 54 433",
    [ 1] "PM 84 1984 60 -6 70",
    [ 2] "MINIMUM 38 617",
    [ 3] "AM 25 1993 41 -3 39",
    [ 4] "AVERAGE 46 50 -4 55",
    [ 5] "PRECIPITATION (IN) YESTERDAY 0.00 1.06 1913 0.09 -0.09 0.00",
    [ 6] "MONTH TO DATE 3.66 2.71 0.95 3.78",
    [ 7] "SINCE MAR 1 6.21 5.58 0.63 4.84",
    [ 8] "SINCE JAN 1 12.99 11.25 1.74 10.39",
    [ 9] "SNOWFALL (IN) YESTERDAY 0.0 0.2 1931 0.0 0.0 0.0",
    [10] "MONTH TO DATE 1.2 2.6 -1.4 0.3",
    [11] "SINCE MAR 1 25.7 15.5 10.2 10.1",
    [12] "SINCE JUL 1 129.9 94.3 35.6 58.8",
    [13] "SNOW DEPTH 0",
    [14] "DEGREE DAYS HEATING YESTERDAY 19 15 4 10",
    [15] "MONTH TO DATE 529 533 -4 542",
    [16] "SINCE MAR 1 1707 1494 213 1528",
    [17] "SINCE JUL 1 6813 6238 575 5848",
    [18] "COOLING YESTERDAY 0 0 0 0",
    [19] "MONTH TO DATE 0 0 0 0",
    [20] "SINCE MAR 1 0 0 0 0",
    [21] "SINCE JAN 1 0 0 0 0"
]
