May 6th, 2014
"000 CDUS41 KBUF 071014 CLIBUF CLIMATE REPORT NATIONAL WEATHER SERVICE BUFFALO NY 612 AM EDT WED MAY 7 2014 ................................... ...THE BUFFALO NY CLIMATE SUMMARY FOR MAY 6 2014... CLIMATE NORMAL PERIOD 1981 TO 2010 CLIMATE RECORD PERIOD 1871 TO 2014 WEATHER ITEM OBSERVED TIME RECORD YEAR NORMAL DEPARTURE LAST VALUE (LST) VALUE VALUE FROM YEAR NORMAL .................................................................. TEMPERATURE (F) YESTERDAY MAXIMUM 60 327 PM 88 1959 63 -3 77 MINIMUM 42 550 AM 31 1891 44 -2 52 AVERAGE 51 54 -3 65 PRECIPITATION (IN) YESTERDAY 0.00 1.04 1985 0.10 -0.10 0.00 MONTH TO DATE 0.15 0.61 -0.46 0.00 SINCE MAR 1 7.78 6.49 1.29 4.98 SINCE JAN 1 14.56 12.16 2.40 10.53 SNOWFALL (IN) YESTERDAY 0.0 T 1974 0.0 0.0 0.0 MONTH TO DATE 0.0 0.1 -0.1 0.0 SINCE MAR 1 25.7 15.7 10.0 10.1 SINCE JUL 1 129.9 94.5 35.4 58.8 SNOW DEPTH 0 DEGREE DAYS HEATING YESTERDAY 14 12 2 0 MONTH TO DATE 102 75 27 0 SINCE MAR 1 1851 1612 239 1538 SINCE JUL 1 6957 6356 601 5858 COOLING YESTERDAY 0 0 0 0 MONTH TO DATE 0 0 0 11 SINCE MAR 1 0 3 -3 11 SINCE JAN 1 0 3 -3 11 .................................................................. WIND (MPH) HIGHEST WIND SPEED 16 HIGHEST WIND DIRECTION N (360) HIGHEST GUST SPEED 19 HIGHEST GUST DIRECTION N (340) AVERAGE WIND SPEED 5.5 SKY COVER POSSIBLE SUNSHINE 93 PERCENT AVERAGE SKY COVER 0.4 WEATHER CONDITIONS THE FOLLOWING WEATHER WAS RECORDED YESTERDAY. NO SIGNIFICANT WEATHER WAS OBSERVED. RELATIVE HUMIDITY (PERCENT) HIGHEST 82 600 AM LOWEST 33 400 PM AVERAGE 58 .......................................................... THE BUFFALO NY CLIMATE NORMALS FOR TODAY NORMAL RECORD YEAR MAXIMUM TEMPERATURE (F) 64 83 1982 MINIMUM TEMPERATURE (F) 44 29 1970 SUNRISE AND SUNSET MAY 7 2014...........SUNRISE 601 AM EDT SUNSET 823 PM EDT MAY 8 2014...........SUNRISE 600 AM EDT SUNSET 824 PM EDT - INDICATES NEGATIVE NUMBERS. R INDICATES RECORD WAS SET OR TIED. MM INDICATES DATA IS MISSING. T INDICATES TRACE AMOUNT."
[
    [ 0] "TEMPERATURE (F) YESTERDAY MAXIMUM 60 327",
    [ 1] "PM 88 1959 63 -3 77",
    [ 2] "MINIMUM 42 550",
    [ 3] "AM 31 1891 44 -2 52",
    [ 4] "AVERAGE 51 54 -3 65",
    [ 5] "PRECIPITATION (IN) YESTERDAY 0.00 1.04 1985 0.10 -0.10 0.00",
    [ 6] "MONTH TO DATE 0.15 0.61 -0.46 0.00",
    [ 7] "SINCE MAR 1 7.78 6.49 1.29 4.98",
    [ 8] "SINCE JAN 1 14.56 12.16 2.40 10.53",
    [ 9] "SNOWFALL (IN) YESTERDAY 0.0",
    [10] "T 1974 0.0 0.0 0.0",
    [11] "MONTH TO DATE 0.0 0.1 -0.1 0.0",
    [12] "SINCE MAR 1 25.7 15.7 10.0 10.1",
    [13] "SINCE JUL 1 129.9 94.5 35.4 58.8",
    [14] "SNOW DEPTH 0",
    [15] "DEGREE DAYS HEATING YESTERDAY 14 12 2 0",
    [16] "MONTH TO DATE 102 75 27 0",
    [17] "SINCE MAR 1 1851 1612 239 1538",
    [18] "SINCE JUL 1 6957 6356 601 5858",
    [19] "COOLING YESTERDAY 0 0 0 0",
    [20] "MONTH TO DATE 0 0 0 11",
    [21] "SINCE MAR 1 0 3 -3 11",
    [22] "SINCE JAN 1 0 3 -3 11"
]
