October 22nd, 2014
"000 CDUS41 KBUF 231013 CLIBUF CLIMATE REPORT NATIONAL WEATHER SERVICE BUFFALO NY 612 AM EDT THU OCT 23 2014 ................................... ...THE BUFFALO NY CLIMATE SUMMARY FOR OCTOBER 22 2014... CLIMATE NORMAL PERIOD 1981 TO 2010 CLIMATE RECORD PERIOD 1871 TO 2014 WEATHER ITEM OBSERVED TIME RECORD YEAR NORMAL DEPARTURE LAST VALUE (LST) VALUE VALUE FROM YEAR NORMAL .................................................................. TEMPERATURE (F) YESTERDAY MAXIMUM 47 947 PM 81 1979 57 -10 50 MINIMUM 44 1159 PM 27 1969 41 3 40 AVERAGE 46 49 -3 45 PRECIPITATION (IN) YESTERDAY T 1.79 1912 0.11 -0.11 0.52 MONTH TO DATE 4.40 2.53 1.87 4.98 SINCE SEP 1 7.53 6.43 1.10 8.51 SINCE JAN 1 37.47 31.59 5.88 36.14 SNOWFALL (IN) YESTERDAY 0.0 0.9 1969 0.1 -0.1 0.0 MONTH TO DATE T 0.5 -0.5 0.0 SINCE SEP 1 T 0.5 -0.5 0.0 SINCE JUL 1 T 0.5 -0.5 0.0 SNOW DEPTH 0 DEGREE DAYS HEATING YESTERDAY 19 16 3 20 MONTH TO DATE 229 282 -53 149 SINCE SEP 1 337 417 -80 301 SINCE JUL 1 359 444 -85 317 COOLING YESTERDAY 0 0 0 0 MONTH TO DATE 8 0 8 8 SINCE SEP 1 69 53 16 59 SINCE JAN 1 515 540 -25 611 .................................................................. WIND (MPH) HIGHEST WIND SPEED 15 HIGHEST WIND DIRECTION NE (30) HIGHEST GUST SPEED 19 HIGHEST GUST DIRECTION N (20) AVERAGE WIND SPEED 7.1 SKY COVER AVERAGE SKY COVER 0.9 WEATHER CONDITIONS THE FOLLOWING WEATHER WAS RECORDED YESTERDAY. LIGHT RAIN FOG RELATIVE HUMIDITY (PERCENT) HIGHEST 92 1200 AM LOWEST 76 900 AM AVERAGE 84 .......................................................... THE BUFFALO NY CLIMATE NORMALS FOR TODAY NORMAL RECORD YEAR MAXIMUM TEMPERATURE (F) 56 77 1991 MINIMUM TEMPERATURE (F) 41 24 1969 SUNRISE AND SUNSET OCTOBER 23 2014.......SUNRISE 738 AM EDT SUNSET 620 PM EDT OCTOBER 24 2014.......SUNRISE 739 AM EDT SUNSET 618 PM EDT - INDICATES NEGATIVE NUMBERS. R INDICATES RECORD WAS SET OR TIED. MM INDICATES DATA IS MISSING. T INDICATES TRACE AMOUNT."
[
    [ 0] "TEMPERATURE (F) YESTERDAY MAXIMUM 47 947",
    [ 1] "PM 81 1979 57 -10 50",
    [ 2] "MINIMUM 44 1159",
    [ 3] "PM 27 1969 41 3 40",
    [ 4] "AVERAGE 46 49 -3 45",
    [ 5] "PRECIPITATION (IN) YESTERDAY T 1.79 1912 0.11 -0.11 0.52",
    [ 6] "MONTH TO DATE 4.40 2.53 1.87 4.98",
    [ 7] "SINCE SEP 1 7.53 6.43 1.10 8.51",
    [ 8] "SINCE JAN 1 37.47 31.59 5.88 36.14",
    [ 9] "SNOWFALL (IN) YESTERDAY 0.0 0.9 1969 0.1 -0.1 0.0",
    [10] "MONTH TO DATE T 0.5 -0.5 0.0",
    [11] "SINCE SEP 1",
    [12] "T 0.5 -0.5 0.0",
    [13] "SINCE JUL 1",
    [14] "T 0.5 -0.5 0.0",
    [15] "SNOW DEPTH 0",
    [16] "DEGREE DAYS HEATING YESTERDAY 19 16 3 20",
    [17] "MONTH TO DATE 229 282 -53 149",
    [18] "SINCE SEP 1 337 417 -80 301",
    [19] "SINCE JUL 1 359 444 -85 317",
    [20] "COOLING YESTERDAY 0 0 0 0",
    [21] "MONTH TO DATE 8 0 8 8",
    [22] "SINCE SEP 1 69 53 16 59",
    [23] "SINCE JAN 1 515 540 -25 611"
]
