October 21st, 2014
"000 CDUS41 KBUF 221022 CLIBUF CLIMATE REPORT NATIONAL WEATHER SERVICE BUFFALO NY 620 AM EDT WED OCT 22 2014 ................................... ...THE BUFFALO NY CLIMATE SUMMARY FOR OCTOBER 21 2014... CLIMATE NORMAL PERIOD 1981 TO 2010 CLIMATE RECORD PERIOD 1871 TO 2014 WEATHER ITEM OBSERVED TIME RECORD YEAR NORMAL DEPARTURE LAST VALUE (LST) VALUE VALUE FROM YEAR NORMAL .................................................................. TEMPERATURE (F) YESTERDAY MAXIMUM 54 1250 PM 81 1894 57 -3 65 MINIMUM 44 1159 PM 27 1952 41 3 46 AVERAGE 49 49 0 56 PRECIPITATION (IN) YESTERDAY 0.14 0.75 1995 0.10 0.04 0.39 MONTH TO DATE 4.40 2.42 1.98 4.46 SINCE SEP 1 7.53 6.32 1.21 7.99 SINCE JAN 1 37.47 31.48 5.99 35.62 SNOWFALL (IN) YESTERDAY 0.0 1.5 1925 0.0 0.0 0.0 MONTH TO DATE T 0.4 -0.4 0.0 SINCE SEP 1 T 0.4 -0.4 0.0 SINCE JUL 1 T 0.4 -0.4 0.0 SNOW DEPTH 0 DEGREE DAYS HEATING YESTERDAY 16 16 0 9 MONTH TO DATE 210 266 -56 129 SINCE SEP 1 318 401 -83 281 SINCE JUL 1 340 428 -88 297 COOLING YESTERDAY 0 0 0 0 MONTH TO DATE 8 0 8 8 SINCE SEP 1 69 53 16 59 SINCE JAN 1 515 540 -25 611 .................................................................. WIND (MPH) HIGHEST WIND SPEED 18 HIGHEST WIND DIRECTION N (20) HIGHEST GUST SPEED 28 HIGHEST GUST DIRECTION N (20) AVERAGE WIND SPEED 9.1 SKY COVER AVERAGE SKY COVER 1.0 WEATHER CONDITIONS THE FOLLOWING WEATHER WAS RECORDED YESTERDAY. LIGHT RAIN FOG HAZE RELATIVE HUMIDITY (PERCENT) HIGHEST 93 200 AM LOWEST 83 1000 AM AVERAGE 88 .......................................................... THE BUFFALO NY CLIMATE NORMALS FOR TODAY NORMAL RECORD YEAR MAXIMUM TEMPERATURE (F) 57 81 1979 MINIMUM TEMPERATURE (F) 41 27 1969 SUNRISE AND SUNSET OCTOBER 22 2014.......SUNRISE 737 AM EDT SUNSET 621 PM EDT OCTOBER 23 2014.......SUNRISE 738 AM EDT SUNSET 620 PM EDT - INDICATES NEGATIVE NUMBERS. R INDICATES RECORD WAS SET OR TIED. MM INDICATES DATA IS MISSING. T INDICATES TRACE AMOUNT."
[
    [ 0] "TEMPERATURE (F) YESTERDAY MAXIMUM 54 1250",
    [ 1] "PM 81 1894 57 -3 65",
    [ 2] "MINIMUM 44 1159",
    [ 3] "PM 27 1952 41 3 46",
    [ 4] "AVERAGE 49 49 0 56",
    [ 5] "PRECIPITATION (IN) YESTERDAY 0.14 0.75 1995 0.10 0.04 0.39",
    [ 6] "MONTH TO DATE 4.40 2.42 1.98 4.46",
    [ 7] "SINCE SEP 1 7.53 6.32 1.21 7.99",
    [ 8] "SINCE JAN 1 37.47 31.48 5.99 35.62",
    [ 9] "SNOWFALL (IN) YESTERDAY 0.0 1.5 1925 0.0 0.0 0.0",
    [10] "MONTH TO DATE T 0.4 -0.4 0.0",
    [11] "SINCE SEP 1",
    [12] "T 0.4 -0.4 0.0",
    [13] "SINCE JUL 1",
    [14] "T 0.4 -0.4 0.0",
    [15] "SNOW DEPTH 0",
    [16] "DEGREE DAYS HEATING YESTERDAY 16 16 0 9",
    [17] "MONTH TO DATE 210 266 -56 129",
    [18] "SINCE SEP 1 318 401 -83 281",
    [19] "SINCE JUL 1 340 428 -88 297",
    [20] "COOLING YESTERDAY 0 0 0 0",
    [21] "MONTH TO DATE 8 0 8 8",
    [22] "SINCE SEP 1 69 53 16 59",
    [23] "SINCE JAN 1 515 540 -25 611"
]
