October 24th, 2014
"000 CDUS41 KBUF 251025 CLIBUF CLIMATE REPORT NATIONAL WEATHER SERVICE BUFFALO NY 623 AM EDT SAT OCT 25 2014 ................................... ...THE BUFFALO NY CLIMATE SUMMARY FOR OCTOBER 24 2014... CLIMATE NORMAL PERIOD 1981 TO 2010 CLIMATE RECORD PERIOD 1871 TO 2014 WEATHER ITEM OBSERVED TIME RECORD YEAR NORMAL DEPARTURE LAST VALUE (LST) VALUE VALUE FROM YEAR NORMAL .................................................................. TEMPERATURE (F) YESTERDAY MAXIMUM 54 1149 PM 79 1975 56 -2 48 MINIMUM 38 613 AM 26 1889 40 -2 34 AVERAGE 46 48 -2 41 PRECIPITATION (IN) YESTERDAY 0.00 1.14 1923 0.11 -0.11 T MONTH TO DATE 4.40 2.75 1.65 5.01 SINCE SEP 1 7.53 6.65 0.88 8.54 SINCE JAN 1 37.47 31.81 5.66 36.17 SNOWFALL (IN) YESTERDAY 0.0 1.0 1960 0.0 0.0 0.0 MONTH TO DATE T 0.5 -0.5 T SINCE SEP 1 T 0.5 -0.5 T SINCE JUL 1 T 0.5 -0.5 T SNOW DEPTH 0 DEGREE DAYS HEATING YESTERDAY 19 17 2 24 MONTH TO DATE 262 316 -54 196 SINCE SEP 1 370 451 -81 348 SINCE JUL 1 392 478 -86 364 COOLING YESTERDAY 0 0 0 0 MONTH TO DATE 8 0 8 8 SINCE SEP 1 69 53 16 59 SINCE JAN 1 515 540 -25 611 .................................................................. WIND (MPH) HIGHEST WIND SPEED 20 HIGHEST WIND DIRECTION SW (240) HIGHEST GUST SPEED 25 HIGHEST GUST DIRECTION SW (230) AVERAGE WIND SPEED 8.2 SKY COVER AVERAGE SKY COVER 0.4 WEATHER CONDITIONS THE FOLLOWING WEATHER WAS RECORDED YESTERDAY. NO SIGNIFICANT WEATHER WAS OBSERVED. RELATIVE HUMIDITY (PERCENT) HIGHEST 92 400 AM LOWEST 63 1200 PM AVERAGE 78 .......................................................... THE BUFFALO NY CLIMATE NORMALS FOR TODAY NORMAL RECORD YEAR MAXIMUM TEMPERATURE (F) 56 79 2012 MINIMUM TEMPERATURE (F) 40 25 1879 SUNRISE AND SUNSET OCTOBER 25 2014.......SUNRISE 740 AM EDT SUNSET 617 PM EDT OCTOBER 26 2014.......SUNRISE 742 AM EDT SUNSET 615 PM EDT - INDICATES NEGATIVE NUMBERS. R INDICATES RECORD WAS SET OR TIED. MM INDICATES DATA IS MISSING. T INDICATES TRACE AMOUNT."
[
    [ 0] "TEMPERATURE (F) YESTERDAY MAXIMUM 54 1149",
    [ 1] "PM 79 1975 56 -2 48",
    [ 2] "MINIMUM 38 613",
    [ 3] "AM 26 1889 40 -2 34",
    [ 4] "AVERAGE 46 48 -2 41",
    [ 5] "PRECIPITATION (IN) YESTERDAY 0.00 1.14 1923 0.11 -0.11",
    [ 6] "T MONTH TO DATE 4.40 2.75 1.65 5.01",
    [ 7] "SINCE SEP 1 7.53 6.65 0.88 8.54",
    [ 8] "SINCE JAN 1 37.47 31.81 5.66 36.17",
    [ 9] "SNOWFALL (IN) YESTERDAY 0.0 1.0 1960 0.0 0.0 0.0",
    [10] "MONTH TO DATE T 0.5 -0.5",
    [11] "T SINCE SEP 1",
    [12] "T 0.5 -0.5",
    [13] "T SINCE JUL 1",
    [14] "T 0.5 -0.5",
    [15] "T SNOW DEPTH 0",
    [16] "DEGREE DAYS HEATING YESTERDAY 19 17 2 24",
    [17] "MONTH TO DATE 262 316 -54 196",
    [18] "SINCE SEP 1 370 451 -81 348",
    [19] "SINCE JUL 1 392 478 -86 364",
    [20] "COOLING YESTERDAY 0 0 0 0",
    [21] "MONTH TO DATE 8 0 8 8",
    [22] "SINCE SEP 1 69 53 16 59",
    [23] "SINCE JAN 1 515 540 -25 611"
]
