October 23rd, 2014
"000 CDUS41 KBUF 241014 CLIBUF CLIMATE REPORT NATIONAL WEATHER SERVICE BUFFALO NY 613 AM EDT FRI OCT 24 2014 ................................... ...THE BUFFALO NY CLIMATE SUMMARY FOR OCTOBER 23 2014... CLIMATE NORMAL PERIOD 1981 TO 2010 CLIMATE RECORD PERIOD 1871 TO 2014 WEATHER ITEM OBSERVED TIME RECORD YEAR NORMAL DEPARTURE LAST VALUE (LST) VALUE VALUE FROM YEAR NORMAL .................................................................. TEMPERATURE (F) YESTERDAY MAXIMUM 60 252 PM 77 1991 56 4 47 MINIMUM 41 602 AM 24 1969 41 0 37 AVERAGE 51 48 3 42 PRECIPITATION (IN) YESTERDAY 0.00 1.81 1878 0.11 -0.11 0.03 MONTH TO DATE 4.40 2.64 1.76 5.01 SINCE SEP 1 7.53 6.54 0.99 8.54 SINCE JAN 1 37.47 31.70 5.77 36.17 SNOWFALL (IN) YESTERDAY 0.0 0.1 1969 0.0 0.0 T MONTH TO DATE T 0.5 -0.5 T SINCE SEP 1 T 0.5 -0.5 T SINCE JUL 1 T 0.5 -0.5 T SNOW DEPTH 0 DEGREE DAYS HEATING YESTERDAY 14 17 -3 23 MONTH TO DATE 243 299 -56 172 SINCE SEP 1 351 434 -83 324 SINCE JUL 1 373 461 -88 340 COOLING YESTERDAY 0 0 0 0 MONTH TO DATE 8 0 8 8 SINCE SEP 1 69 53 16 59 SINCE JAN 1 515 540 -25 611 .................................................................. WIND (MPH) HIGHEST WIND SPEED 17 HIGHEST WIND DIRECTION NW (330) HIGHEST GUST SPEED 21 HIGHEST GUST DIRECTION N (340) AVERAGE WIND SPEED 8.9 SKY COVER AVERAGE SKY COVER 0.2 WEATHER CONDITIONS THE FOLLOWING WEATHER WAS RECORDED YESTERDAY. NO SIGNIFICANT WEATHER WAS OBSERVED. RELATIVE HUMIDITY (PERCENT) HIGHEST 89 1200 AM LOWEST 47 200 PM AVERAGE 68 .......................................................... THE BUFFALO NY CLIMATE NORMALS FOR TODAY NORMAL RECORD YEAR MAXIMUM TEMPERATURE (F) 56 79 1975 MINIMUM TEMPERATURE (F) 40 26 1889 SUNRISE AND SUNSET OCTOBER 24 2014.......SUNRISE 739 AM EDT SUNSET 618 PM EDT OCTOBER 25 2014.......SUNRISE 740 AM EDT SUNSET 617 PM EDT - INDICATES NEGATIVE NUMBERS. R INDICATES RECORD WAS SET OR TIED. MM INDICATES DATA IS MISSING. T INDICATES TRACE AMOUNT."
[
    [ 0] "TEMPERATURE (F) YESTERDAY MAXIMUM 60 252",
    [ 1] "PM 77 1991 56 4 47",
    [ 2] "MINIMUM 41 602",
    [ 3] "AM 24 1969 41 0 37",
    [ 4] "AVERAGE 51 48 3 42",
    [ 5] "PRECIPITATION (IN) YESTERDAY 0.00 1.81 1878 0.11 -0.11 0.03",
    [ 6] "MONTH TO DATE 4.40 2.64 1.76 5.01",
    [ 7] "SINCE SEP 1 7.53 6.54 0.99 8.54",
    [ 8] "SINCE JAN 1 37.47 31.70 5.77 36.17",
    [ 9] "SNOWFALL (IN) YESTERDAY 0.0 0.1 1969 0.0 0.0",
    [10] "T MONTH TO DATE T 0.5 -0.5",
    [11] "T SINCE SEP 1",
    [12] "T 0.5 -0.5",
    [13] "T SINCE JUL 1",
    [14] "T 0.5 -0.5",
    [15] "T SNOW DEPTH 0",
    [16] "DEGREE DAYS HEATING YESTERDAY 14 17 -3 23",
    [17] "MONTH TO DATE 243 299 -56 172",
    [18] "SINCE SEP 1 351 434 -83 324",
    [19] "SINCE JUL 1 373 461 -88 340",
    [20] "COOLING YESTERDAY 0 0 0 0",
    [21] "MONTH TO DATE 8 0 8 8",
    [22] "SINCE SEP 1 69 53 16 59",
    [23] "SINCE JAN 1 515 540 -25 611"
]
