April 20th, 2014
"000 CDUS41 KBUF 211014 CLIBUF CLIMATE REPORT NATIONAL WEATHER SERVICE BUFFALO NY 613 AM EDT MON APR 21 2014 ................................... ...THE BUFFALO NY CLIMATE SUMMARY FOR APRIL 20 2014... CLIMATE NORMAL PERIOD 1981 TO 2010 CLIMATE RECORD PERIOD 1871 TO 2014 WEATHER ITEM OBSERVED TIME RECORD YEAR NORMAL DEPARTURE LAST VALUE (LST) VALUE VALUE FROM YEAR NORMAL .................................................................. TEMPERATURE (F) YESTERDAY MAXIMUM 71 500 PM 84 1987 57 14 41 MINIMUM 36 553 AM 20 1926 39 -3 31 1904 AVERAGE 54 48 6 36 PRECIPITATION (IN) YESTERDAY 0.00 1.27 1893 0.09 -0.09 T MONTH TO DATE 2.78 2.06 0.72 3.36 SINCE MAR 1 5.33 4.93 0.40 4.42 SINCE JAN 1 12.11 10.60 1.51 9.97 SNOWFALL (IN) YESTERDAY 0.0 5.5 1901 0.1 -0.1 T MONTH TO DATE 1.2 2.5 -1.3 0.3 SINCE MAR 1 25.7 15.4 10.3 10.1 SINCE JUL 1 129.9 94.2 35.7 58.8 SNOW DEPTH 0 DEGREE DAYS HEATING YESTERDAY 11 17 -6 29 MONTH TO DATE 409 422 -13 424 SINCE MAR 1 1587 1383 204 1410 SINCE JUL 1 6693 6127 566 5730 COOLING YESTERDAY 0 0 0 0 MONTH TO DATE 0 0 0 0 SINCE MAR 1 0 0 0 0 SINCE JAN 1 0 0 0 0 .................................................................. WIND (MPH) HIGHEST WIND SPEED 14 HIGHEST WIND DIRECTION N (20) HIGHEST GUST SPEED 17 HIGHEST GUST DIRECTION E (90) AVERAGE WIND SPEED 5.3 SKY COVER POSSIBLE SUNSHINE 100 PERCENT AVERAGE SKY COVER 0.3 WEATHER CONDITIONS THE FOLLOWING WEATHER WAS RECORDED YESTERDAY. NO SIGNIFICANT WEATHER WAS OBSERVED. RELATIVE HUMIDITY (PERCENT) HIGHEST 64 200 AM LOWEST 16 400 PM AVERAGE 40 .......................................................... THE BUFFALO NY CLIMATE NORMALS FOR TODAY NORMAL RECORD YEAR MAXIMUM TEMPERATURE (F) 58 84 1954 MINIMUM TEMPERATURE (F) 39 21 1875 SUNRISE AND SUNSET APRIL 21 2014.........SUNRISE 624 AM EDT SUNSET 804 PM EDT APRIL 22 2014.........SUNRISE 622 AM EDT SUNSET 805 PM EDT - INDICATES NEGATIVE NUMBERS. R INDICATES RECORD WAS SET OR TIED. MM INDICATES DATA IS MISSING. T INDICATES TRACE AMOUNT."
[
    [ 0] "TEMPERATURE (F) YESTERDAY MAXIMUM 71 500",
    [ 1] "PM 84 1987 57 14 41",
    [ 2] "MINIMUM 36 553",
    [ 3] "AM 20 1926 39 -3 31 1904",
    [ 4] "AVERAGE 54 48 6 36",
    [ 5] "PRECIPITATION (IN) YESTERDAY 0.00 1.27 1893 0.09 -0.09",
    [ 6] "T MONTH TO DATE 2.78 2.06 0.72 3.36",
    [ 7] "SINCE MAR 1 5.33 4.93 0.40 4.42",
    [ 8] "SINCE JAN 1 12.11 10.60 1.51 9.97",
    [ 9] "SNOWFALL (IN) YESTERDAY 0.0 5.5 1901 0.1 -0.1",
    [10] "T MONTH TO DATE 1.2 2.5 -1.3 0.3",
    [11] "SINCE MAR 1 25.7 15.4 10.3 10.1",
    [12] "SINCE JUL 1 129.9 94.2 35.7 58.8",
    [13] "SNOW DEPTH 0",
    [14] "DEGREE DAYS HEATING YESTERDAY 11 17 -6 29",
    [15] "MONTH TO DATE 409 422 -13 424",
    [16] "SINCE MAR 1 1587 1383 204 1410",
    [17] "SINCE JUL 1 6693 6127 566 5730",
    [18] "COOLING YESTERDAY 0 0 0 0",
    [19] "MONTH TO DATE 0 0 0 0",
    [20] "SINCE MAR 1 0 0 0 0",
    [21] "SINCE JAN 1 0 0 0 0"
]
