October 3rd, 2014
"000 CDUS41 KBUF 041031 CLIBUF CLIMATE REPORT NATIONAL WEATHER SERVICE BUFFALO NY 629 AM EDT SAT OCT 4 2014 ................................... ...THE BUFFALO NY CLIMATE SUMMARY FOR OCTOBER 3 2014... CLIMATE NORMAL PERIOD 1981 TO 2010 CLIMATE RECORD PERIOD 1871 TO 2014 WEATHER ITEM OBSERVED TIME RECORD YEAR NORMAL DEPARTURE LAST VALUE (LST) VALUE VALUE FROM YEAR NORMAL .................................................................. TEMPERATURE (F) YESTERDAY MAXIMUM 76 126 PM 86 1898 64 12 72 MINIMUM 59 511 AM 30 1974 47 12 50 AVERAGE 68 55 13 61 PRECIPITATION (IN) YESTERDAY 0.14 1.73 1986 0.12 0.02 0.01 MONTH TO DATE 0.14 0.36 -0.22 0.01 SINCE SEP 1 3.27 4.26 -0.99 3.54 SINCE JAN 1 33.21 29.42 3.79 31.17 SNOWFALL (IN) YESTERDAY 0.0 T 1974 0.1 -0.1 0.0 MONTH TO DATE 0.0 0.1 -0.1 0.0 SINCE SEP 1 0.0 0.1 -0.1 0.0 SINCE JUL 1 0.0 0.1 -0.1 0.0 SNOW DEPTH 0 DEGREE DAYS HEATING YESTERDAY 0 10 -10 4 MONTH TO DATE 1 29 -28 5 SINCE SEP 1 109 164 -55 157 SINCE JUL 1 131 191 -60 173 COOLING YESTERDAY 3 0 3 0 MONTH TO DATE 3 0 3 0 SINCE SEP 1 64 53 11 51 SINCE JAN 1 510 540 -30 603 .................................................................. WIND (MPH) HIGHEST WIND SPEED 29 HIGHEST WIND DIRECTION S (170) HIGHEST GUST SPEED 37 HIGHEST GUST DIRECTION S (190) AVERAGE WIND SPEED 14.4 SKY COVER AVERAGE SKY COVER 0.6 WEATHER CONDITIONS THE FOLLOWING WEATHER WAS RECORDED YESTERDAY. LIGHT RAIN FOG HAZE RELATIVE HUMIDITY (PERCENT) HIGHEST 84 900 PM LOWEST 50 100 PM AVERAGE 67 .......................................................... THE BUFFALO NY CLIMATE NORMALS FOR TODAY NORMAL RECORD YEAR MAXIMUM TEMPERATURE (F) 64 87 1951 MINIMUM TEMPERATURE (F) 47 31 1974 SUNRISE AND SUNSET OCTOBER 4 2014.......SUNRISE 716 AM EDT SUNSET 651 PM EDT OCTOBER 5 2014.......SUNRISE 717 AM EDT SUNSET 649 PM EDT - INDICATES NEGATIVE NUMBERS. R INDICATES RECORD WAS SET OR TIED. MM INDICATES DATA IS MISSING. T INDICATES TRACE AMOUNT."
[
    [ 0] "TEMPERATURE (F) YESTERDAY MAXIMUM 76 126",
    [ 1] "PM 86 1898 64 12 72",
    [ 2] "MINIMUM 59 511",
    [ 3] "AM 30 1974 47 12 50",
    [ 4] "AVERAGE 68 55 13 61",
    [ 5] "PRECIPITATION (IN) YESTERDAY 0.14 1.73 1986 0.12 0.02 0.01",
    [ 6] "MONTH TO DATE 0.14 0.36 -0.22 0.01",
    [ 7] "SINCE SEP 1 3.27 4.26 -0.99 3.54",
    [ 8] "SINCE JAN 1 33.21 29.42 3.79 31.17",
    [ 9] "SNOWFALL (IN) YESTERDAY 0.0",
    [10] "T 1974 0.1 -0.1 0.0",
    [11] "MONTH TO DATE 0.0 0.1 -0.1 0.0",
    [12] "SINCE SEP 1 0.0 0.1 -0.1 0.0",
    [13] "SINCE JUL 1 0.0 0.1 -0.1 0.0",
    [14] "SNOW DEPTH 0",
    [15] "DEGREE DAYS HEATING YESTERDAY 0 10 -10 4",
    [16] "MONTH TO DATE 1 29 -28 5",
    [17] "SINCE SEP 1 109 164 -55 157",
    [18] "SINCE JUL 1 131 191 -60 173",
    [19] "COOLING YESTERDAY 3 0 3 0",
    [20] "MONTH TO DATE 3 0 3 0",
    [21] "SINCE SEP 1 64 53 11 51",
    [22] "SINCE JAN 1 510 540 -30 603"
]
