April 28th, 2014
"000 CDUS41 KBUF 291019 CLIBUF CLIMATE REPORT NATIONAL WEATHER SERVICE BUFFALO NY 616 AM EDT TUE APR 29 2014 ................................... ...THE BUFFALO NY CLIMATE SUMMARY FOR APRIL 28 2014... CLIMATE NORMAL PERIOD 1981 TO 2010 CLIMATE RECORD PERIOD 1871 TO 2014 WEATHER ITEM OBSERVED TIME RECORD YEAR NORMAL DEPARTURE LAST VALUE (LST) VALUE VALUE FROM YEAR NORMAL .................................................................. TEMPERATURE (F) YESTERDAY MAXIMUM 58 201 PM 94 1990 60 -2 72 MINIMUM 37 434 AM 24 1947 41 -4 51 AVERAGE 48 51 -3 62 PRECIPITATION (IN) YESTERDAY 0.00 1.28 1889 0.10 -0.10 0.02 MONTH TO DATE 3.66 2.81 0.85 3.80 SINCE MAR 1 6.21 5.68 0.53 4.86 SINCE JAN 1 12.99 11.35 1.64 10.41 SNOWFALL (IN) YESTERDAY 0.0 0.2 1885 0.1 -0.1 0.0 MONTH TO DATE 1.2 2.7 -1.5 0.3 SINCE MAR 1 25.7 15.6 10.1 10.1 SINCE JUL 1 129.9 94.4 35.5 58.8 SNOW DEPTH 0 DEGREE DAYS HEATING YESTERDAY 17 14 3 3 MONTH TO DATE 546 547 -1 545 SINCE MAR 1 1724 1508 216 1531 SINCE JUL 1 6830 6252 578 5851 COOLING YESTERDAY 0 0 0 0 MONTH TO DATE 0 0 0 0 SINCE MAR 1 0 0 0 0 SINCE JAN 1 0 0 0 0 .................................................................. WIND (MPH) HIGHEST WIND SPEED 24 HIGHEST WIND DIRECTION NE (60) HIGHEST GUST SPEED 30 HIGHEST GUST DIRECTION NE (60) AVERAGE WIND SPEED 13.3 SKY COVER POSSIBLE SUNSHINE 78 PERCENT AVERAGE SKY COVER 0.7 WEATHER CONDITIONS THE FOLLOWING WEATHER WAS RECORDED YESTERDAY. NO SIGNIFICANT WEATHER WAS OBSERVED. RELATIVE HUMIDITY (PERCENT) HIGHEST 76 500 AM LOWEST 38 1200 PM AVERAGE 57 .......................................................... THE BUFFALO NY CLIMATE NORMALS FOR TODAY NORMAL RECORD YEAR MAXIMUM TEMPERATURE (F) 61 81 1990 1962 MINIMUM TEMPERATURE (F) 42 28 2012 SUNRISE AND SUNSET APRIL 29 2014.........SUNRISE 612 AM EDT SUNSET 813 PM EDT APRIL 30 2014.........SUNRISE 610 AM EDT SUNSET 815 PM EDT - INDICATES NEGATIVE NUMBERS. R INDICATES RECORD WAS SET OR TIED. MM INDICATES DATA IS MISSING. T INDICATES TRACE AMOUNT."
[
    [ 0] "TEMPERATURE (F) YESTERDAY MAXIMUM 58 201",
    [ 1] "PM 94 1990 60 -2 72",
    [ 2] "MINIMUM 37 434",
    [ 3] "AM 24 1947 41 -4 51",
    [ 4] "AVERAGE 48 51 -3 62",
    [ 5] "PRECIPITATION (IN) YESTERDAY 0.00 1.28 1889 0.10 -0.10 0.02",
    [ 6] "MONTH TO DATE 3.66 2.81 0.85 3.80",
    [ 7] "SINCE MAR 1 6.21 5.68 0.53 4.86",
    [ 8] "SINCE JAN 1 12.99 11.35 1.64 10.41",
    [ 9] "SNOWFALL (IN) YESTERDAY 0.0 0.2 1885 0.1 -0.1 0.0",
    [10] "MONTH TO DATE 1.2 2.7 -1.5 0.3",
    [11] "SINCE MAR 1 25.7 15.6 10.1 10.1",
    [12] "SINCE JUL 1 129.9 94.4 35.5 58.8",
    [13] "SNOW DEPTH 0",
    [14] "DEGREE DAYS HEATING YESTERDAY 17 14 3 3",
    [15] "MONTH TO DATE 546 547 -1 545",
    [16] "SINCE MAR 1 1724 1508 216 1531",
    [17] "SINCE JUL 1 6830 6252 578 5851",
    [18] "COOLING YESTERDAY 0 0 0 0",
    [19] "MONTH TO DATE 0 0 0 0",
    [20] "SINCE MAR 1 0 0 0 0",
    [21] "SINCE JAN 1 0 0 0 0"
]
