October 9th, 2014
"000 CDUS41 KBUF 101015 CLIBUF CLIMATE REPORT NATIONAL WEATHER SERVICE BUFFALO NY 609 AM EDT FRI OCT 10 2014 ................................... ...THE BUFFALO NY CLIMATE SUMMARY FOR OCTOBER 9 2014... CLIMATE NORMAL PERIOD 1981 TO 2010 CLIMATE RECORD PERIOD 1871 TO 2014 WEATHER ITEM OBSERVED TIME RECORD YEAR NORMAL DEPARTURE LAST VALUE (LST) VALUE VALUE FROM YEAR NORMAL .................................................................. TEMPERATURE (F) YESTERDAY MAXIMUM 58 324 PM 81 1909 62 -4 69 MINIMUM 41 652 AM 31 1925 45 -4 45 AVERAGE 50 53 -3 57 PRECIPITATION (IN) YESTERDAY 0.00 1.70 1906 0.12 -0.12 0.00 MONTH TO DATE 2.89 1.11 1.78 2.28 SINCE SEP 1 6.02 5.01 1.01 5.81 SINCE JAN 1 35.96 30.17 5.79 33.44 SNOWFALL (IN) YESTERDAY 0.0 0.4 1925 0.1 -0.1 0.0 MONTH TO DATE T 0.2 -0.2 0.0 SINCE SEP 1 T 0.2 -0.2 0.0 SINCE JUL 1 T 0.2 -0.2 0.0 SNOW DEPTH 0 DEGREE DAYS HEATING YESTERDAY 15 12 3 8 MONTH TO DATE 77 96 -19 29 SINCE SEP 1 185 231 -46 181 SINCE JUL 1 207 258 -51 197 COOLING YESTERDAY 0 0 0 0 MONTH TO DATE 3 0 3 8 SINCE SEP 1 64 53 11 59 SINCE JAN 1 510 540 -30 611 .................................................................. WIND (MPH) HIGHEST WIND SPEED 26 HIGHEST WIND DIRECTION SW (230) HIGHEST GUST SPEED 34 HIGHEST GUST DIRECTION SW (240) AVERAGE WIND SPEED 10.6 SKY COVER AVERAGE SKY COVER 0.2 WEATHER CONDITIONS THE FOLLOWING WEATHER WAS RECORDED YESTERDAY. NO SIGNIFICANT WEATHER WAS OBSERVED. RELATIVE HUMIDITY (PERCENT) HIGHEST 76 500 AM LOWEST 39 1100 AM AVERAGE 58 .......................................................... THE BUFFALO NY CLIMATE NORMALS FOR TODAY NORMAL RECORD YEAR MAXIMUM TEMPERATURE (F) 61 85 1949 MINIMUM TEMPERATURE (F) 44 29 1972 1925 SUNRISE AND SUNSET OCTOBER 10 2014.......SUNRISE 722 AM EDT SUNSET 641 PM EDT OCTOBER 11 2014.......SUNRISE 724 AM EDT SUNSET 639 PM EDT - INDICATES NEGATIVE NUMBERS. R INDICATES RECORD WAS SET OR TIED. MM INDICATES DATA IS MISSING. T INDICATES TRACE AMOUNT."
[
    [ 0] "TEMPERATURE (F) YESTERDAY MAXIMUM 58 324",
    [ 1] "PM 81 1909 62 -4 69",
    [ 2] "MINIMUM 41 652",
    [ 3] "AM 31 1925 45 -4 45",
    [ 4] "AVERAGE 50 53 -3 57",
    [ 5] "PRECIPITATION (IN) YESTERDAY 0.00 1.70 1906 0.12 -0.12 0.00",
    [ 6] "MONTH TO DATE 2.89 1.11 1.78 2.28",
    [ 7] "SINCE SEP 1 6.02 5.01 1.01 5.81",
    [ 8] "SINCE JAN 1 35.96 30.17 5.79 33.44",
    [ 9] "SNOWFALL (IN) YESTERDAY 0.0 0.4 1925 0.1 -0.1 0.0",
    [10] "MONTH TO DATE T 0.2 -0.2 0.0",
    [11] "SINCE SEP 1",
    [12] "T 0.2 -0.2 0.0",
    [13] "SINCE JUL 1",
    [14] "T 0.2 -0.2 0.0",
    [15] "SNOW DEPTH 0",
    [16] "DEGREE DAYS HEATING YESTERDAY 15 12 3 8",
    [17] "MONTH TO DATE 77 96 -19 29",
    [18] "SINCE SEP 1 185 231 -46 181",
    [19] "SINCE JUL 1 207 258 -51 197",
    [20] "COOLING YESTERDAY 0 0 0 0",
    [21] "MONTH TO DATE 3 0 3 8",
    [22] "SINCE SEP 1 64 53 11 59",
    [23] "SINCE JAN 1 510 540 -30 611"
]
