October 30th, 2014
"000 CDUS41 KBUF 311015 CLIBUF CLIMATE REPORT NATIONAL WEATHER SERVICE BUFFALO NY 614 AM EDT FRI OCT 31 2014 ................................... ...THE BUFFALO NY CLIMATE SUMMARY FOR OCTOBER 30 2014... CLIMATE NORMAL PERIOD 1981 TO 2010 CLIMATE RECORD PERIOD 1871 TO 2014 WEATHER ITEM OBSERVED TIME RECORD YEAR NORMAL DEPARTURE LAST VALUE (LST) VALUE VALUE FROM YEAR NORMAL .................................................................. TEMPERATURE (F) YESTERDAY MAXIMUM 49 210 PM 74 1946 54 -5 60 MINIMUM 38 710 AM 24 1887 39 -1 39 AVERAGE 44 46 -2 50 PRECIPITATION (IN) YESTERDAY 0.00 1.41 1970 0.11 -0.11 0.01 MONTH TO DATE 4.51 3.41 1.10 5.78 SINCE SEP 1 7.64 7.31 0.33 9.31 SINCE JAN 1 37.58 32.47 5.11 36.94 SNOWFALL (IN) YESTERDAY 0.0 1.0 1906 0.0 0.0 0.0 MONTH TO DATE T 0.8 -0.8 T SINCE SEP 1 T 0.8 -0.8 T SINCE JUL 1 T 0.8 -0.8 T SNOW DEPTH 0 DEGREE DAYS HEATING YESTERDAY 21 19 2 15 MONTH TO DATE 340 423 -83 328 SINCE SEP 1 448 558 -110 480 SINCE JUL 1 470 585 -115 496 COOLING YESTERDAY 0 0 0 0 MONTH TO DATE 9 0 9 8 SINCE SEP 1 70 53 17 59 SINCE JAN 1 516 540 -24 611 .................................................................. WIND (MPH) HIGHEST WIND SPEED 13 HIGHEST WIND DIRECTION SW (240) HIGHEST GUST SPEED 15 HIGHEST GUST DIRECTION W (250) AVERAGE WIND SPEED 5.2 SKY COVER AVERAGE SKY COVER 0.7 WEATHER CONDITIONS THE FOLLOWING WEATHER WAS RECORDED YESTERDAY. NO SIGNIFICANT WEATHER WAS OBSERVED. RELATIVE HUMIDITY (PERCENT) HIGHEST 92 700 AM LOWEST 56 100 PM AVERAGE 74 .......................................................... THE BUFFALO NY CLIMATE NORMALS FOR TODAY NORMAL RECORD YEAR MAXIMUM TEMPERATURE (F) 54 73 1971 MINIMUM TEMPERATURE (F) 38 22 1975 SUNRISE AND SUNSET OCTOBER 31 2014.......SUNRISE 748 AM EDT SUNSET 608 PM EDT NOVEMBER 1 2014......SUNRISE 749 AM EDT SUNSET 607 PM EDT - INDICATES NEGATIVE NUMBERS. R INDICATES RECORD WAS SET OR TIED. MM INDICATES DATA IS MISSING. T INDICATES TRACE AMOUNT."
[
    [ 0] "TEMPERATURE (F) YESTERDAY MAXIMUM 49 210",
    [ 1] "PM 74 1946 54 -5 60",
    [ 2] "MINIMUM 38 710",
    [ 3] "AM 24 1887 39 -1 39",
    [ 4] "AVERAGE 44 46 -2 50",
    [ 5] "PRECIPITATION (IN) YESTERDAY 0.00 1.41 1970 0.11 -0.11 0.01",
    [ 6] "MONTH TO DATE 4.51 3.41 1.10 5.78",
    [ 7] "SINCE SEP 1 7.64 7.31 0.33 9.31",
    [ 8] "SINCE JAN 1 37.58 32.47 5.11 36.94",
    [ 9] "SNOWFALL (IN) YESTERDAY 0.0 1.0 1906 0.0 0.0 0.0",
    [10] "MONTH TO DATE T 0.8 -0.8",
    [11] "T SINCE SEP 1",
    [12] "T 0.8 -0.8",
    [13] "T SINCE JUL 1",
    [14] "T 0.8 -0.8",
    [15] "T SNOW DEPTH 0",
    [16] "DEGREE DAYS HEATING YESTERDAY 21 19 2 15",
    [17] "MONTH TO DATE 340 423 -83 328",
    [18] "SINCE SEP 1 448 558 -110 480",
    [19] "SINCE JUL 1 470 585 -115 496",
    [20] "COOLING YESTERDAY 0 0 0 0",
    [21] "MONTH TO DATE 9 0 9 8",
    [22] "SINCE SEP 1 70 53 17 59",
    [23] "SINCE JAN 1 516 540 -24 611"
]
