October 26th, 2014
"000 CDUS41 KBUF 271020 CLIBUF CLIMATE REPORT NATIONAL WEATHER SERVICE BUFFALO NY 618 AM EDT MON OCT 27 2014 ................................... ...THE BUFFALO NY CLIMATE SUMMARY FOR OCTOBER 26 2014... CLIMATE NORMAL PERIOD 1981 TO 2010 CLIMATE RECORD PERIOD 1871 TO 2014 WEATHER ITEM OBSERVED TIME RECORD YEAR NORMAL DEPARTURE LAST VALUE (LST) VALUE VALUE FROM YEAR NORMAL .................................................................. TEMPERATURE (F) YESTERDAY MAXIMUM 51 507 PM 77 1991 55 -4 45 MINIMUM 40 1158 PM 25 1884 40 0 36 AVERAGE 46 48 -2 41 PRECIPITATION (IN) YESTERDAY 0.00 1.40 1967 0.11 -0.11 0.63 MONTH TO DATE 4.40 2.96 1.44 5.77 SINCE SEP 1 7.53 6.86 0.67 9.30 SINCE JAN 1 37.47 32.02 5.45 36.93 SNOWFALL (IN) YESTERDAY 0.0 2.0 1962 0.0 0.0 T MONTH TO DATE T 0.6 -0.6 T SINCE SEP 1 T 0.6 -0.6 T SINCE JUL 1 T 0.6 -0.6 T SNOW DEPTH 0 DEGREE DAYS HEATING YESTERDAY 19 17 2 24 MONTH TO DATE 290 350 -60 242 SINCE SEP 1 398 485 -87 394 SINCE JUL 1 420 512 -92 410 COOLING YESTERDAY 0 0 0 0 MONTH TO DATE 8 0 8 8 SINCE SEP 1 69 53 16 59 SINCE JAN 1 515 540 -25 611 .................................................................. WIND (MPH) HIGHEST WIND SPEED 22 HIGHEST WIND DIRECTION W (270) HIGHEST GUST SPEED 28 HIGHEST GUST DIRECTION W (270) AVERAGE WIND SPEED 12.1 SKY COVER AVERAGE SKY COVER 0.5 WEATHER CONDITIONS THE FOLLOWING WEATHER WAS RECORDED YESTERDAY. NO SIGNIFICANT WEATHER WAS OBSERVED. RELATIVE HUMIDITY (PERCENT) HIGHEST 76 1000 PM LOWEST 54 500 PM AVERAGE 65 .......................................................... THE BUFFALO NY CLIMATE NORMALS FOR TODAY NORMAL RECORD YEAR MAXIMUM TEMPERATURE (F) 55 83 1947 MINIMUM TEMPERATURE (F) 39 23 1976 SUNRISE AND SUNSET OCTOBER 27 2014.......SUNRISE 743 AM EDT SUNSET 614 PM EDT OCTOBER 28 2014.......SUNRISE 744 AM EDT SUNSET 613 PM EDT - INDICATES NEGATIVE NUMBERS. R INDICATES RECORD WAS SET OR TIED. MM INDICATES DATA IS MISSING. T INDICATES TRACE AMOUNT."
[
    [ 0] "TEMPERATURE (F) YESTERDAY MAXIMUM 51 507",
    [ 1] "PM 77 1991 55 -4 45",
    [ 2] "MINIMUM 40 1158",
    [ 3] "PM 25 1884 40 0 36",
    [ 4] "AVERAGE 46 48 -2 41",
    [ 5] "PRECIPITATION (IN) YESTERDAY 0.00 1.40 1967 0.11 -0.11 0.63",
    [ 6] "MONTH TO DATE 4.40 2.96 1.44 5.77",
    [ 7] "SINCE SEP 1 7.53 6.86 0.67 9.30",
    [ 8] "SINCE JAN 1 37.47 32.02 5.45 36.93",
    [ 9] "SNOWFALL (IN) YESTERDAY 0.0 2.0 1962 0.0 0.0",
    [10] "T MONTH TO DATE T 0.6 -0.6",
    [11] "T SINCE SEP 1",
    [12] "T 0.6 -0.6",
    [13] "T SINCE JUL 1",
    [14] "T 0.6 -0.6",
    [15] "T SNOW DEPTH 0",
    [16] "DEGREE DAYS HEATING YESTERDAY 19 17 2 24",
    [17] "MONTH TO DATE 290 350 -60 242",
    [18] "SINCE SEP 1 398 485 -87 394",
    [19] "SINCE JUL 1 420 512 -92 410",
    [20] "COOLING YESTERDAY 0 0 0 0",
    [21] "MONTH TO DATE 8 0 8 8",
    [22] "SINCE SEP 1 69 53 16 59",
    [23] "SINCE JAN 1 515 540 -25 611"
]
