May 8th, 2014
"000 CDUS41 KBUF 091009 CLIBUF CLIMATE REPORT NATIONAL WEATHER SERVICE BUFFALO NY 608 AM EDT FRI MAY 9 2014 ................................... ...THE BUFFALO NY CLIMATE SUMMARY FOR MAY 8 2014... CLIMATE NORMAL PERIOD 1981 TO 2010 CLIMATE RECORD PERIOD 1871 TO 2014 WEATHER ITEM OBSERVED TIME RECORD YEAR NORMAL DEPARTURE LAST VALUE (LST) VALUE VALUE FROM YEAR NORMAL .................................................................. TEMPERATURE (F) YESTERDAY MAXIMUM 79 350 PM 85 1979 64 15 69 MINIMUM 50 357 AM 29 1956 45 5 59 AVERAGE 65 54 11 64 PRECIPITATION (IN) YESTERDAY 0.22 1.06 1943 0.10 0.12 0.17 MONTH TO DATE 0.37 0.82 -0.45 0.17 SINCE MAR 1 8.00 6.70 1.30 5.15 SINCE JAN 1 14.78 12.37 2.41 10.70 SNOWFALL (IN) YESTERDAY 0.0 0.5 1977 0.0 0.0 0.0 MONTH TO DATE 0.0 0.1 -0.1 0.0 SINCE MAR 1 25.7 15.7 10.0 10.1 SINCE JUL 1 129.9 94.5 35.4 58.8 SNOW DEPTH 0 DEGREE DAYS HEATING YESTERDAY 0 11 -11 1 MONTH TO DATE 111 97 14 1 SINCE MAR 1 1860 1634 226 1539 SINCE JUL 1 6966 6378 588 5859 COOLING YESTERDAY 0 0 0 0 MONTH TO DATE 0 0 0 13 SINCE MAR 1 0 3 -3 13 SINCE JAN 1 0 3 -3 13 .................................................................. WIND (MPH) HIGHEST WIND SPEED 15 HIGHEST WIND DIRECTION NE (30) HIGHEST GUST SPEED 18 HIGHEST GUST DIRECTION NE (40) AVERAGE WIND SPEED 5.7 SKY COVER POSSIBLE SUNSHINE 72 PERCENT AVERAGE SKY COVER 0.9 WEATHER CONDITIONS THE FOLLOWING WEATHER WAS RECORDED YESTERDAY. THUNDERSTORM RAIN LIGHT RAIN FOG RELATIVE HUMIDITY (PERCENT) HIGHEST 93 400 AM LOWEST 45 400 PM AVERAGE 69 .......................................................... THE BUFFALO NY CLIMATE NORMALS FOR TODAY NORMAL RECORD YEAR MAXIMUM TEMPERATURE (F) 64 82 2007 MINIMUM TEMPERATURE (F) 45 29 1947 SUNRISE AND SUNSET MAY 9 2014...........SUNRISE 559 AM EDT SUNSET 825 PM EDT MAY 10 2014...........SUNRISE 557 AM EDT SUNSET 826 PM EDT - INDICATES NEGATIVE NUMBERS. R INDICATES RECORD WAS SET OR TIED. MM INDICATES DATA IS MISSING. T INDICATES TRACE AMOUNT."
[
    [ 0] "TEMPERATURE (F) YESTERDAY MAXIMUM 79 350",
    [ 1] "PM 85 1979 64 15 69",
    [ 2] "MINIMUM 50 357",
    [ 3] "AM 29 1956 45 5 59",
    [ 4] "AVERAGE 65 54 11 64",
    [ 5] "PRECIPITATION (IN) YESTERDAY 0.22 1.06 1943 0.10 0.12 0.17",
    [ 6] "MONTH TO DATE 0.37 0.82 -0.45 0.17",
    [ 7] "SINCE MAR 1 8.00 6.70 1.30 5.15",
    [ 8] "SINCE JAN 1 14.78 12.37 2.41 10.70",
    [ 9] "SNOWFALL (IN) YESTERDAY 0.0 0.5 1977 0.0 0.0 0.0",
    [10] "MONTH TO DATE 0.0 0.1 -0.1 0.0",
    [11] "SINCE MAR 1 25.7 15.7 10.0 10.1",
    [12] "SINCE JUL 1 129.9 94.5 35.4 58.8",
    [13] "SNOW DEPTH 0",
    [14] "DEGREE DAYS HEATING YESTERDAY 0 11 -11 1",
    [15] "MONTH TO DATE 111 97 14 1",
    [16] "SINCE MAR 1 1860 1634 226 1539",
    [17] "SINCE JUL 1 6966 6378 588 5859",
    [18] "COOLING YESTERDAY 0 0 0 0",
    [19] "MONTH TO DATE 0 0 0 13",
    [20] "SINCE MAR 1 0 3 -3 13",
    [21] "SINCE JAN 1 0 3 -3 13"
]
