October 4th, 2014
"000 CDUS41 KBUF 051036 CLIBUF CLIMATE REPORT NATIONAL WEATHER SERVICE BUFFALO NY 631 AM EDT SUN OCT 5 2014 ................................... ...THE BUFFALO NY CLIMATE SUMMARY FOR OCTOBER 4 2014... CLIMATE NORMAL PERIOD 1981 TO 2010 CLIMATE RECORD PERIOD 1871 TO 2014 WEATHER ITEM OBSERVED TIME RECORD YEAR NORMAL DEPARTURE LAST VALUE (LST) VALUE VALUE FROM YEAR NORMAL .................................................................. TEMPERATURE (F) YESTERDAY MAXIMUM 60 1232 AM 87 1951 64 -4 71 MINIMUM 40 1119 PM 31 1974 47 -7 61 AVERAGE 50 55 -5 66 PRECIPITATION (IN) YESTERDAY 0.96 1.15 1898 0.12 0.84 0.99 MONTH TO DATE 1.10 0.48 0.62 1.00 SINCE SEP 1 4.23 4.38 -0.15 4.53 SINCE JAN 1 34.17 29.54 4.63 32.16 SNOWFALL (IN) YESTERDAY T R T 1980 0.0 0.0 0.0 MONTH TO DATE T 0.1 -0.1 0.0 SINCE SEP 1 T 0.1 -0.1 0.0 SINCE JUL 1 T 0.1 -0.1 0.0 SNOW DEPTH 0 DEGREE DAYS HEATING YESTERDAY 15 10 5 0 MONTH TO DATE 16 39 -23 5 SINCE SEP 1 124 174 -50 157 SINCE JUL 1 146 201 -55 173 COOLING YESTERDAY 0 0 0 1 MONTH TO DATE 3 0 3 1 SINCE SEP 1 64 53 11 52 SINCE JAN 1 510 540 -30 604 .................................................................. WIND (MPH) HIGHEST WIND SPEED 29 HIGHEST WIND DIRECTION W (250) HIGHEST GUST SPEED 39 HIGHEST GUST DIRECTION W (250) AVERAGE WIND SPEED 12.6 SKY COVER AVERAGE SKY COVER 0.9 WEATHER CONDITIONS THE FOLLOWING WEATHER WAS RECORDED YESTERDAY. HEAVY RAIN RAIN LIGHT RAIN HAIL SLEET FOG RELATIVE HUMIDITY (PERCENT) HIGHEST 93 100 AM LOWEST 66 1000 AM AVERAGE 80 .......................................................... THE BUFFALO NY CLIMATE NORMALS FOR TODAY NORMAL RECORD YEAR MAXIMUM TEMPERATURE (F) 63 86 2007 MINIMUM TEMPERATURE (F) 46 30 1984 1965 SUNRISE AND SUNSET OCTOBER 5 2014.......SUNRISE 717 AM EDT SUNSET 649 PM EDT OCTOBER 6 2014.......SUNRISE 718 AM EDT SUNSET 647 PM EDT - INDICATES NEGATIVE NUMBERS. R INDICATES RECORD WAS SET OR TIED. MM INDICATES DATA IS MISSING. T INDICATES TRACE AMOUNT."
[
    [ 0] "TEMPERATURE (F) YESTERDAY MAXIMUM 60 1232",
    [ 1] "AM 87 1951 64 -4 71",
    [ 2] "MINIMUM 40 1119",
    [ 3] "PM 31 1974 47 -7 61",
    [ 4] "AVERAGE 50 55 -5 66",
    [ 5] "PRECIPITATION (IN) YESTERDAY 0.96 1.15 1898 0.12 0.84 0.99",
    [ 6] "MONTH TO DATE 1.10 0.48 0.62 1.00",
    [ 7] "SINCE SEP 1 4.23 4.38 -0.15 4.53",
    [ 8] "SINCE JAN 1 34.17 29.54 4.63 32.16",
    [ 9] "SNOWFALL (IN) YESTERDAY T R T 1980 0.0 0.0 0.0",
    [10] "MONTH TO DATE T 0.1 -0.1 0.0",
    [11] "SINCE SEP 1",
    [12] "T 0.1 -0.1 0.0",
    [13] "SINCE JUL 1",
    [14] "T 0.1 -0.1 0.0",
    [15] "SNOW DEPTH 0",
    [16] "DEGREE DAYS HEATING YESTERDAY 15 10 5 0",
    [17] "MONTH TO DATE 16 39 -23 5",
    [18] "SINCE SEP 1 124 174 -50 157",
    [19] "SINCE JUL 1 146 201 -55 173",
    [20] "COOLING YESTERDAY 0 0 0 1",
    [21] "MONTH TO DATE 3 0 3 1",
    [22] "SINCE SEP 1 64 53 11 52",
    [23] "SINCE JAN 1 510 540 -30 604"
]
