October 29th, 2014
"000 CDUS41 KBUF 301017 CLIBUF CLIMATE REPORT NATIONAL WEATHER SERVICE BUFFALO NY 612 AM EDT THU OCT 30 2014 ................................... ...THE BUFFALO NY CLIMATE SUMMARY FOR OCTOBER 29 2014... CLIMATE NORMAL PERIOD 1981 TO 2010 CLIMATE RECORD PERIOD 1871 TO 2014 WEATHER ITEM OBSERVED TIME RECORD YEAR NORMAL DEPARTURE LAST VALUE (LST) VALUE VALUE FROM YEAR NORMAL .................................................................. TEMPERATURE (F) YESTERDAY MAXIMUM 57 102 AM 74 1971 54 3 49 MINIMUM 43 1147 PM 20 1965 39 4 31 AVERAGE 50 47 3 40 PRECIPITATION (IN) YESTERDAY T 1.42 2012 0.11 -0.11 T MONTH TO DATE 4.51 3.30 1.21 5.77 SINCE SEP 1 7.64 7.20 0.44 9.30 SINCE JAN 1 37.58 32.36 5.22 36.93 SNOWFALL (IN) YESTERDAY 0.0 0.7 1928 0.1 -0.1 0.0 MONTH TO DATE T 0.8 -0.8 T SINCE SEP 1 T 0.8 -0.8 T SINCE JUL 1 T 0.8 -0.8 T SNOW DEPTH 0 DEGREE DAYS HEATING YESTERDAY 15 18 -3 25 MONTH TO DATE 319 404 -85 313 SINCE SEP 1 427 539 -112 465 SINCE JUL 1 449 566 -117 481 COOLING YESTERDAY 0 0 0 0 MONTH TO DATE 9 0 9 8 SINCE SEP 1 70 53 17 59 SINCE JAN 1 516 540 -24 611 .................................................................. WIND (MPH) HIGHEST WIND SPEED 23 HIGHEST WIND DIRECTION W (250) HIGHEST GUST SPEED 31 HIGHEST GUST DIRECTION SW (240) AVERAGE WIND SPEED 11.8 SKY COVER AVERAGE SKY COVER 0.8 WEATHER CONDITIONS THE FOLLOWING WEATHER WAS RECORDED YESTERDAY. LIGHT RAIN RELATIVE HUMIDITY (PERCENT) HIGHEST 86 1200 AM LOWEST 50 1000 AM AVERAGE 68 .......................................................... THE BUFFALO NY CLIMATE NORMALS FOR TODAY NORMAL RECORD YEAR MAXIMUM TEMPERATURE (F) 54 74 1946 MINIMUM TEMPERATURE (F) 39 24 1887 SUNRISE AND SUNSET OCTOBER 30 2014.......SUNRISE 747 AM EDT SUNSET 610 PM EDT OCTOBER 31 2014.......SUNRISE 748 AM EDT SUNSET 608 PM EDT - INDICATES NEGATIVE NUMBERS. R INDICATES RECORD WAS SET OR TIED. MM INDICATES DATA IS MISSING. T INDICATES TRACE AMOUNT."
[
    [ 0] "TEMPERATURE (F) YESTERDAY MAXIMUM 57 102",
    [ 1] "AM 74 1971 54 3 49",
    [ 2] "MINIMUM 43 1147",
    [ 3] "PM 20 1965 39 4 31",
    [ 4] "AVERAGE 50 47 3 40",
    [ 5] "PRECIPITATION (IN) YESTERDAY T 1.42 2012 0.11 -0.11",
    [ 6] "T MONTH TO DATE 4.51 3.30 1.21 5.77",
    [ 7] "SINCE SEP 1 7.64 7.20 0.44 9.30",
    [ 8] "SINCE JAN 1 37.58 32.36 5.22 36.93",
    [ 9] "SNOWFALL (IN) YESTERDAY 0.0 0.7 1928 0.1 -0.1 0.0",
    [10] "MONTH TO DATE T 0.8 -0.8",
    [11] "T SINCE SEP 1",
    [12] "T 0.8 -0.8",
    [13] "T SINCE JUL 1",
    [14] "T 0.8 -0.8",
    [15] "T SNOW DEPTH 0",
    [16] "DEGREE DAYS HEATING YESTERDAY 15 18 -3 25",
    [17] "MONTH TO DATE 319 404 -85 313",
    [18] "SINCE SEP 1 427 539 -112 465",
    [19] "SINCE JUL 1 449 566 -117 481",
    [20] "COOLING YESTERDAY 0 0 0 0",
    [21] "MONTH TO DATE 9 0 9 8",
    [22] "SINCE SEP 1 70 53 17 59",
    [23] "SINCE JAN 1 516 540 -24 611"
]
