May 24th, 2014
"000 CDUS41 KBUF 251014 CLIBUF CLIMATE REPORT NATIONAL WEATHER SERVICE BUFFALO NY 614 AM EDT SUN MAY 25 2014 ................................... ...THE BUFFALO NY CLIMATE SUMMARY FOR MAY 24 2014... CLIMATE NORMAL PERIOD 1981 TO 2010 CLIMATE RECORD PERIOD 1871 TO 2014 WEATHER ITEM OBSERVED TIME RECORD YEAR NORMAL DEPARTURE LAST VALUE (LST) VALUE VALUE FROM YEAR NORMAL .................................................................. TEMPERATURE (F) YESTERDAY MAXIMUM 65 430 PM 88 1922 69 -4 51 MINIMUM 48 510 AM 31 1963 50 -2 39 1925 AVERAGE 57 60 -3 45 PRECIPITATION (IN) YESTERDAY 0.00 1.09 1964 0.12 -0.12 0.05 MONTH TO DATE 2.92 2.62 0.30 1.61 SINCE MAR 1 10.55 8.50 2.05 6.59 SINCE JAN 1 17.33 14.17 3.16 12.14 SNOWFALL (IN) YESTERDAY 0.0 T 1925 0.0 0.0 0.0 MONTH TO DATE 0.0 0.3 -0.3 T SINCE MAR 1 25.7 15.9 9.8 10.1 SINCE JUL 1 129.9 94.7 35.2 58.8 SNOW DEPTH 0 DEGREE DAYS HEATING YESTERDAY 8 7 1 20 MONTH TO DATE 224 234 -10 131 SINCE MAR 1 1973 1771 202 1669 SINCE JUL 1 7079 6515 564 5989 COOLING YESTERDAY 0 1 -1 0 MONTH TO DATE 21 12 9 48 SINCE MAR 1 21 15 6 48 SINCE JAN 1 21 15 6 48 .................................................................. WIND (MPH) HIGHEST WIND SPEED 17 HIGHEST WIND DIRECTION SW (220) HIGHEST GUST SPEED 22 HIGHEST GUST DIRECTION W (250) AVERAGE WIND SPEED 10.2 SKY COVER POSSIBLE SUNSHINE 100 PERCENT AVERAGE SKY COVER 0.3 WEATHER CONDITIONS THE FOLLOWING WEATHER WAS RECORDED YESTERDAY. FOG RELATIVE HUMIDITY (PERCENT) HIGHEST 93 1200 AM LOWEST 52 400 PM AVERAGE 73 .......................................................... THE BUFFALO NY CLIMATE NORMALS FOR TODAY NORMAL RECORD YEAR MAXIMUM TEMPERATURE (F) 69 86 2012 1975 1944 MINIMUM TEMPERATURE (F) 50 35 1992 1956 SUNRISE AND SUNSET MAY 25 2014...........SUNRISE 543 AM EDT SUNSET 841 PM EDT MAY 26 2014...........SUNRISE 542 AM EDT SUNSET 842 PM EDT - INDICATES NEGATIVE NUMBERS. R INDICATES RECORD WAS SET OR TIED. MM INDICATES DATA IS MISSING. T INDICATES TRACE AMOUNT."
[
    [ 0] "TEMPERATURE (F) YESTERDAY MAXIMUM 65 430",
    [ 1] "PM 88 1922 69 -4 51",
    [ 2] "MINIMUM 48 510",
    [ 3] "AM 31 1963 50 -2 39 1925",
    [ 4] "AVERAGE 57 60 -3 45",
    [ 5] "PRECIPITATION (IN) YESTERDAY 0.00 1.09 1964 0.12 -0.12 0.05",
    [ 6] "MONTH TO DATE 2.92 2.62 0.30 1.61",
    [ 7] "SINCE MAR 1 10.55 8.50 2.05 6.59",
    [ 8] "SINCE JAN 1 17.33 14.17 3.16 12.14",
    [ 9] "SNOWFALL (IN) YESTERDAY 0.0",
    [10] "T 1925 0.0 0.0 0.0",
    [11] "MONTH TO DATE 0.0 0.3 -0.3",
    [12] "T SINCE MAR 1 25.7 15.9 9.8 10.1",
    [13] "SINCE JUL 1 129.9 94.7 35.2 58.8",
    [14] "SNOW DEPTH 0",
    [15] "DEGREE DAYS HEATING YESTERDAY 8 7 1 20",
    [16] "MONTH TO DATE 224 234 -10 131",
    [17] "SINCE MAR 1 1973 1771 202 1669",
    [18] "SINCE JUL 1 7079 6515 564 5989",
    [19] "COOLING YESTERDAY 0 1 -1 0",
    [20] "MONTH TO DATE 21 12 9 48",
    [21] "SINCE MAR 1 21 15 6 48",
    [22] "SINCE JAN 1 21 15 6 48"
]
