May 20th, 2014
"000 CDUS41 KBUF 211018 CLIBUF CLIMATE REPORT NATIONAL WEATHER SERVICE BUFFALO NY 617 AM EDT WED MAY 21 2014 ................................... ...THE BUFFALO NY CLIMATE SUMMARY FOR MAY 20 2014... CLIMATE NORMAL PERIOD 1981 TO 2010 CLIMATE RECORD PERIOD 1871 TO 2014 WEATHER ITEM OBSERVED TIME RECORD YEAR NORMAL DEPARTURE LAST VALUE (LST) VALUE VALUE FROM YEAR NORMAL .................................................................. TEMPERATURE (F) YESTERDAY MAXIMUM 71 1151 AM 89 2012 68 3 85 MINIMUM 48 455 AM 32 1907 49 -1 62 AVERAGE 60 58 2 74 PRECIPITATION (IN) YESTERDAY 0.14 1.31 1894 0.12 0.02 0.00 MONTH TO DATE 2.84 2.13 0.71 1.19 SINCE MAR 1 10.47 8.01 2.46 6.17 SINCE JAN 1 17.25 13.68 3.57 11.72 SNOWFALL (IN) YESTERDAY 0.0 0.1 1907 0.0 0.0 0.0 MONTH TO DATE 0.0 0.3 -0.3 T SINCE MAR 1 25.7 15.9 9.8 10.1 SINCE JUL 1 129.9 94.7 35.2 58.8 SNOW DEPTH 0 DEGREE DAYS HEATING YESTERDAY 5 8 -3 0 MONTH TO DATE 194 206 -12 102 SINCE MAR 1 1943 1743 200 1640 SINCE JUL 1 7049 6487 562 5960 COOLING YESTERDAY 0 1 -1 9 MONTH TO DATE 21 8 13 28 SINCE MAR 1 21 11 10 28 SINCE JAN 1 21 11 10 28 .................................................................. WIND (MPH) HIGHEST WIND SPEED 17 HIGHEST WIND DIRECTION SW (230) HIGHEST GUST SPEED 21 HIGHEST GUST DIRECTION SW (220) AVERAGE WIND SPEED 5.8 SKY COVER POSSIBLE SUNSHINE 57 PERCENT AVERAGE SKY COVER 0.9 WEATHER CONDITIONS THE FOLLOWING WEATHER WAS RECORDED YESTERDAY. LIGHT RAIN FOG RELATIVE HUMIDITY (PERCENT) HIGHEST 86 900 PM LOWEST 36 100 PM AVERAGE 61 .......................................................... THE BUFFALO NY CLIMATE NORMALS FOR TODAY NORMAL RECORD YEAR MAXIMUM TEMPERATURE (F) 68 90 1977 MINIMUM TEMPERATURE (F) 49 33 1907 SUNRISE AND SUNSET MAY 21 2014...........SUNRISE 546 AM EDT SUNSET 837 PM EDT MAY 22 2014...........SUNRISE 545 AM EDT SUNSET 838 PM EDT - INDICATES NEGATIVE NUMBERS. R INDICATES RECORD WAS SET OR TIED. MM INDICATES DATA IS MISSING. T INDICATES TRACE AMOUNT."
[
    [ 0] "TEMPERATURE (F) YESTERDAY MAXIMUM 71 1151",
    [ 1] "AM 89 2012 68 3 85",
    [ 2] "MINIMUM 48 455",
    [ 3] "AM 32 1907 49 -1 62",
    [ 4] "AVERAGE 60 58 2 74",
    [ 5] "PRECIPITATION (IN) YESTERDAY 0.14 1.31 1894 0.12 0.02 0.00",
    [ 6] "MONTH TO DATE 2.84 2.13 0.71 1.19",
    [ 7] "SINCE MAR 1 10.47 8.01 2.46 6.17",
    [ 8] "SINCE JAN 1 17.25 13.68 3.57 11.72",
    [ 9] "SNOWFALL (IN) YESTERDAY 0.0 0.1 1907 0.0 0.0 0.0",
    [10] "MONTH TO DATE 0.0 0.3 -0.3",
    [11] "T SINCE MAR 1 25.7 15.9 9.8 10.1",
    [12] "SINCE JUL 1 129.9 94.7 35.2 58.8",
    [13] "SNOW DEPTH 0",
    [14] "DEGREE DAYS HEATING YESTERDAY 5 8 -3 0",
    [15] "MONTH TO DATE 194 206 -12 102",
    [16] "SINCE MAR 1 1943 1743 200 1640",
    [17] "SINCE JUL 1 7049 6487 562 5960",
    [18] "COOLING YESTERDAY 0 1 -1 9",
    [19] "MONTH TO DATE 21 8 13 28",
    [20] "SINCE MAR 1 21 11 10 28",
    [21] "SINCE JAN 1 21 11 10 28"
]
