September 11th, 2014
"000 CDUS41 KBUF 121018 CLIBUF CLIMATE REPORT NATIONAL WEATHER SERVICE BUFFALO NY 617 AM EDT FRI SEP 12 2014 ................................... ...THE BUFFALO NY CLIMATE SUMMARY FOR SEPTEMBER 11 2014... CLIMATE NORMAL PERIOD 1981 TO 2010 CLIMATE RECORD PERIOD 1871 TO 2014 WEATHER ITEM OBSERVED TIME RECORD YEAR NORMAL DEPARTURE LAST VALUE (LST) VALUE VALUE FROM YEAR NORMAL .................................................................. TEMPERATURE (F) YESTERDAY MAXIMUM 74 1202 AM 87 1952 73 1 86 1947 MINIMUM 54 1159 PM 39 1967 55 -1 68 AVERAGE 64 64 0 77 PRECIPITATION (IN) YESTERDAY 0.54 1.97 1968 0.12 0.42 0.12 MONTH TO DATE 2.29 1.27 1.02 0.48 SINCE SEP 1 2.29 1.27 1.02 0.48 SINCE JAN 1 32.23 26.43 5.80 28.11 SNOWFALL (IN) YESTERDAY 0.0 T 2007 0.0 0.0 0.0 MONTH TO DATE 0.0 0.0 0.0 0.0 SINCE SEP 1 0.0 0.0 0.0 0.0 SINCE JUL 1 0.0 0.0 0.0 0.0 SNOW DEPTH 0 DEGREE DAYS HEATING YESTERDAY 1 3 -2 0 MONTH TO DATE 5 24 -19 30 SINCE SEP 1 5 24 -19 30 SINCE JUL 1 27 51 -24 46 COOLING YESTERDAY 0 2 -2 12 MONTH TO DATE 52 31 21 41 SINCE SEP 1 52 31 21 41 SINCE JAN 1 498 518 -20 593 .................................................................. WIND (MPH) HIGHEST WIND SPEED 30 HIGHEST WIND DIRECTION S (190) HIGHEST GUST SPEED 39 HIGHEST GUST DIRECTION S (180) AVERAGE WIND SPEED 14.8 SKY COVER POSSIBLE SUNSHINE MM AVERAGE SKY COVER 1.0 WEATHER CONDITIONS THE FOLLOWING WEATHER WAS RECORDED YESTERDAY. HEAVY RAIN RAIN LIGHT RAIN FOG HAZE RELATIVE HUMIDITY (PERCENT) HIGHEST 93 500 AM LOWEST 64 400 PM AVERAGE 79 .......................................................... THE BUFFALO NY CLIMATE NORMALS FOR TODAY NORMAL RECORD YEAR MAXIMUM TEMPERATURE (F) 73 91 1952 MINIMUM TEMPERATURE (F) 55 38 1943 SUNRISE AND SUNSET SEPTEMBER 12 2014.....SUNRISE 651 AM EDT SUNSET 730 PM EDT SEPTEMBER 13 2014.....SUNRISE 652 AM EDT SUNSET 728 PM EDT - INDICATES NEGATIVE NUMBERS. R INDICATES RECORD WAS SET OR TIED. MM INDICATES DATA IS MISSING. T INDICATES TRACE AMOUNT."
[
    [ 0] "TEMPERATURE (F) YESTERDAY MAXIMUM 74 1202",
    [ 1] "AM 87 1952 73 1 86 1947",
    [ 2] "MINIMUM 54 1159",
    [ 3] "PM 39 1967 55 -1 68",
    [ 4] "AVERAGE 64 64 0 77",
    [ 5] "PRECIPITATION (IN) YESTERDAY 0.54 1.97 1968 0.12 0.42 0.12",
    [ 6] "MONTH TO DATE 2.29 1.27 1.02 0.48",
    [ 7] "SINCE SEP 1 2.29 1.27 1.02 0.48",
    [ 8] "SINCE JAN 1 32.23 26.43 5.80 28.11",
    [ 9] "SNOWFALL (IN) YESTERDAY 0.0",
    [10] "T 2007 0.0 0.0 0.0",
    [11] "MONTH TO DATE 0.0 0.0 0.0 0.0",
    [12] "SINCE SEP 1 0.0 0.0 0.0 0.0",
    [13] "SINCE JUL 1 0.0 0.0 0.0 0.0",
    [14] "SNOW DEPTH 0",
    [15] "DEGREE DAYS HEATING YESTERDAY 1 3 -2 0",
    [16] "MONTH TO DATE 5 24 -19 30",
    [17] "SINCE SEP 1 5 24 -19 30",
    [18] "SINCE JUL 1 27 51 -24 46",
    [19] "COOLING YESTERDAY 0 2 -2 12",
    [20] "MONTH TO DATE 52 31 21 41",
    [21] "SINCE SEP 1 52 31 21 41",
    [22] "SINCE JAN 1 498 518 -20 593"
]
