October 6th, 2014
"000 CDUS41 KBUF 071009 CLIBUF CLIMATE REPORT NATIONAL WEATHER SERVICE BUFFALO NY 607 AM EDT TUE OCT 7 2014 ................................... ...THE BUFFALO NY CLIMATE SUMMARY FOR OCTOBER 6 2014... CLIMATE NORMAL PERIOD 1981 TO 2010 CLIMATE RECORD PERIOD 1871 TO 2014 WEATHER ITEM OBSERVED TIME RECORD YEAR NORMAL DEPARTURE LAST VALUE (LST) VALUE VALUE FROM YEAR NORMAL .................................................................. TEMPERATURE (F) YESTERDAY MAXIMUM 65 352 PM 85 1900 63 2 83 MINIMUM 47 327 AM 28 1984 46 1 60 AVERAGE 56 54 2 72 PRECIPITATION (IN) YESTERDAY 0.39 2.55 1955 0.13 0.26 0.12 MONTH TO DATE 2.69 0.74 1.95 1.45 SINCE SEP 1 5.82 4.64 1.18 4.98 SINCE JAN 1 35.76 29.80 5.96 32.61 SNOWFALL (IN) YESTERDAY 0.0 0.2 1991 0.0 0.0 0.0 MONTH TO DATE T 0.1 -0.1 0.0 SINCE SEP 1 T 0.1 -0.1 0.0 SINCE JUL 1 T 0.1 -0.1 0.0 SNOW DEPTH 0 DEGREE DAYS HEATING YESTERDAY 9 11 -2 0 MONTH TO DATE 46 61 -15 7 SINCE SEP 1 154 196 -42 159 SINCE JUL 1 176 223 -47 175 COOLING YESTERDAY 0 0 0 7 MONTH TO DATE 3 0 3 8 SINCE SEP 1 64 53 11 59 SINCE JAN 1 510 540 -30 611 .................................................................. WIND (MPH) HIGHEST WIND SPEED 26 HIGHEST WIND DIRECTION S (190) HIGHEST GUST SPEED 33 HIGHEST GUST DIRECTION S (190) AVERAGE WIND SPEED 10.8 SKY COVER AVERAGE SKY COVER 0.9 WEATHER CONDITIONS THE FOLLOWING WEATHER WAS RECORDED YESTERDAY. HEAVY RAIN LIGHT RAIN FOG RELATIVE HUMIDITY (PERCENT) HIGHEST 93 800 PM LOWEST 52 1200 PM AVERAGE 73 .......................................................... THE BUFFALO NY CLIMATE NORMALS FOR TODAY NORMAL RECORD YEAR MAXIMUM TEMPERATURE (F) 62 82 1955 1913 1900 MINIMUM TEMPERATURE (F) 46 28 1964 SUNRISE AND SUNSET OCTOBER 7 2014.......SUNRISE 719 AM EDT SUNSET 646 PM EDT OCTOBER 8 2014.......SUNRISE 720 AM EDT SUNSET 644 PM EDT - INDICATES NEGATIVE NUMBERS. R INDICATES RECORD WAS SET OR TIED. MM INDICATES DATA IS MISSING. T INDICATES TRACE AMOUNT."
[
    [ 0] "TEMPERATURE (F) YESTERDAY MAXIMUM 65 352",
    [ 1] "PM 85 1900 63 2 83",
    [ 2] "MINIMUM 47 327",
    [ 3] "AM 28 1984 46 1 60",
    [ 4] "AVERAGE 56 54 2 72",
    [ 5] "PRECIPITATION (IN) YESTERDAY 0.39 2.55 1955 0.13 0.26 0.12",
    [ 6] "MONTH TO DATE 2.69 0.74 1.95 1.45",
    [ 7] "SINCE SEP 1 5.82 4.64 1.18 4.98",
    [ 8] "SINCE JAN 1 35.76 29.80 5.96 32.61",
    [ 9] "SNOWFALL (IN) YESTERDAY 0.0 0.2 1991 0.0 0.0 0.0",
    [10] "MONTH TO DATE T 0.1 -0.1 0.0",
    [11] "SINCE SEP 1",
    [12] "T 0.1 -0.1 0.0",
    [13] "SINCE JUL 1",
    [14] "T 0.1 -0.1 0.0",
    [15] "SNOW DEPTH 0",
    [16] "DEGREE DAYS HEATING YESTERDAY 9 11 -2 0",
    [17] "MONTH TO DATE 46 61 -15 7",
    [18] "SINCE SEP 1 154 196 -42 159",
    [19] "SINCE JUL 1 176 223 -47 175",
    [20] "COOLING YESTERDAY 0 0 0 7",
    [21] "MONTH TO DATE 3 0 3 8",
    [22] "SINCE SEP 1 64 53 11 59",
    [23] "SINCE JAN 1 510 540 -30 611"
]
