October 12th, 2014
"000 CDUS41 KBUF 131004 CLIBUF CLIMATE REPORT NATIONAL WEATHER SERVICE BUFFALO NY 603 AM EDT MON OCT 13 2014 ................................... ...THE BUFFALO NY CLIMATE SUMMARY FOR OCTOBER 12 2014... CLIMATE NORMAL PERIOD 1981 TO 2010 CLIMATE RECORD PERIOD 1871 TO 2014 WEATHER ITEM OBSERVED TIME RECORD YEAR NORMAL DEPARTURE LAST VALUE (LST) VALUE VALUE FROM YEAR NORMAL .................................................................. TEMPERATURE (F) YESTERDAY MAXIMUM 61 448 PM 81 1893 60 1 78 MINIMUM 35 659 AM 30 1876 44 -9 45 AVERAGE 48 52 -4 62 PRECIPITATION (IN) YESTERDAY 0.00 1.55 1946 0.12 -0.12 0.00 MONTH TO DATE 2.89 1.48 1.41 2.28 SINCE SEP 1 6.02 5.38 0.64 5.81 SINCE JAN 1 35.96 30.54 5.42 33.44 SNOWFALL (IN) YESTERDAY 0.0 8.6 2006 0.0 0.0 0.0 MONTH TO DATE T 0.2 -0.2 0.0 SINCE SEP 1 T 0.2 -0.2 0.0 SINCE JUL 1 T 0.2 -0.2 0.0 SNOW DEPTH 0 DEGREE DAYS HEATING YESTERDAY 17 13 4 3 MONTH TO DATE 125 134 -9 46 SINCE SEP 1 233 269 -36 198 SINCE JUL 1 255 296 -41 214 COOLING YESTERDAY 0 0 0 0 MONTH TO DATE 3 0 3 8 SINCE SEP 1 64 53 11 59 SINCE JAN 1 510 540 -30 611 .................................................................. WIND (MPH) HIGHEST WIND SPEED 13 HIGHEST WIND DIRECTION E (100) HIGHEST GUST SPEED 17 HIGHEST GUST DIRECTION E (100) AVERAGE WIND SPEED 4.9 SKY COVER AVERAGE SKY COVER 0.2 WEATHER CONDITIONS THE FOLLOWING WEATHER WAS RECORDED YESTERDAY. NO SIGNIFICANT WEATHER WAS OBSERVED. RELATIVE HUMIDITY (PERCENT) HIGHEST 89 500 AM LOWEST 36 400 PM AVERAGE 63 .......................................................... THE BUFFALO NY CLIMATE NORMALS FOR TODAY NORMAL RECORD YEAR MAXIMUM TEMPERATURE (F) 60 82 1983 1969 MINIMUM TEMPERATURE (F) 43 30 2012 1993 1891 SUNRISE AND SUNSET OCTOBER 13 2014.......SUNRISE 726 AM EDT SUNSET 636 PM EDT OCTOBER 14 2014.......SUNRISE 727 AM EDT SUNSET 634 PM EDT - INDICATES NEGATIVE NUMBERS. R INDICATES RECORD WAS SET OR TIED. MM INDICATES DATA IS MISSING. T INDICATES TRACE AMOUNT."
[
    [ 0] "TEMPERATURE (F) YESTERDAY MAXIMUM 61 448",
    [ 1] "PM 81 1893 60 1 78",
    [ 2] "MINIMUM 35 659",
    [ 3] "AM 30 1876 44 -9 45",
    [ 4] "AVERAGE 48 52 -4 62",
    [ 5] "PRECIPITATION (IN) YESTERDAY 0.00 1.55 1946 0.12 -0.12 0.00",
    [ 6] "MONTH TO DATE 2.89 1.48 1.41 2.28",
    [ 7] "SINCE SEP 1 6.02 5.38 0.64 5.81",
    [ 8] "SINCE JAN 1 35.96 30.54 5.42 33.44",
    [ 9] "SNOWFALL (IN) YESTERDAY 0.0 8.6 2006 0.0 0.0 0.0",
    [10] "MONTH TO DATE T 0.2 -0.2 0.0",
    [11] "SINCE SEP 1",
    [12] "T 0.2 -0.2 0.0",
    [13] "SINCE JUL 1",
    [14] "T 0.2 -0.2 0.0",
    [15] "SNOW DEPTH 0",
    [16] "DEGREE DAYS HEATING YESTERDAY 17 13 4 3",
    [17] "MONTH TO DATE 125 134 -9 46",
    [18] "SINCE SEP 1 233 269 -36 198",
    [19] "SINCE JUL 1 255 296 -41 214",
    [20] "COOLING YESTERDAY 0 0 0 0",
    [21] "MONTH TO DATE 3 0 3 8",
    [22] "SINCE SEP 1 64 53 11 59",
    [23] "SINCE JAN 1 510 540 -30 611"
]
