April 30th, 2014
"000 CDUS41 KBUF 011012 CLIBUF CLIMATE REPORT NATIONAL WEATHER SERVICE BUFFALO NY 606 AM EDT THU MAY 1 2014 ................................... ...THE BUFFALO NY CLIMATE SUMMARY FOR APRIL 30 2014... CLIMATE NORMAL PERIOD 1981 TO 2010 CLIMATE RECORD PERIOD 1871 TO 2014 WEATHER ITEM OBSERVED TIME RECORD YEAR NORMAL DEPARTURE LAST VALUE (LST) VALUE VALUE FROM YEAR NORMAL .................................................................. TEMPERATURE (F) YESTERDAY MAXIMUM 55 306 PM 84 1899 61 -6 73 MINIMUM 48 803 AM 28 1978 42 6 57 1931 1876 AVERAGE 52 52 0 65 PRECIPITATION (IN) YESTERDAY 0.48 0.84 1909 0.10 0.38 T MONTH TO DATE 5.08 3.01 2.07 3.92 SINCE MAR 1 7.63 5.88 1.75 4.98 SINCE JAN 1 14.41 11.55 2.86 10.53 SNOWFALL (IN) YESTERDAY 0.0 4.2 1908 0.0 0.0 0.0 MONTH TO DATE 1.2 2.7 -1.5 0.3 SINCE MAR 1 25.7 15.6 10.1 10.1 SINCE JUL 1 129.9 94.4 35.5 58.8 SNOW DEPTH 0 DEGREE DAYS HEATING YESTERDAY 13 14 -1 0 MONTH TO DATE 571 575 -4 552 SINCE MAR 1 1749 1537 212 1538 SINCE JUL 1 6855 6281 574 5858 COOLING YESTERDAY 0 0 0 0 MONTH TO DATE 0 3 -3 0 SINCE MAR 1 0 3 -3 0 SINCE JAN 1 0 3 -3 0 .................................................................. WIND (MPH) HIGHEST WIND SPEED 24 HIGHEST WIND DIRECTION SE (150) HIGHEST GUST SPEED 30 HIGHEST GUST DIRECTION S (160) AVERAGE WIND SPEED 9.1 SKY COVER POSSIBLE SUNSHINE 0 PERCENT AVERAGE SKY COVER 1.0 WEATHER CONDITIONS THE FOLLOWING WEATHER WAS RECORDED YESTERDAY. HEAVY RAIN RAIN LIGHT RAIN FOG RELATIVE HUMIDITY (PERCENT) HIGHEST 100 1100 PM LOWEST 66 1200 AM AVERAGE 83 .......................................................... THE BUFFALO NY CLIMATE NORMALS FOR TODAY NORMAL RECORD YEAR MAXIMUM TEMPERATURE (F) 62 87 1970 MINIMUM TEMPERATURE (F) 42 28 1978 1943 SUNRISE AND SUNSET MAY 1 2014...........SUNRISE 609 AM EDT SUNSET 816 PM EDT MAY 2 2014...........SUNRISE 608 AM EDT SUNSET 817 PM EDT - INDICATES NEGATIVE NUMBERS. R INDICATES RECORD WAS SET OR TIED. MM INDICATES DATA IS MISSING. T INDICATES TRACE AMOUNT."
[
    [ 0] "TEMPERATURE (F) YESTERDAY MAXIMUM 55 306",
    [ 1] "PM 84 1899 61 -6 73",
    [ 2] "MINIMUM 48 803",
    [ 3] "AM 28 1978 42 6 57 1931 1876",
    [ 4] "AVERAGE 52 52 0 65",
    [ 5] "PRECIPITATION (IN) YESTERDAY 0.48 0.84 1909 0.10 0.38",
    [ 6] "T MONTH TO DATE 5.08 3.01 2.07 3.92",
    [ 7] "SINCE MAR 1 7.63 5.88 1.75 4.98",
    [ 8] "SINCE JAN 1 14.41 11.55 2.86 10.53",
    [ 9] "SNOWFALL (IN) YESTERDAY 0.0 4.2 1908 0.0 0.0 0.0",
    [10] "MONTH TO DATE 1.2 2.7 -1.5 0.3",
    [11] "SINCE MAR 1 25.7 15.6 10.1 10.1",
    [12] "SINCE JUL 1 129.9 94.4 35.5 58.8",
    [13] "SNOW DEPTH 0",
    [14] "DEGREE DAYS HEATING YESTERDAY 13 14 -1 0",
    [15] "MONTH TO DATE 571 575 -4 552",
    [16] "SINCE MAR 1 1749 1537 212 1538",
    [17] "SINCE JUL 1 6855 6281 574 5858",
    [18] "COOLING YESTERDAY 0 0 0 0",
    [19] "MONTH TO DATE 0 3 -3 0",
    [20] "SINCE MAR 1 0 3 -3 0",
    [21] "SINCE JAN 1 0 3 -3 0"
]
