October 27th, 2014
"000 CDUS41 KBUF 281021 CLIBUF CLIMATE REPORT NATIONAL WEATHER SERVICE BUFFALO NY 616 AM EDT TUE OCT 28 2014 ................................... ...THE BUFFALO NY CLIMATE SUMMARY FOR OCTOBER 27 2014... CLIMATE NORMAL PERIOD 1981 TO 2010 CLIMATE RECORD PERIOD 1871 TO 2014 WEATHER ITEM OBSERVED TIME RECORD YEAR NORMAL DEPARTURE LAST VALUE (LST) VALUE VALUE FROM YEAR NORMAL .................................................................. TEMPERATURE (F) YESTERDAY MAXIMUM 67 1159 PM 83 1947 55 12 48 MINIMUM 34 657 AM 23 1976 39 -5 37 AVERAGE 51 47 4 43 PRECIPITATION (IN) YESTERDAY T 1.01 1954 0.12 -0.12 0.00 MONTH TO DATE 4.40 3.08 1.32 5.77 SINCE SEP 1 7.53 6.98 0.55 9.30 SINCE JAN 1 37.47 32.14 5.33 36.93 SNOWFALL (IN) YESTERDAY 0.0 0.1 1934 0.1 -0.1 0.0 MONTH TO DATE T 0.7 -0.7 T SINCE SEP 1 T 0.7 -0.7 T SINCE JUL 1 T 0.7 -0.7 T SNOW DEPTH 0 DEGREE DAYS HEATING YESTERDAY 14 18 -4 22 MONTH TO DATE 304 368 -64 264 SINCE SEP 1 412 503 -91 416 SINCE JUL 1 434 530 -96 432 COOLING YESTERDAY 0 0 0 0 MONTH TO DATE 8 0 8 8 SINCE SEP 1 69 53 16 59 SINCE JAN 1 515 540 -25 611 .................................................................. WIND (MPH) HIGHEST WIND SPEED 13 HIGHEST WIND DIRECTION S (200) HIGHEST GUST SPEED 17 HIGHEST GUST DIRECTION SW (210) AVERAGE WIND SPEED 5.5 SKY COVER AVERAGE SKY COVER 0.5 WEATHER CONDITIONS THE FOLLOWING WEATHER WAS RECORDED YESTERDAY. NO SIGNIFICANT WEATHER WAS OBSERVED. RELATIVE HUMIDITY (PERCENT) HIGHEST 96 700 AM LOWEST 42 300 PM AVERAGE 69 .......................................................... THE BUFFALO NY CLIMATE NORMALS FOR TODAY NORMAL RECORD YEAR MAXIMUM TEMPERATURE (F) 55 74 1946 MINIMUM TEMPERATURE (F) 39 26 1925 SUNRISE AND SUNSET OCTOBER 28 2014.......SUNRISE 744 AM EDT SUNSET 613 PM EDT OCTOBER 29 2014.......SUNRISE 745 AM EDT SUNSET 611 PM EDT - INDICATES NEGATIVE NUMBERS. R INDICATES RECORD WAS SET OR TIED. MM INDICATES DATA IS MISSING. T INDICATES TRACE AMOUNT."
[
    [ 0] "TEMPERATURE (F) YESTERDAY MAXIMUM 67 1159",
    [ 1] "PM 83 1947 55 12 48",
    [ 2] "MINIMUM 34 657",
    [ 3] "AM 23 1976 39 -5 37",
    [ 4] "AVERAGE 51 47 4 43",
    [ 5] "PRECIPITATION (IN) YESTERDAY T 1.01 1954 0.12 -0.12 0.00",
    [ 6] "MONTH TO DATE 4.40 3.08 1.32 5.77",
    [ 7] "SINCE SEP 1 7.53 6.98 0.55 9.30",
    [ 8] "SINCE JAN 1 37.47 32.14 5.33 36.93",
    [ 9] "SNOWFALL (IN) YESTERDAY 0.0 0.1 1934 0.1 -0.1 0.0",
    [10] "MONTH TO DATE T 0.7 -0.7",
    [11] "T SINCE SEP 1",
    [12] "T 0.7 -0.7",
    [13] "T SINCE JUL 1",
    [14] "T 0.7 -0.7",
    [15] "T SNOW DEPTH 0",
    [16] "DEGREE DAYS HEATING YESTERDAY 14 18 -4 22",
    [17] "MONTH TO DATE 304 368 -64 264",
    [18] "SINCE SEP 1 412 503 -91 416",
    [19] "SINCE JUL 1 434 530 -96 432",
    [20] "COOLING YESTERDAY 0 0 0 0",
    [21] "MONTH TO DATE 8 0 8 8",
    [22] "SINCE SEP 1 69 53 16 59",
    [23] "SINCE JAN 1 515 540 -25 611"
]
