May 5th, 2014
"000 CDUS41 KBUF 061009 CLIBUF CLIMATE REPORT NATIONAL WEATHER SERVICE BUFFALO NY 608 AM EDT TUE MAY 6 2014 ................................... ...THE BUFFALO NY CLIMATE SUMMARY FOR MAY 5 2014... CLIMATE NORMAL PERIOD 1981 TO 2010 CLIMATE RECORD PERIOD 1871 TO 2014 WEATHER ITEM OBSERVED TIME RECORD YEAR NORMAL DEPARTURE LAST VALUE (LST) VALUE VALUE FROM YEAR NORMAL .................................................................. TEMPERATURE (F) YESTERDAY MAXIMUM 56 1231 PM 90 1950 63 -7 78 MINIMUM 37 524 AM 28 1891 44 -7 51 AVERAGE 47 53 -6 65 PRECIPITATION (IN) YESTERDAY 0.00 0.98 1914 0.10 -0.10 0.00 MONTH TO DATE 0.15 0.51 -0.36 0.00 SINCE MAR 1 7.78 6.39 1.39 4.98 SINCE JAN 1 14.56 12.06 2.50 10.53 SNOWFALL (IN) YESTERDAY 0.0 0.1 1973 0.0 0.0 0.0 MONTH TO DATE 0.0 0.1 -0.1 0.0 SINCE MAR 1 25.7 15.7 10.0 10.1 SINCE JUL 1 129.9 94.5 35.4 58.8 SNOW DEPTH 0 DEGREE DAYS HEATING YESTERDAY 18 12 6 0 MONTH TO DATE 88 63 25 0 SINCE MAR 1 1837 1600 237 1538 SINCE JUL 1 6943 6344 599 5858 COOLING YESTERDAY 0 0 0 0 MONTH TO DATE 0 0 0 11 SINCE MAR 1 0 3 -3 11 SINCE JAN 1 0 3 -3 11 .................................................................. WIND (MPH) HIGHEST WIND SPEED 15 HIGHEST WIND DIRECTION SW (240) HIGHEST GUST SPEED 18 HIGHEST GUST DIRECTION SW (240) AVERAGE WIND SPEED 5.9 SKY COVER POSSIBLE SUNSHINE 89 PERCENT AVERAGE SKY COVER 0.5 WEATHER CONDITIONS THE FOLLOWING WEATHER WAS RECORDED YESTERDAY. NO SIGNIFICANT WEATHER WAS OBSERVED. RELATIVE HUMIDITY (PERCENT) HIGHEST 92 600 AM LOWEST 47 300 PM AVERAGE 70 .......................................................... THE BUFFALO NY CLIMATE NORMALS FOR TODAY NORMAL RECORD YEAR MAXIMUM TEMPERATURE (F) 63 88 1959 MINIMUM TEMPERATURE (F) 44 31 1891 SUNRISE AND SUNSET MAY 6 2014...........SUNRISE 602 AM EDT SUNSET 821 PM EDT MAY 7 2014...........SUNRISE 601 AM EDT SUNSET 823 PM EDT - INDICATES NEGATIVE NUMBERS. R INDICATES RECORD WAS SET OR TIED. MM INDICATES DATA IS MISSING. T INDICATES TRACE AMOUNT."
[
    [ 0] "TEMPERATURE (F) YESTERDAY MAXIMUM 56 1231",
    [ 1] "PM 90 1950 63 -7 78",
    [ 2] "MINIMUM 37 524",
    [ 3] "AM 28 1891 44 -7 51",
    [ 4] "AVERAGE 47 53 -6 65",
    [ 5] "PRECIPITATION (IN) YESTERDAY 0.00 0.98 1914 0.10 -0.10 0.00",
    [ 6] "MONTH TO DATE 0.15 0.51 -0.36 0.00",
    [ 7] "SINCE MAR 1 7.78 6.39 1.39 4.98",
    [ 8] "SINCE JAN 1 14.56 12.06 2.50 10.53",
    [ 9] "SNOWFALL (IN) YESTERDAY 0.0 0.1 1973 0.0 0.0 0.0",
    [10] "MONTH TO DATE 0.0 0.1 -0.1 0.0",
    [11] "SINCE MAR 1 25.7 15.7 10.0 10.1",
    [12] "SINCE JUL 1 129.9 94.5 35.4 58.8",
    [13] "SNOW DEPTH 0",
    [14] "DEGREE DAYS HEATING YESTERDAY 18 12 6 0",
    [15] "MONTH TO DATE 88 63 25 0",
    [16] "SINCE MAR 1 1837 1600 237 1538",
    [17] "SINCE JUL 1 6943 6344 599 5858",
    [18] "COOLING YESTERDAY 0 0 0 0",
    [19] "MONTH TO DATE 0 0 0 11",
    [20] "SINCE MAR 1 0 3 -3 11",
    [21] "SINCE JAN 1 0 3 -3 11"
]
