April 26th, 2014
"000 CDUS41 KBUF 271004 CLIBUF CLIMATE REPORT NATIONAL WEATHER SERVICE BUFFALO NY 602 AM EDT SUN APR 27 2014 ................................... ...THE BUFFALO NY CLIMATE SUMMARY FOR APRIL 26 2014... CLIMATE NORMAL PERIOD 1981 TO 2010 CLIMATE RECORD PERIOD 1871 TO 2014 WEATHER ITEM OBSERVED TIME RECORD YEAR NORMAL DEPARTURE LAST VALUE (LST) VALUE VALUE FROM YEAR NORMAL .................................................................. TEMPERATURE (F) YESTERDAY MAXIMUM 47 351 PM 84 1921 60 -13 53 MINIMUM 37 344 AM 23 1919 41 -4 36 AVERAGE 42 50 -8 45 PRECIPITATION (IN) YESTERDAY 0.15 1.71 1885 0.10 0.05 0.00 MONTH TO DATE 3.66 2.62 1.04 3.78 SINCE MAR 1 6.21 5.49 0.72 4.84 SINCE JAN 1 12.99 11.16 1.83 10.39 SNOWFALL (IN) YESTERDAY T 2.4 1919 0.0 0.0 0.0 MONTH TO DATE 1.2 2.6 -1.4 0.3 SINCE MAR 1 25.7 15.5 10.2 10.1 SINCE JUL 1 129.9 94.3 35.6 58.8 SNOW DEPTH 0 DEGREE DAYS HEATING YESTERDAY 23 15 8 20 MONTH TO DATE 510 518 -8 532 SINCE MAR 1 1688 1479 209 1518 SINCE JUL 1 6794 6223 571 5838 COOLING YESTERDAY 0 0 0 0 MONTH TO DATE 0 0 0 0 SINCE MAR 1 0 0 0 0 SINCE JAN 1 0 0 0 0 .................................................................. WIND (MPH) HIGHEST WIND SPEED 17 HIGHEST WIND DIRECTION NW (300) HIGHEST GUST SPEED 24 HIGHEST GUST DIRECTION NW (310) AVERAGE WIND SPEED 10.4 SKY COVER POSSIBLE SUNSHINE 2 PERCENT AVERAGE SKY COVER 0.9 WEATHER CONDITIONS THE FOLLOWING WEATHER WAS RECORDED YESTERDAY. HEAVY RAIN RAIN LIGHT RAIN HAIL FOG HAZE RELATIVE HUMIDITY (PERCENT) HIGHEST 92 1200 AM LOWEST 70 700 PM AVERAGE 81 .......................................................... THE BUFFALO NY CLIMATE NORMALS FOR TODAY NORMAL RECORD YEAR MAXIMUM TEMPERATURE (F) 60 84 1984 MINIMUM TEMPERATURE (F) 41 25 1993 SUNRISE AND SUNSET APRIL 27 2014.........SUNRISE 615 AM EDT SUNSET 811 PM EDT APRIL 28 2014.........SUNRISE 613 AM EDT SUNSET 812 PM EDT - INDICATES NEGATIVE NUMBERS. R INDICATES RECORD WAS SET OR TIED. MM INDICATES DATA IS MISSING. T INDICATES TRACE AMOUNT."
[
    [ 0] "TEMPERATURE (F) YESTERDAY MAXIMUM 47 351",
    [ 1] "PM 84 1921 60 -13 53",
    [ 2] "MINIMUM 37 344",
    [ 3] "AM 23 1919 41 -4 36",
    [ 4] "AVERAGE 42 50 -8 45",
    [ 5] "PRECIPITATION (IN) YESTERDAY 0.15 1.71 1885 0.10 0.05 0.00",
    [ 6] "MONTH TO DATE 3.66 2.62 1.04 3.78",
    [ 7] "SINCE MAR 1 6.21 5.49 0.72 4.84",
    [ 8] "SINCE JAN 1 12.99 11.16 1.83 10.39",
    [ 9] "SNOWFALL (IN) YESTERDAY T 2.4 1919 0.0 0.0 0.0",
    [10] "MONTH TO DATE 1.2 2.6 -1.4 0.3",
    [11] "SINCE MAR 1 25.7 15.5 10.2 10.1",
    [12] "SINCE JUL 1 129.9 94.3 35.6 58.8",
    [13] "SNOW DEPTH 0",
    [14] "DEGREE DAYS HEATING YESTERDAY 23 15 8 20",
    [15] "MONTH TO DATE 510 518 -8 532",
    [16] "SINCE MAR 1 1688 1479 209 1518",
    [17] "SINCE JUL 1 6794 6223 571 5838",
    [18] "COOLING YESTERDAY 0 0 0 0",
    [19] "MONTH TO DATE 0 0 0 0",
    [20] "SINCE MAR 1 0 0 0 0",
    [21] "SINCE JAN 1 0 0 0 0"
]
