April 24th, 2014
"000 CDUS41 KBUF 251002 CLIBUF CLIMATE REPORT NATIONAL WEATHER SERVICE BUFFALO NY 601 AM EDT FRI APR 25 2014 ................................... ...THE BUFFALO NY CLIMATE SUMMARY FOR APRIL 24 2014... CLIMATE NORMAL PERIOD 1981 TO 2010 CLIMATE RECORD PERIOD 1871 TO 2014 WEATHER ITEM OBSERVED TIME RECORD YEAR NORMAL DEPARTURE LAST VALUE (LST) VALUE VALUE FROM YEAR NORMAL .................................................................. TEMPERATURE (F) YESTERDAY MAXIMUM 54 339 PM 87 1957 59 -5 64 MINIMUM 32 519 AM 23 1919 40 -8 37 AVERAGE 43 49 -6 51 PRECIPITATION (IN) YESTERDAY 0.00 0.66 1992 0.09 -0.09 0.41 MONTH TO DATE 3.23 2.43 0.80 3.77 SINCE MAR 1 5.78 5.30 0.48 4.83 SINCE JAN 1 12.56 10.97 1.59 10.38 SNOWFALL (IN) YESTERDAY 0.0 1.2 2005 0.1 -0.1 0.0 MONTH TO DATE 1.2 2.6 -1.4 0.3 SINCE MAR 1 25.7 15.5 10.2 10.1 SINCE JUL 1 129.9 94.3 35.6 58.8 SNOW DEPTH 0 DEGREE DAYS HEATING YESTERDAY 22 16 6 14 MONTH TO DATE 474 488 -14 492 SINCE MAR 1 1652 1449 203 1478 SINCE JUL 1 6758 6193 565 5798 COOLING YESTERDAY 0 0 0 0 MONTH TO DATE 0 0 0 0 SINCE MAR 1 0 0 0 0 SINCE JAN 1 0 0 0 0 .................................................................. WIND (MPH) HIGHEST WIND SPEED 16 HIGHEST WIND DIRECTION SW (220) HIGHEST GUST SPEED 19 HIGHEST GUST DIRECTION NW (330) AVERAGE WIND SPEED 7.9 SKY COVER POSSIBLE SUNSHINE 100 PERCENT AVERAGE SKY COVER 0.2 WEATHER CONDITIONS THE FOLLOWING WEATHER WAS RECORDED YESTERDAY. NO SIGNIFICANT WEATHER WAS OBSERVED. RELATIVE HUMIDITY (PERCENT) HIGHEST 64 100 AM LOWEST 22 500 PM AVERAGE 43 .......................................................... THE BUFFALO NY CLIMATE NORMALS FOR TODAY NORMAL RECORD YEAR MAXIMUM TEMPERATURE (F) 59 87 1957 MINIMUM TEMPERATURE (F) 40 21 1919 SUNRISE AND SUNSET APRIL 25 2014.........SUNRISE 618 AM EDT SUNSET 809 PM EDT APRIL 26 2014.........SUNRISE 616 AM EDT SUNSET 810 PM EDT - INDICATES NEGATIVE NUMBERS. R INDICATES RECORD WAS SET OR TIED. MM INDICATES DATA IS MISSING. T INDICATES TRACE AMOUNT."
[
    [ 0] "TEMPERATURE (F) YESTERDAY MAXIMUM 54 339",
    [ 1] "PM 87 1957 59 -5 64",
    [ 2] "MINIMUM 32 519",
    [ 3] "AM 23 1919 40 -8 37",
    [ 4] "AVERAGE 43 49 -6 51",
    [ 5] "PRECIPITATION (IN) YESTERDAY 0.00 0.66 1992 0.09 -0.09 0.41",
    [ 6] "MONTH TO DATE 3.23 2.43 0.80 3.77",
    [ 7] "SINCE MAR 1 5.78 5.30 0.48 4.83",
    [ 8] "SINCE JAN 1 12.56 10.97 1.59 10.38",
    [ 9] "SNOWFALL (IN) YESTERDAY 0.0 1.2 2005 0.1 -0.1 0.0",
    [10] "MONTH TO DATE 1.2 2.6 -1.4 0.3",
    [11] "SINCE MAR 1 25.7 15.5 10.2 10.1",
    [12] "SINCE JUL 1 129.9 94.3 35.6 58.8",
    [13] "SNOW DEPTH 0",
    [14] "DEGREE DAYS HEATING YESTERDAY 22 16 6 14",
    [15] "MONTH TO DATE 474 488 -14 492",
    [16] "SINCE MAR 1 1652 1449 203 1478",
    [17] "SINCE JUL 1 6758 6193 565 5798",
    [18] "COOLING YESTERDAY 0 0 0 0",
    [19] "MONTH TO DATE 0 0 0 0",
    [20] "SINCE MAR 1 0 0 0 0",
    [21] "SINCE JAN 1 0 0 0 0"
]
