June 2nd, 2014
"000 CDUS41 KBUF 031007 CLIBUF CLIMATE REPORT NATIONAL WEATHER SERVICE BUFFALO NY 606 AM EDT TUE JUN 3 2014 ................................... ...THE BUFFALO NY CLIMATE SUMMARY FOR JUNE 2 2014... CLIMATE NORMAL PERIOD 1981 TO 2010 CLIMATE RECORD PERIOD 1871 TO 2014 WEATHER ITEM OBSERVED TIME RECORD YEAR NORMAL DEPARTURE LAST VALUE (LST) VALUE VALUE FROM YEAR NORMAL .................................................................. TEMPERATURE (F) YESTERDAY MAXIMUM 81 509 PM 87 1919 72 9 72 MINIMUM 66 510 AM 39 1966 53 13 55 1929 AVERAGE 74 62 12 64 PRECIPITATION (IN) YESTERDAY T 1.65 1971 0.12 -0.12 1.12 MONTH TO DATE T 0.25 -0.25 2.21 SINCE JUN 1 T 0.25 -0.25 2.21 SINCE JAN 1 17.53 15.26 2.27 16.31 SNOWFALL (IN) YESTERDAY 0.0 0.0 MM 0.0 0.0 0.0 MONTH TO DATE 0.0 0.0 0.0 0.0 SINCE JUN 1 0.0 0.0 0.0 0.0 SINCE JUL 1 129.9 94.7 35.2 58.8 SNOW DEPTH 0 DEGREE DAYS HEATING YESTERDAY 0 4 -4 1 MONTH TO DATE 0 9 -9 1 SINCE JUN 1 0 9 -9 1 SINCE JUL 1 7097 6562 535 6033 COOLING YESTERDAY 9 2 7 0 MONTH TO DATE 11 4 7 11 SINCE JUN 1 11 4 7 11 SINCE JAN 1 34 30 4 82 .................................................................. WIND (MPH) HIGHEST WIND SPEED 25 HIGHEST WIND DIRECTION SW (240) HIGHEST GUST SPEED 33 HIGHEST GUST DIRECTION SW (220) AVERAGE WIND SPEED 14.7 SKY COVER POSSIBLE SUNSHINE 91 PERCENT AVERAGE SKY COVER 0.4 WEATHER CONDITIONS THE FOLLOWING WEATHER WAS RECORDED YESTERDAY. LIGHT RAIN RELATIVE HUMIDITY (PERCENT) HIGHEST 79 1100 PM LOWEST 53 1200 AM AVERAGE 66 .......................................................... THE BUFFALO NY CLIMATE NORMALS FOR TODAY NORMAL RECORD YEAR MAXIMUM TEMPERATURE (F) 72 94 1919 MINIMUM TEMPERATURE (F) 54 38 1986 SUNRISE AND SUNSET JUNE 3 2014..........SUNRISE 538 AM EDT SUNSET 849 PM EDT JUNE 4 2014..........SUNRISE 537 AM EDT SUNSET 849 PM EDT - INDICATES NEGATIVE NUMBERS. R INDICATES RECORD WAS SET OR TIED. MM INDICATES DATA IS MISSING. T INDICATES TRACE AMOUNT."
[
    [ 0] "TEMPERATURE (F) YESTERDAY MAXIMUM 81 509",
    [ 1] "PM 87 1919 72 9 72",
    [ 2] "MINIMUM 66 510",
    [ 3] "AM 39 1966 53 13 55 1929",
    [ 4] "AVERAGE 74 62 12 64",
    [ 5] "PRECIPITATION (IN) YESTERDAY T 1.65 1971 0.12 -0.12 1.12",
    [ 6] "MONTH TO DATE T 0.25 -0.25 2.21",
    [ 7] "SINCE JUN 1",
    [ 8] "T 0.25 -0.25 2.21",
    [ 9] "SINCE JAN 1 17.53 15.26 2.27 16.31",
    [10] "SNOWFALL (IN) YESTERDAY 0.0 0.0",
    [11] "MM 0.0 0.0 0.0",
    [12] "MONTH TO DATE 0.0 0.0 0.0 0.0",
    [13] "SINCE JUN 1 0.0 0.0 0.0 0.0",
    [14] "SINCE JUL 1 129.9 94.7 35.2 58.8",
    [15] "SNOW DEPTH 0",
    [16] "DEGREE DAYS HEATING YESTERDAY 0 4 -4 1",
    [17] "MONTH TO DATE 0 9 -9 1",
    [18] "SINCE JUN 1 0 9 -9 1",
    [19] "SINCE JUL 1 7097 6562 535 6033",
    [20] "COOLING YESTERDAY 9 2 7 0",
    [21] "MONTH TO DATE 11 4 7 11",
    [22] "SINCE JUN 1 11 4 7 11",
    [23] "SINCE JAN 1 34 30 4 82"
]
