October 14th, 2014
"000 CDUS41 KBUF 151017 CLIBUF CLIMATE REPORT NATIONAL WEATHER SERVICE BUFFALO NY 615 AM EDT WED OCT 15 2014 ................................... ...THE BUFFALO NY CLIMATE SUMMARY FOR OCTOBER 14 2014... CLIMATE NORMAL PERIOD 1981 TO 2010 CLIMATE RECORD PERIOD 1871 TO 2014 WEATHER ITEM OBSERVED TIME RECORD YEAR NORMAL DEPARTURE LAST VALUE (LST) VALUE VALUE FROM YEAR NORMAL .................................................................. TEMPERATURE (F) YESTERDAY MAXIMUM 80 1148 AM 85 1954 60 20 64 MINIMUM 60 249 AM 28 1993 43 17 48 AVERAGE 70 51 19 56 PRECIPITATION (IN) YESTERDAY T 1.67 1955 0.11 -0.11 0.05 MONTH TO DATE 3.23 1.70 1.53 2.65 SINCE SEP 1 6.36 5.60 0.76 6.18 SINCE JAN 1 36.30 30.76 5.54 33.81 SNOWFALL (IN) YESTERDAY 0.0 T 1983 0.0 0.0 0.0 MONTH TO DATE T 0.2 -0.2 0.0 SINCE SEP 1 T 0.2 -0.2 0.0 SINCE JUL 1 T 0.2 -0.2 0.0 SNOW DEPTH 0 DEGREE DAYS HEATING YESTERDAY 0 14 -14 9 MONTH TO DATE 129 161 -32 57 SINCE SEP 1 237 296 -59 209 SINCE JUL 1 259 323 -64 225 COOLING YESTERDAY 5 0 5 0 MONTH TO DATE 8 0 8 8 SINCE SEP 1 69 53 16 59 SINCE JAN 1 515 540 -25 611 .................................................................. WIND (MPH) HIGHEST WIND SPEED 30 HIGHEST WIND DIRECTION S (160) HIGHEST GUST SPEED 39 HIGHEST GUST DIRECTION S (180) AVERAGE WIND SPEED 17.3 SKY COVER AVERAGE SKY COVER 0.8 WEATHER CONDITIONS THE FOLLOWING WEATHER WAS RECORDED YESTERDAY. NO SIGNIFICANT WEATHER WAS OBSERVED. RELATIVE HUMIDITY (PERCENT) HIGHEST 78 1200 AM LOWEST 48 300 PM AVERAGE 63 .......................................................... THE BUFFALO NY CLIMATE NORMALS FOR TODAY NORMAL RECORD YEAR MAXIMUM TEMPERATURE (F) 59 80 1962 1947 MINIMUM TEMPERATURE (F) 43 25 1876 SUNRISE AND SUNSET OCTOBER 15 2014.......SUNRISE 728 AM EDT SUNSET 632 PM EDT OCTOBER 16 2014.......SUNRISE 730 AM EDT SUNSET 631 PM EDT - INDICATES NEGATIVE NUMBERS. R INDICATES RECORD WAS SET OR TIED. MM INDICATES DATA IS MISSING. T INDICATES TRACE AMOUNT."
[
    [ 0] "TEMPERATURE (F) YESTERDAY MAXIMUM 80 1148",
    [ 1] "AM 85 1954 60 20 64",
    [ 2] "MINIMUM 60 249",
    [ 3] "AM 28 1993 43 17 48",
    [ 4] "AVERAGE 70 51 19 56",
    [ 5] "PRECIPITATION (IN) YESTERDAY T 1.67 1955 0.11 -0.11 0.05",
    [ 6] "MONTH TO DATE 3.23 1.70 1.53 2.65",
    [ 7] "SINCE SEP 1 6.36 5.60 0.76 6.18",
    [ 8] "SINCE JAN 1 36.30 30.76 5.54 33.81",
    [ 9] "SNOWFALL (IN) YESTERDAY 0.0",
    [10] "T 1983 0.0 0.0 0.0",
    [11] "MONTH TO DATE T 0.2 -0.2 0.0",
    [12] "SINCE SEP 1",
    [13] "T 0.2 -0.2 0.0",
    [14] "SINCE JUL 1",
    [15] "T 0.2 -0.2 0.0",
    [16] "SNOW DEPTH 0",
    [17] "DEGREE DAYS HEATING YESTERDAY 0 14 -14 9",
    [18] "MONTH TO DATE 129 161 -32 57",
    [19] "SINCE SEP 1 237 296 -59 209",
    [20] "SINCE JUL 1 259 323 -64 225",
    [21] "COOLING YESTERDAY 5 0 5 0",
    [22] "MONTH TO DATE 8 0 8 8",
    [23] "SINCE SEP 1 69 53 16 59",
    [24] "SINCE JAN 1 515 540 -25 611"
]
